Change Component Designator: Old Designator=BOOT0 New Designator=BOOT1
Change Component Designator: Old Designator=C? New Designator=C18
Change Component Designator: Old Designator=C? New Designator=C19
Change Component Designator: Old Designator=C? New Designator=C20
Change Component Designator: Old Designator=D? New Designator=D1
Change Component Designator: Old Designator=D? New Designator=D2
Change Component Designator: Old Designator=D? New Designator=D3
Change Component Designator: Old Designator=D? New Designator=D4
Change Component Designator: Old Designator=D? New Designator=D5
Change Component Designator: Old Designator=D? New Designator=D6
Change Component Designator: Old Designator=GD? New Designator=GD1
Change Component Designator: Old Designator=PM? New Designator=PM1
Change Component Designator: Old Designator=R? New Designator=R3
Change Component Designator: Old Designator=R? New Designator=R4
Change Component Designator: Old Designator=R? New Designator=R5
Change Component Designator: Old Designator=R? New Designator=R7
Change Component Designator: Old Designator=R? New Designator=R8
Change Component Designator: Old Designator=SENS New Designator=SENS1
Change Component Designator: Old Designator=SERV New Designator=SERV1
Change Component Designator: Old Designator=UART_PC? New Designator=UART_PC1
Change Component Designator: Old Designator=USB? New Designator=USB1
