Change Physical Footprint: Designator=BATT Old Footprint=CONN2_SORK_3.5mm New Footprint=CONN2_SORK_3.5mm
Change Physical Footprint: Designator=BH Old Footprint=ONLAB_ELEMTARTO New Footprint=ONLAB_ELEMTARTO
Change Physical Footprint: Designator=BOOT0 Old Footprint=FP_CONN3_TUSKE_254MM New Footprint=FP_CONN3_TUSKE_254MM
Change Physical Footprint: Designator=C1 Old Footprint=FP_0805_CAP_085 New Footprint=FP_0805_CAP_085
Change Physical Footprint: Designator=C2 Old Footprint=FP_0805_CAP_085 New Footprint=FP_0805_CAP_085
Change Physical Footprint: Designator=C3 Old Footprint=FP_0805_CAP_085 New Footprint=FP_0805_CAP_085
Change Physical Footprint: Designator=C4 Old Footprint=FP_0805_CAP_085 New Footprint=FP_0805_CAP_085
Change Physical Footprint: Designator=C5 Old Footprint=FP_0805_CAP_085 New Footprint=FP_0805_CAP_085
Change Physical Footprint: Designator=C6 Old Footprint=FP_0805_CAP_085 New Footprint=FP_0805_CAP_085
Change Physical Footprint: Designator=C7 Old Footprint=FP_0805_CAP_085 New Footprint=FP_0805_CAP_085
Change Physical Footprint: Designator=C8 Old Footprint=FP_0805_CAP_085 New Footprint=FP_0805_CAP_085
Change Physical Footprint: Designator=C9 Old Footprint=FP_0805_CAP_085 New Footprint=FP_0805_CAP_085
Change Physical Footprint: Designator=C10 Old Footprint=FP_0805_CAP_085 New Footprint=FP_0805_CAP_085
Change Physical Footprint: Designator=C11 Old Footprint=FP_0805_CAP_085 New Footprint=FP_0805_CAP_085
Change Physical Footprint: Designator=C12 Old Footprint=FP_0805_CAP_085 New Footprint=FP_0805_CAP_085
Change Physical Footprint: Designator=C13 Old Footprint=FP_0805_CAP_085 New Footprint=FP_0805_CAP_085
Change Physical Footprint: Designator=C14 Old Footprint=FP_0805_CAP_085 New Footprint=FP_0805_CAP_085
Change Physical Footprint: Designator=C15 Old Footprint=FP_0805_CAP_085 New Footprint=FP_0805_CAP_085
Change Physical Footprint: Designator=C16 Old Footprint=FP_0805_CAP_085 New Footprint=FP_0805_CAP_085
Change Physical Footprint: Designator=C17 Old Footprint=FP_0805_CAP_085 New Footprint=FP_0805_CAP_085
Change Physical Footprint: Designator=C18 Old Footprint=FP_0805_CAP_085 New Footprint=FP_0805_CAP_085
Change Physical Footprint: Designator=C19 Old Footprint=FP_0805_CAP_085 New Footprint=FP_0805_CAP_085
Change Physical Footprint: Designator=C20 Old Footprint=FP_0805_CAP_085 New Footprint=FP_0805_CAP_085
Change Physical Footprint: Designator=C21 Old Footprint=FP_0805_CAP_085 New Footprint=FP_0805_CAP_085
Change Physical Footprint: Designator=C22 Old Footprint=FP_0805_CAP_085 New Footprint=FP_0805_CAP_085
Change Physical Footprint: Designator=C23 Old Footprint=FP_0805_CAP_085 New Footprint=FP_0805_CAP_085
Change Physical Footprint: Designator=C24 Old Footprint=FP_0805_CAP_085 New Footprint=FP_0805_CAP_085
Change Physical Footprint: Designator=D1 Old Footprint=FP_SMB New Footprint=FP_SMB
Change Physical Footprint: Designator=D2 Old Footprint=FP_SMB New Footprint=FP_SMB
Change Physical Footprint: Designator=D3 Old Footprint=FP_SMA New Footprint=FP_SMA
Change Physical Footprint: Designator=D4 Old Footprint=FP_SMB New Footprint=FP_SMB
Change Physical Footprint: Designator=D5 Old Footprint=FP_SMB New Footprint=FP_SMB
Change Physical Footprint: Designator=D6 Old Footprint=FP_SMB New Footprint=FP_SMB
Change Physical Footprint: Designator=D7 Old Footprint=FP_SMA New Footprint=FP_SMA
Change Physical Footprint: Designator=D8 Old Footprint=FP_SMB New Footprint=FP_SMB
Change Physical Footprint: Designator=D9 Old Footprint=LED_SMD_0805_BLUE New Footprint=LED_SMD_0805_BLUE
Change Physical Footprint: Designator=D10 Old Footprint=LED_SMD_0805_GREEN New Footprint=LED_SMD_0805_GREEN
Change Physical Footprint: Designator=D11 Old Footprint=LED_SMD_0805_RED New Footprint=LED_SMD_0805_RED
Change Physical Footprint: Designator=DIS Old Footprint=FP_CONN4_TUSKE_254MM New Footprint=FP_CONN4_TUSKE_254MM
Change Physical Footprint: Designator=ESC1 Old Footprint=FP_CONN3_TUSKE_254MM New Footprint=FP_CONN3_TUSKE_254MM
Change Physical Footprint: Designator=ESC2 Old Footprint=FP_CONN3_TUSKE_254MM New Footprint=FP_CONN3_TUSKE_254MM
Change Physical Footprint: Designator=ESC3 Old Footprint=FP_CONN3_TUSKE_254MM New Footprint=FP_CONN3_TUSKE_254MM
Change Physical Footprint: Designator=ESC4 Old Footprint=FP_CONN3_TUSKE_254MM New Footprint=FP_CONN3_TUSKE_254MM
Change Physical Footprint: Designator=ESP32 Old Footprint=ESP32_NODEMCU-32S New Footprint=ESP32_NODEMCU-32S
Change Physical Footprint: Designator=FUSE Old Footprint=ECE BU110 PolyFuse New Footprint=ECE BU110 PolyFuse
Change Physical Footprint: Designator=GD Old Footprint=DIP781W56P254L950H533Q8N New Footprint=DIP781W56P254L950H533Q8N
Change Physical Footprint: Designator=GPS Old Footprint=FP_CONN5_TUSKE_254MM New Footprint=FP_CONN5_TUSKE_254MM
Change Physical Footprint: Designator=IMU Old Footprint=GY-91 New Footprint=GY-91
Change Physical Footprint: Designator=LC Old Footprint=Level converter (4 ch) New Footprint=Level converter (4 ch)
Change Physical Footprint: Designator=LDO Old Footprint=SOT230P700X180-4N New Footprint=SOT230P700X180-4N
Change Physical Footprint: Designator=MAG Old Footprint=GY-271 New Footprint=GY-271
Change Physical Footprint: Designator=O1 Old Footprint=SOP254P1016X400-4N New Footprint=SOP254P1016X400-4N
Change Physical Footprint: Designator=P? Old Footprint=FP_CONN4_TUSKE_254MM New Footprint=FP_CONN4_TUSKE_254MM
Change Physical Footprint: Designator=P? Old Footprint=FP_CONN4_TUSKE_254MM New Footprint=FP_CONN4_TUSKE_254MM
Change Physical Footprint: Designator=PA1 Old Footprint=FP_CONN4_TUSKE_254MM New Footprint=FP_CONN4_TUSKE_254MM
Change Physical Footprint: Designator=PB1 Old Footprint=FP_CONN4_TUSKE_254MM New Footprint=FP_CONN4_TUSKE_254MM
Change Physical Footprint: Designator=PB2 Old Footprint=FP_CONN4_TUSKE_254MM New Footprint=FP_CONN4_TUSKE_254MM
Change Physical Footprint: Designator=PB3 Old Footprint=FP_CONN4_TUSKE_254MM New Footprint=FP_CONN4_TUSKE_254MM
Change Physical Footprint: Designator=PC Old Footprint=FP_CONN2_TUSKE_254MM New Footprint=FP_CONN2_TUSKE_254MM
Change Physical Footprint: Designator=PC1 Old Footprint=FP_CONN4_TUSKE_254MM New Footprint=FP_CONN4_TUSKE_254MM
Change Physical Footprint: Designator=PC2 Old Footprint=FP_CONN4_TUSKE_254MM New Footprint=FP_CONN4_TUSKE_254MM
Change Physical Footprint: Designator=PC3 Old Footprint=FP_CONN4_TUSKE_254MM New Footprint=FP_CONN4_TUSKE_254MM
Change Physical Footprint: Designator=PD1 Old Footprint=FP_CONN4_TUSKE_254MM New Footprint=FP_CONN4_TUSKE_254MM
Change Physical Footprint: Designator=PD2 Old Footprint=FP_CONN4_TUSKE_254MM New Footprint=FP_CONN4_TUSKE_254MM
Change Physical Footprint: Designator=PD3 Old Footprint=FP_CONN4_TUSKE_254MM New Footprint=FP_CONN4_TUSKE_254MM
Change Physical Footprint: Designator=PE1 Old Footprint=FP_CONN4_TUSKE_254MM New Footprint=FP_CONN4_TUSKE_254MM
Change Physical Footprint: Designator=PE2 Old Footprint=FP_CONN4_TUSKE_254MM New Footprint=FP_CONN4_TUSKE_254MM
Change Physical Footprint: Designator=PE3 Old Footprint=FP_CONN4_TUSKE_254MM New Footprint=FP_CONN4_TUSKE_254MM
Change Physical Footprint: Designator=PESP1 Old Footprint=FP_CONN4_TUSKE_254MM New Footprint=FP_CONN4_TUSKE_254MM
Change Physical Footprint: Designator=PESP2 Old Footprint=FP_CONN4_TUSKE_254MM New Footprint=FP_CONN4_TUSKE_254MM
Change Physical Footprint: Designator=PESP3 Old Footprint=FP_CONN4_TUSKE_254MM New Footprint=FP_CONN4_TUSKE_254MM
Change Physical Footprint: Designator=PESP4 Old Footprint=FP_CONN4_TUSKE_254MM New Footprint=FP_CONN4_TUSKE_254MM
Change Physical Footprint: Designator=PESP5 Old Footprint=FP_CONN4_TUSKE_254MM New Footprint=FP_CONN4_TUSKE_254MM
Change Physical Footprint: Designator=PESP6 Old Footprint=FP_CONN4_TUSKE_254MM New Footprint=FP_CONN4_TUSKE_254MM
Change Physical Footprint: Designator=PESP7 Old Footprint=FP_CONN4_TUSKE_254MM New Footprint=FP_CONN4_TUSKE_254MM
Change Physical Footprint: Designator=PESP8 Old Footprint=FP_CONN2_TUSKE_254MM New Footprint=FP_CONN2_TUSKE_254MM
Change Physical Footprint: Designator=PH1 Old Footprint=FP_CONN2_TUSKE_254MM New Footprint=FP_CONN2_TUSKE_254MM
Change Physical Footprint: Designator=PM Old Footprint=TO254P483X1028X2284-3P - extended New Footprint=TO254P483X1028X2284-3P - extended
Change Physical Footprint: Designator=PRST Old Footprint=FP_CONN3_TUSKE_254MM New Footprint=FP_CONN3_TUSKE_254MM
Change Physical Footprint: Designator=R1 Old Footprint=FP_0805_RES New Footprint=FP_0805_RES
Change Physical Footprint: Designator=R2 Old Footprint=FP_0805_RES New Footprint=FP_0805_RES
Change Physical Footprint: Designator=R3 Old Footprint=FP_0805_RES New Footprint=FP_0805_RES
Change Physical Footprint: Designator=R4 Old Footprint=FP_0805_RES New Footprint=FP_0805_RES
Change Physical Footprint: Designator=R5 Old Footprint=FP_0805_RES New Footprint=FP_0805_RES
Change Physical Footprint: Designator=R6 Old Footprint=FP_0805_RES New Footprint=FP_0805_RES
Change Physical Footprint: Designator=R7 Old Footprint=FP_0805_RES New Footprint=FP_0805_RES
Change Physical Footprint: Designator=R8 Old Footprint=FP_0805_RES New Footprint=FP_0805_RES
Change Physical Footprint: Designator=R9 Old Footprint=FP_0805_RES New Footprint=FP_0805_RES
Change Physical Footprint: Designator=R10 Old Footprint=FP_0805_RES New Footprint=FP_0805_RES
Change Physical Footprint: Designator=R11 Old Footprint=FP_0805_RES New Footprint=FP_0805_RES
Change Physical Footprint: Designator=R12 Old Footprint=FP_0805_RES New Footprint=FP_0805_RES
Change Physical Footprint: Designator=RST Old Footprint=FP_BTN_SMD New Footprint=FP_BTN_SMD
Change Physical Footprint: Designator=SENS Old Footprint=FP_CONN3_TUSKE_254MM New Footprint=FP_CONN3_TUSKE_254MM
Change Physical Footprint: Designator=SERV Old Footprint=FP_CONN3_TUSKE_254MM New Footprint=FP_CONN3_TUSKE_254MM
Change Physical Footprint: Designator=STM32 Old Footprint=LQFP100-14x14mm New Footprint=LQFP100-14x14mm
Change Physical Footprint: Designator=USB Old Footprint=USB4056-03-A_REVA2 New Footprint=USB4056-03-A_REVA2
Change Physical Footprint: Designator=VREG Old Footprint=TMU31211 New Footprint=TMU31211
