Change Component Designator: OldDesignator=ESP1 NewDesignator=ESP32
Change Net Name : Old Net Name=NetESP1_2 New Net Name=NetESP32_2
Change Net Name : Old Net Name=NetESP1_3 New Net Name=NetESP32_3
Change Net Name : Old Net Name=NetESP1_4 New Net Name=NetESP32_4
Change Net Name : Old Net Name=NetESP1_5 New Net Name=NetESP32_5
Change Net Name : Old Net Name=NetESP1_6 New Net Name=NetESP32_6
Change Net Name : Old Net Name=NetESP1_7 New Net Name=NetESP32_7
Change Net Name : Old Net Name=NetESP1_8 New Net Name=NetESP32_8
Change Net Name : Old Net Name=NetESP1_9 New Net Name=NetESP32_9
Change Net Name : Old Net Name=NetESP1_10 New Net Name=NetESP32_10
Change Net Name : Old Net Name=NetESP1_11 New Net Name=NetESP32_11
Change Net Name : Old Net Name=NetESP1_12 New Net Name=NetESP32_12
Change Net Name : Old Net Name=NetESP1_13 New Net Name=NetESP32_13
Change Net Name : Old Net Name=NetESP1_15 New Net Name=NetESP32_15
Change Net Name : Old Net Name=NetESP1_16 New Net Name=NetESP32_16
Change Net Name : Old Net Name=NetESP1_17 New Net Name=NetESP32_17
Change Net Name : Old Net Name=NetESP1_18 New Net Name=NetESP32_18
Change Net Name : Old Net Name=NetESP1_21 New Net Name=NetESP32_21
Change Net Name : Old Net Name=NetESP1_22 New Net Name=NetESP32_22
Change Net Name : Old Net Name=NetESP1_23 New Net Name=NetESP32_23
Change Net Name : Old Net Name=NetESP1_24 New Net Name=NetESP32_24
Change Net Name : Old Net Name=NetESP1_25 New Net Name=NetESP32_25
Change Net Name : Old Net Name=NetESP1_27 New Net Name=NetESP32_27
Change Net Name : Old Net Name=NetESP1_28 New Net Name=NetESP32_28
Change Net Name : Old Net Name=NetESP1_29 New Net Name=NetESP32_29
Change Net Name : Old Net Name=NetESP1_30 New Net Name=NetESP32_30
Change Net Name : Old Net Name=NetESP1_31 New Net Name=NetESP32_31
Change Net Name : Old Net Name=NetESP1_32 New Net Name=NetESP32_32
Change Net Name : Old Net Name=NetESP1_33 New Net Name=NetESP32_33
Change Net Name : Old Net Name=NetESP1_34 New Net Name=NetESP32_34
Change Net Name : Old Net Name=NetESP1_35 New Net Name=NetESP32_35
Change Net Name : Old Net Name=NetESP1_36 New Net Name=NetESP32_36
Change Net Name : Old Net Name=NetESP1_37 New Net Name=NetESP32_37
Change Net Name : Old Net Name=NetESP1_38 New Net Name=NetESP32_38
Added Member To Class: ClassName=U_Sensors Member=Component C4 100nF
Added Member To Class: ClassName=U_STM_ESP Member=Component C10 100nF
Added Member To Class: ClassName=U_STM_ESP Member=Component R4 10K
Added Member To Class: ClassName=U_PowerSupply Member=Component R5 1K
