Removed Member From Class: ClassName=STM_ESP Member=C17
Change Component Designator: OldDesignator=BTN1 NewDesignator=RST
Change Component Designator: OldDesignator=C1 NewDesignator=C13
Change Component Designator: OldDesignator=C2 NewDesignator=C14
Change Component Designator: OldDesignator=C3 NewDesignator=C17
Change Component Designator: OldDesignator=C4 NewDesignator=C15
Change Component Designator: OldDesignator=C5 NewDesignator=C16
Change Component Designator: OldDesignator=C6 NewDesignator=C4
Change Component Designator: OldDesignator=C7 NewDesignator=C12
Change Component Designator: OldDesignator=C8 NewDesignator=C1
Change Component Designator: OldDesignator=C9 NewDesignator=C5
Change Component Designator: OldDesignator=C10 NewDesignator=C6
Change Component Designator: OldDesignator=C11 NewDesignator=C7
Change Component Designator: OldDesignator=C12 NewDesignator=C8
Change Component Designator: OldDesignator=C13 NewDesignator=C2
Change Component Designator: OldDesignator=C14 NewDesignator=C9
Change Component Designator: OldDesignator=C15 NewDesignator=C3
Change Component Designator: OldDesignator=C16 NewDesignator=C10
Change Component Designator: OldDesignator=C17 NewDesignator=C11
Change Component Designator: OldDesignator=D1 NewDesignator=D4
Change Component Designator: OldDesignator=D2 NewDesignator=D3
Change Component Designator: OldDesignator=D3 NewDesignator=D1
Change Component Designator: OldDesignator=D4 NewDesignator=D2
Change Component Designator: OldDesignator=D7 NewDesignator=D8
Change Component Designator: OldDesignator=D8 NewDesignator=D7
Change Component Designator: OldDesignator=PD1 NewDesignator=PD3
Change Component Designator: OldDesignator=PD2 NewDesignator=PD1
Change Component Designator: OldDesignator=PD3 NewDesignator=PD2
Change Component Designator: OldDesignator=PE1 NewDesignator=PE2
Change Component Designator: OldDesignator=PE2 NewDesignator=PE3
Change Component Designator: OldDesignator=PE3 NewDesignator=PE1
Change Component Designator: OldDesignator=PESP2 NewDesignator=PESP3
Change Component Designator: OldDesignator=PESP3 NewDesignator=PESP5
Change Component Designator: OldDesignator=PESP4 NewDesignator=PESP7
Change Component Designator: OldDesignator=PESP5 NewDesignator=PESP2
Change Component Designator: OldDesignator=PESP6 NewDesignator=PESP4
Change Component Designator: OldDesignator=PESP7 NewDesignator=PESP6
Change Component Designator: OldDesignator=R1 NewDesignator=R2
Change Component Designator: OldDesignator=R2 NewDesignator=R1
Change Component Designator: OldDesignator=R3 NewDesignator=R4
Change Component Designator: OldDesignator=R4 NewDesignator=R5
Change Component Designator: OldDesignator=R5 NewDesignator=R3
Change Component Designator: OldDesignator=R10 NewDesignator=R12
Change Component Designator: OldDesignator=R11 NewDesignator=R10
Change Component Designator: OldDesignator=R12 NewDesignator=R11
Change Component Designator: OldDesignator=U1 NewDesignator=STM32
Change Net Name : Old Net Name=NetBTN1_3 New Net Name=NetR1_1
Change Net Name : Old Net Name=NetC8_2 New Net Name=NetC1_2
Change Net Name : Old Net Name=NetC10_1 New Net Name=NetC6_1
Change Net Name : Old Net Name=NetC11_1 New Net Name=NetC7_1
Change Net Name : Old Net Name=NetC12_1 New Net Name=NetC8_1
Change Net Name : Old Net Name=NetC13_2 New Net Name=NetC2_2
Change Net Name : Old Net Name=NetC14_1 New Net Name=NetC9_1
Change Net Name : Old Net Name=NetC15_2 New Net Name=NetC3_2
Change Net Name : Old Net Name=NetC16_1 New Net Name=NetC10_1
Change Net Name : Old Net Name=NetC17_1 New Net Name=NetC11_1
Change Net Name : Old Net Name=NetD8_A New Net Name=NetD7_A
Change Net Name : Old Net Name=NetPD1_1 New Net Name=NetPD3_1
Change Net Name : Old Net Name=NetPD1_2 New Net Name=NetPD3_2
Change Net Name : Old Net Name=NetPD1_3 New Net Name=NetPD3_3
Change Net Name : Old Net Name=NetPD1_4 New Net Name=NetPD3_4
Change Net Name : Old Net Name=NetPD2_1 New Net Name=NetPD1_1
Change Net Name : Old Net Name=NetPD2_2 New Net Name=NetPD1_2
Change Net Name : Old Net Name=NetPD2_3 New Net Name=NetPD1_3
Change Net Name : Old Net Name=NetPD2_4 New Net Name=NetPD1_4
Change Net Name : Old Net Name=NetPD3_1 New Net Name=NetPD2_1
Change Net Name : Old Net Name=NetPD3_2 New Net Name=NetPD2_2
Change Net Name : Old Net Name=NetPD3_3 New Net Name=NetPD2_3
Change Net Name : Old Net Name=NetPD3_4 New Net Name=NetPD2_4
Change Net Name : Old Net Name=NetPE1_1 New Net Name=NetPE2_1
Change Net Name : Old Net Name=NetPE1_2 New Net Name=NetPE2_2
Change Net Name : Old Net Name=NetPE1_3 New Net Name=NetPE2_3
Change Net Name : Old Net Name=NetPE1_4 New Net Name=NetPE2_4
Change Net Name : Old Net Name=NetPE2_1 New Net Name=NetPE3_1
Change Net Name : Old Net Name=NetPE3_1 New Net Name=NetPE1_1
Change Net Name : Old Net Name=NetPE3_2 New Net Name=NetPE1_2
Change Net Name : Old Net Name=NetPE3_3 New Net Name=NetPE1_3
Change Net Name : Old Net Name=NetPE3_4 New Net Name=NetPE1_4
Change Net Name : Old Net Name=NetR5_2 New Net Name=NetR3_2
Added Member To Class: ClassName=STM_ESP Member=Component C12 100nF
