Removed Pin From Net: NetName=5V Pin=DIS1-1
Removed Pin From Net: NetName=GND Pin=DIS1-4
Removed Pin From Net: NetName=5V Pin=GPS1-1
Removed Pin From Net: NetName=GND Pin=GPS1-2
Removed Member From Class: ClassName=U_Sensors Member=DIS1
Removed Member From Class: ClassName=U_Sensors Member=GPS1
Change Component Designator: OldDesignator=ESP32S1 NewDesignator=ESP1
Change Component Designator: OldDesignator=P1 NewDesignator=P3
Change Component Designator: OldDesignator=P2 NewDesignator=P4
Change Component Designator: OldDesignator=P3 NewDesignator=P5
Change Component Designator: OldDesignator=P4 NewDesignator=P6
Change Component Designator: OldDesignator=P5 NewDesignator=P7
Change Component Designator: OldDesignator=P6 NewDesignator=P8
Change Component Designator: OldDesignator=P7 NewDesignator=P9
Change Component Designator: OldDesignator=P8 NewDesignator=P10
Change Component Designator: OldDesignator=P9 NewDesignator=P11
Change Component Designator: OldDesignator=P10 NewDesignator=P12
Change Component Designator: OldDesignator=P11 NewDesignator=P13
Change Component Designator: OldDesignator=P12 NewDesignator=P14
Change Component Designator: OldDesignator=P13 NewDesignator=P15
Change Component Designator: OldDesignator=P14 NewDesignator=P16
Change Component Designator: OldDesignator=P15 NewDesignator=P17
Change Component Designator: OldDesignator=P16 NewDesignator=P18
Change Component Designator: OldDesignator=P17 NewDesignator=P19
Change Component Designator: OldDesignator=P18 NewDesignator=P20
Change Component Designator: OldDesignator=P19 NewDesignator=P21
Change Component Designator: OldDesignator=P20 NewDesignator=P22
Change Component Designator: OldDesignator=P21 NewDesignator=P23
Change Component Designator: OldDesignator=P22 NewDesignator=P24
Change Component Designator: OldDesignator=P23 NewDesignator=P25
Change Component Designator: OldDesignator=P24 NewDesignator=P26
Change Component Designator: OldDesignator=P25 NewDesignator=P27
Change Component Designator: OldDesignator=P26 NewDesignator=P28
Change Component Designator: OldDesignator=P27 NewDesignator=P29
Change Component Designator: OldDesignator=P28 NewDesignator=P30
Change Component Designator: OldDesignator=P29 NewDesignator=P32
Change Component Designator: OldDesignator=P30 NewDesignator=P33
Change Component Designator: OldDesignator=P55 NewDesignator=P31
Added Component: Designator=P1(FP_CONN5_TUSKE_254MM)
Add component (AddParameter): Name = "Name"; Value = ""; VariantName = "[No Variations]"
Add component (AddParameter): Name = "Reference"; Value = ""; VariantName = "[No Variations]"
Add component (AddParameter): Name = "Supplier"; Value = ""; VariantName = "[No Variations]"
Added Component: Designator=P2(FP_CONN4_TUSKE_254MM)
Add component (AddParameter): Name = "Name"; Value = ""; VariantName = "[No Variations]"
Add component (AddParameter): Name = "Reference"; Value = ""; VariantName = "[No Variations]"
Add component (AddParameter): Name = "Supplier"; Value = ""; VariantName = "[No Variations]"
Added Pin To Net: NetName=GND Pin=P1-4
Added Pin To Net: NetName=GND Pin=P1-4
Add Pin To Net: Unknown Pin: Pin P1-5
Added Pin To Net: NetName=5V Pin=P2-1
Added Pin To Net: NetName=GND Pin=P2-4
Change Net Name : Old Net Name=NetESP32S1_2 New Net Name=NetESP1_2
Change Net Name : Old Net Name=NetESP32S1_3 New Net Name=NetESP1_3
Change Net Name : Old Net Name=NetESP32S1_4 New Net Name=NetESP1_4
Change Net Name : Old Net Name=NetESP32S1_5 New Net Name=NetESP1_5
Change Net Name : Old Net Name=NetESP32S1_6 New Net Name=NetESP1_6
Change Net Name : Old Net Name=NetESP32S1_7 New Net Name=NetESP1_7
Change Net Name : Old Net Name=NetESP32S1_8 New Net Name=NetESP1_8
Change Net Name : Old Net Name=NetESP32S1_9 New Net Name=NetESP1_9
Change Net Name : Old Net Name=NetESP32S1_10 New Net Name=NetESP1_10
Change Net Name : Old Net Name=NetESP32S1_11 New Net Name=NetESP1_11
Change Net Name : Old Net Name=NetESP32S1_12 New Net Name=NetESP1_12
Change Net Name : Old Net Name=NetESP32S1_13 New Net Name=NetESP1_13
Change Net Name : Old Net Name=NetESP32S1_15 New Net Name=NetESP1_15
Change Net Name : Old Net Name=NetESP32S1_16 New Net Name=NetESP1_16
Change Net Name : Old Net Name=NetESP32S1_17 New Net Name=NetESP1_17
Change Net Name : Old Net Name=NetESP32S1_18 New Net Name=NetESP1_18
Change Net Name : Old Net Name=NetESP32S1_21 New Net Name=NetESP1_21
Change Net Name : Old Net Name=NetESP32S1_22 New Net Name=NetESP1_22
Change Net Name : Old Net Name=NetESP32S1_23 New Net Name=NetESP1_23
Change Net Name : Old Net Name=NetESP32S1_24 New Net Name=NetESP1_24
Change Net Name : Old Net Name=NetESP32S1_25 New Net Name=NetESP1_25
Change Net Name : Old Net Name=NetESP32S1_27 New Net Name=NetESP1_27
Change Net Name : Old Net Name=NetESP32S1_28 New Net Name=NetESP1_28
Change Net Name : Old Net Name=NetESP32S1_29 New Net Name=NetESP1_29
Change Net Name : Old Net Name=NetESP32S1_30 New Net Name=NetESP1_30
Change Net Name : Old Net Name=NetESP32S1_31 New Net Name=NetESP1_31
Change Net Name : Old Net Name=NetESP32S1_32 New Net Name=NetESP1_32
Change Net Name : Old Net Name=NetESP32S1_33 New Net Name=NetESP1_33
Change Net Name : Old Net Name=NetESP32S1_34 New Net Name=NetESP1_34
Change Net Name : Old Net Name=NetESP32S1_35 New Net Name=NetESP1_35
Change Net Name : Old Net Name=NetESP32S1_36 New Net Name=NetESP1_36
Change Net Name : Old Net Name=NetESP32S1_37 New Net Name=NetESP1_37
Change Net Name : Old Net Name=NetESP32S1_38 New Net Name=NetESP1_38
Change Net Name : Old Net Name=NetP1_1 New Net Name=NetP3_1
Change Net Name : Old Net Name=NetP1_2 New Net Name=NetP3_2
Change Net Name : Old Net Name=NetP3_1 New Net Name=NetP5_1
Change Net Name : Old Net Name=NetP5_2 New Net Name=NetP7_2
Change Net Name : Old Net Name=NetP5_3 New Net Name=NetP7_3
Change Net Name : Old Net Name=NetP5_4 New Net Name=NetP7_4
Change Net Name : Old Net Name=NetP55_1 New Net Name=NetP31_1
Change Net Name : Old Net Name=NetP55_2 New Net Name=NetP31_2
Added Pin To Net: NetName=NetP1_1 Pin=P1-1
Added Pin To Net: NetName=NetP1_1 Pin=U1-36
Added Net: Name=NetP1_1
Added Pin To Net: NetName=NetP1_2 Pin=P1-2
Added Pin To Net: NetName=NetP1_2 Pin=U1-35
Added Net: Name=NetP1_2
Added Pin To Net: NetName=NetP1_3 Pin=P1-3
Added Pin To Net: NetName=NetP1_3 Pin=U1-34
Added Net: Name=NetP1_3
Added Pin To Net: NetName=NetP2_2 Pin=P2-2
Added Pin To Net: NetName=NetP2_2 Pin=U1-101
Added Net: Name=NetP2_2
Added Pin To Net: NetName=NetP2_3 Pin=P2-3
Added Pin To Net: NetName=NetP2_3 Pin=U1-102
Added Net: Name=NetP2_3
Added Member To Class: ClassName=U_Sensors Member=Component P1 Connector
Added Member To Class: ClassName=U_Sensors Member=Component P2 Connector
Added Room: Name=U_Connectors
Added Room: Name=U_STM_ESP
