Removed Pin From Net: NetName=VBUS Pin=D1-1
Removed Pin From Net: NetName=GND Pin=D1-2
Removed Pin From Net: NetName=UART3_PC_TX Pin=D3-1
Removed Pin From Net: NetName=GND Pin=D3-2
Removed Pin From Net: NetName=UART3_PC_RX Pin=D4-1
Removed Pin From Net: NetName=GND Pin=D4-2
Removed Pin From Net: NetName=CC1 Pin=D5-1
Removed Pin From Net: NetName=GND Pin=D5-2
Removed Pin From Net: NetName=CC2 Pin=D6-1
Removed Pin From Net: NetName=GND Pin=D6-2
Change Component Footprint: Designator=D1 Old Footprint=DIOMELF3515M New Footprint=FP_SMB
Change Component Footprint: Designator=D3 Old Footprint=DIOMELF3515M New Footprint=FP_SMB
Change Component Footprint: Designator=D4 Old Footprint=DIOMELF3515M New Footprint=FP_SMB
Change Component Footprint: Designator=D5 Old Footprint=DIOMELF3515M New Footprint=FP_SMB
Change Component Footprint: Designator=D6 Old Footprint=DIOMELF3515M New Footprint=FP_SMB
Change Component Footprint: Designator=R5 Old Footprint=FP_0603_RES New Footprint=FP_0805_RES
Change Component Footprint: Designator=R6 Old Footprint=FP_0603_RES New Footprint=FP_0805_RES
Change Component Footprint: Designator=R9 Old Footprint=FP_0603_RES New Footprint=FP_0805_RES
Change Component Footprint: Designator=R10 Old Footprint=FP_0603_RES New Footprint=FP_0805_RES
Change Component Footprint: Designator=R11 Old Footprint=FP_0603_RES New Footprint=FP_0805_RES
Added Pin To Net: NetName=GND Pin=D1-A
Added Pin To Net: NetName=VBUS Pin=D1-K
Added Pin To Net: NetName=GND Pin=D3-A
Added Pin To Net: NetName=UART3_PC_TX Pin=D3-K
Added Pin To Net: NetName=GND Pin=D4-A
Added Pin To Net: NetName=UART3_PC_RX Pin=D4-K
Added Pin To Net: NetName=GND Pin=D5-A
Added Pin To Net: NetName=CC1 Pin=D5-K
Added Pin To Net: NetName=GND Pin=D6-A
Added Pin To Net: NetName=CC2 Pin=D6-K
