Removed Pin From Net: NetName=BGND Pin=BATT-2
Removed Pin From Net: NetName=3.3V Pin=BH-+
Removed Pin From Net: NetName=GND Pin=BH--
Removed Pin From Net: NetName=3.3V Pin=BOOT0-1
Removed Pin From Net: NetName=GND Pin=BOOT0-3
Removed Pin From Net: NetName=GND Pin=BTN?-1
Removed Pin From Net: NetName=GND Pin=C3-1
Removed Pin From Net: NetName=5V Pin=C3-2
Removed Pin From Net: NetName=5V Pin=C5-1
Removed Pin From Net: NetName=GND Pin=C5-2
Removed Pin From Net: NetName=3.3V Pin=C8-2
Removed Pin From Net: NetName=GND Pin=C9-1
Removed Pin From Net: NetName=5V Pin=C9-2
Removed Pin From Net: NetName=GND Pin=C10-1
Removed Pin From Net: NetName=GND Pin=C12-1
Removed Pin From Net: NetName=BGND Pin=C14-1
Removed Pin From Net: NetName=12V Pin=C14-2
Remove Pin from Net: Failed to remove Pin
Removed Pin From Net: NetName=GND Pin=C?-1
Remove Pin from Net: Failed to remove Pin
Remove Pin from Net: Failed to remove Pin
Remove Pin from Net: Failed to remove Pin
Remove Pin from Net: Failed to remove Pin
Remove Pin from Net: Failed to remove Pin
Removed Pin From Net: NetName=3.3V Pin=C?-2
Remove Pin from Net: Failed to remove Pin
Remove Pin from Net: Failed to remove Pin
Remove Pin from Net: Failed to remove Pin
Remove Pin from Net: Failed to remove Pin
Remove Pin from Net: Failed to remove Pin
Remove Pin from Net: Failed to remove Pin
Remove Pin from Net: Failed to remove Pin
Remove Pin from Net: Failed to remove Pin
Remove Pin from Net: Failed to remove Pin
Remove Pin from Net: Failed to remove Pin
Removed Pin From Net: NetName=CC1 Pin=D?-1
Remove Pin from Net: Failed to remove Pin
Remove Pin from Net: Failed to remove Pin
Remove Pin from Net: Failed to remove Pin
Remove Pin from Net: Failed to remove Pin
Removed Pin From Net: NetName=GND Pin=D?-2
Remove Pin from Net: Failed to remove Pin
Remove Pin from Net: Failed to remove Pin
Remove Pin from Net: Failed to remove Pin
Remove Pin from Net: Failed to remove Pin
Remove Pin from Net: Unknown Pin: Pin D?-A
Remove Pin from Net: Unknown Pin: Pin D?-A
Remove Pin from Net: Unknown Pin: Pin D?-K
Remove Pin from Net: Unknown Pin: Pin D?-K
Remove Pin from Net: Unknown Pin: Pin D?-K
Remove Pin from Net: Unknown Pin: Pin D?-K
Remove Pin from Net: Unknown Pin: Pin D?-K
Removed Pin From Net: NetName=3.3V Pin=ESP32-1
Removed Pin From Net: NetName=HSPICLK (SPI1_SCK) Pin=ESP32-12
Removed Pin From Net: NetName=HSPIQ (SPI1_MISO) Pin=ESP32-13
Removed Pin From Net: NetName=GND Pin=ESP32-14
Removed Pin From Net: NetName=HSPID (SPI1_MOSI) Pin=ESP32-15
Removed Pin From Net: NetName=5V Pin=ESP32-19
Removed Pin From Net: NetName=GND Pin=ESP32-20
Removed Pin From Net: NetName=GND Pin=ESP32-26
Removed Pin From Net: NetName=HSPICS0 (SPI1_NSS) Pin=ESP32-35
Removed Pin From Net: NetName=11.1V Pin=GD?-1
Removed Pin From Net: NetName=GND Pin=GD?-3
Removed Pin From Net: NetName=GND Pin=GD?-4
Removed Pin From Net: NetName=GND Pin=GD?-5
Removed Pin From Net: NetName=11.1V Pin=GD?-8
Removed Pin From Net: NetName=5V Pin=IMU-1
Removed Pin From Net: NetName=3.3V Pin=IMU-2
Removed Pin From Net: NetName=GND Pin=IMU-3
Removed Pin From Net: NetName=GND Pin=LDO?-1
Removed Pin From Net: NetName=3.3V Pin=LDO?-2
Removed Pin From Net: NetName=5V Pin=LDO?-3
Removed Pin From Net: NetName=3.3V Pin=LDO?-4
Removed Pin From Net: NetName=5V Pin=MAG-1
Removed Pin From Net: NetName=GND Pin=MAG-2
Removed Pin From Net: NetName=5V Pin=PDIS-1
Removed Pin From Net: NetName=GND Pin=PDIS-4
Removed Pin From Net: NetName=GND Pin=PGPS-4
Removed Pin From Net: NetName=5V Pin=PGPS-5
Removed Pin From Net: NetName=NRST Pin=PRST-3
Removed Pin From Net: NetName=12V Pin=R8-2
Removed Pin From Net: NetName=GND Pin=R?-1
Remove Pin from Net: Failed to remove Pin
Remove Pin from Net: Failed to remove Pin
Remove Pin from Net: Failed to remove Pin
Remove Pin from Net: Failed to remove Pin
Remove Pin from Net: Failed to remove Pin
Remove Pin from Net: Failed to remove Pin
Removed Pin From Net: NetName=CC2 Pin=R?-2
Removed Pin From Net: NetName=GND Pin=SENS-1
Removed Pin From Net: NetName=5V Pin=SENS-2
Removed Pin From Net: NetName=GND Pin=SERV-1
Removed Pin From Net: NetName=5V Pin=SERV-2
Remove Pin from Net: Failed to remove Pin
Remove Pin from Net: Failed to remove Pin
Remove Pin from Net: Failed to remove Pin
Remove Pin from Net: Failed to remove Pin
Removed Pin From Net: NetName=NetPH1_4 Pin=U?-13
Removed Pin From Net: NetName=NetPC2_2 Pin=U?-17
Removed Pin From Net: NetName=NetPC2_3 Pin=U?-18
Remove Pin from Net: Failed to remove Pin
Removed Pin From Net: NetName=NetPA1_1 Pin=U?-25
Remove Pin from Net: Failed to remove Pin
Removed Pin From Net: NetName=HSPICS0 (SPI1_NSS) Pin=U?-28
Removed Pin From Net: NetName=HSPICLK (SPI1_SCK) Pin=U?-29
Removed Pin From Net: NetName=HSPIQ (SPI1_MISO) Pin=U?-30
Removed Pin From Net: NetName=HSPID (SPI1_MOSI) Pin=U?-31
Removed Pin From Net: NetName=NetPB1_3 Pin=U?-34
Removed Pin From Net: NetName=NetPB1_4 Pin=U?-35
Removed Pin From Net: NetName=NetPC1_1 Pin=U?-46
Remove Pin from Net: Failed to remove Pin
Removed Pin From Net: NetName=NetPA1_2 Pin=U?-67
Removed Pin From Net: NetName=NetPA1_4 Pin=U?-70
Removed Pin From Net: NetName=NetPB1_1 Pin=U?-71
Remove Pin from Net: Failed to remove Pin
Removed Pin From Net: NetName=SWCLK Pin=U?-76
Removed Pin From Net: NetName=NetPB1_2 Pin=U?-77
Removed Pin From Net: NetName=SWO Pin=U?-89
Removed Pin From Net: NetName=NetPB2_2 Pin=U?-90
Removed Pin From Net: NetName=NetPB2_3 Pin=U?-91
Removed Pin From Net: NetName=NetR6_2 Pin=U?-94
Removed Pin From Net: NetName=NetPB2_4 Pin=U?-96
Remove Pin from Net: Failed to remove Pin
Removed Pin From Net: NetName=UART3_PC_TX Pin=UART_PC?-1
Removed Pin From Net: NetName=UART3_PC_RX Pin=UART_PC?-2
Removed Pin From Net: NetName=GND Pin=USB?-A1
Removed Pin From Net: NetName=SWDIO Pin=USB?-A2
Removed Pin From Net: NetName=SWCLK Pin=USB?-A3
Removed Pin From Net: NetName=VBUS Pin=USB?-A4
Removed Pin From Net: NetName=CC1 Pin=USB?-A5
Removed Pin From Net: NetName=UART3_PC_TX Pin=USB?-A6
Removed Pin From Net: NetName=UART3_PC_RX Pin=USB?-A7
Removed Pin From Net: NetName=VBUS Pin=USB?-A9
Removed Pin From Net: NetName=NRST Pin=USB?-A10
Removed Pin From Net: NetName=SWO Pin=USB?-A11
Removed Pin From Net: NetName=GND Pin=USB?-A12
Removed Pin From Net: NetName=GND Pin=USB?-B1
Removed Pin From Net: NetName=SWDIO Pin=USB?-B2
Removed Pin From Net: NetName=SWCLK Pin=USB?-B3
Removed Pin From Net: NetName=VBUS Pin=USB?-B4
Removed Pin From Net: NetName=CC2 Pin=USB?-B5
Removed Pin From Net: NetName=UART3_PC_TX Pin=USB?-B6
Removed Pin From Net: NetName=UART3_PC_RX Pin=USB?-B7
Removed Pin From Net: NetName=VBUS Pin=USB?-B9
Removed Pin From Net: NetName=NRST Pin=USB?-B10
Removed Pin From Net: NetName=SWO Pin=USB?-B11
Removed Pin From Net: NetName=GND Pin=USB?-B12
Removed Pin From Net: NetName=GND Pin=USB?-MH1
Removed Pin From Net: NetName=GND Pin=USB?-MH2
Removed Pin From Net: NetName=GND Pin=USB?-MH3
Removed Pin From Net: NetName=GND Pin=USB?-MH4
Removed Pin From Net: NetName=BGND Pin=VREG?-1
Removed Pin From Net: NetName=12V Pin=VREG?-2
Removed Pin From Net: NetName=GND Pin=VREG?-3
Removed Pin From Net: NetName=5V Pin=VREG?-4
Removed Member From Class: ClassName=U_STM_ESP Member=BH
Removed Member From Class: ClassName=U_Connectors Member=BOOT0
Removed Member From Class: ClassName=U_STM_ESP Member=BTN?
Removed Member From Class: ClassName=U_Connectors Member=C?
Removed Member From Class: ClassName=U_STM_ESP Member=C?
Removed Member From Class: ClassName=U_Connectors Member=D?
Removed Member From Class: ClassName=U_STM_ESP Member=ESP32
Removed Member From Class: ClassName=U_Connectors Member=GD?
Removed Member From Class: ClassName=U_Sensors Member=IMU
Removed Member From Class: ClassName=U_Sensors Member=MAG
Removed Member From Class: ClassName=U_Sensors Member=PDIS
Removed Member From Class: ClassName=U_Sensors Member=PGPS
Removed Member From Class: ClassName=U_Connectors Member=PM?
Removed Member From Class: ClassName=U_STM_ESP Member=PRST
Removed Member From Class: ClassName=U_Connectors Member=R?
Removed Member From Class: ClassName=U_STM_ESP Member=R?
Removed Member From Class: ClassName=U_Connectors Member=SENS
Removed Member From Class: ClassName=U_Connectors Member=SERV
Removed Member From Class: ClassName=U_STM_ESP Member=U?
Removed Member From Class: ClassName=U_Connectors Member=UART_PC?
Removed Member From Class: ClassName=U_Connectors Member=USB?
Change Component Footprint: Designator=R8 Old Footprint=FP_0603_RES New Footprint=FP_0805_RES
Change Component Comment : Designator=R8 Old Comment=1K New Comment=10K
Change Component Comment : Designator=C10 Old Comment=2.2uF New Comment=100nF
Change Component Comment : Designator=C12 Old Comment=2.2uF New Comment=100nF
Change Component Comment : Designator=C8 Old Comment=100nF New Comment=2.2uF
Change component parameters: Designator = "C8" ("C8"); Footprint = "FP_0805_CAP_085"; UniqueID = "\HQHYQCUH" ("\HQHYQCUH")
Change component parameters (AddParameter): Name = "Name"; Value = ""; VariantName = "[No Variations]"
Change component parameters (AddParameter): Name = "Reference"; Value = ""; VariantName = "[No Variations]"
Change component parameters (AddParameter): Name = "Supplier"; Value = ""; VariantName = "[No Variations]"
Change component parameters (AddParameter): Name = "Tolerance"; Value = ""; VariantName = "[No Variations]"
Change component parameters (AddParameter): Name = "Value"; Value = "2.2uF"; VariantName = "[No Variations]"
Change component parameters (AddParameter): Name = "Voltage"; Value = ""; VariantName = "[No Variations]"
Change component parameters: Designator = "C10" ("C10"); Footprint = "FP_0805_CAP_085"; UniqueID = "\RRLDVDDZ" ("\RRLDVDDZ")
Change component parameters (AddParameter): Name = "Name"; Value = ""; VariantName = "[No Variations]"
Change component parameters (AddParameter): Name = "Reference"; Value = ""; VariantName = "[No Variations]"
Change component parameters (AddParameter): Name = "Supplier"; Value = ""; VariantName = "[No Variations]"
Change component parameters (AddParameter): Name = "Tolerance"; Value = ""; VariantName = "[No Variations]"
Change component parameters (AddParameter): Name = "Value"; Value = "100nF"; VariantName = "[No Variations]"
Change component parameters (AddParameter): Name = "Voltage"; Value = ""; VariantName = "[No Variations]"
Change component parameters: Designator = "C12" ("C12"); Footprint = "FP_0805_CAP_085"; UniqueID = "\PIPHYORZ" ("\PIPHYORZ")
Change component parameters (AddParameter): Name = "Name"; Value = ""; VariantName = "[No Variations]"
Change component parameters (AddParameter): Name = "Reference"; Value = ""; VariantName = "[No Variations]"
Change component parameters (AddParameter): Name = "Supplier"; Value = ""; VariantName = "[No Variations]"
Change component parameters (AddParameter): Name = "Tolerance"; Value = ""; VariantName = "[No Variations]"
Change component parameters (AddParameter): Name = "Value"; Value = "100nF"; VariantName = "[No Variations]"
Change component parameters (AddParameter): Name = "Voltage"; Value = ""; VariantName = "[No Variations]"
Change component parameters: Designator = "R8" ("R8"); Footprint = "FP_0603_RES"; UniqueID = "\WAXJGNYC" ("\WAXJGNYC")
Change component parameters (AddParameter): Name = "Name"; Value = ""; VariantName = "[No Variations]"
Change component parameters (AddParameter): Name = "Power"; Value = ""; VariantName = "[No Variations]"
Change component parameters (AddParameter): Name = "Reference"; Value = ""; VariantName = "[No Variations]"
Change component parameters (AddParameter): Name = "Supplier"; Value = ""; VariantName = "[No Variations]"
Change component parameters (AddParameter): Name = "Tolerance"; Value = ""; VariantName = "[No Variations]"
Change component parameters (AddParameter): Name = "Value"; Value = "10K"; VariantName = "[No Variations]"
Added Component: Designator=BATT1(CONN2_SORK_3.5mm)
Add component (AddParameter): Name = "Name"; Value = ""; VariantName = "[No Variations]"
Add component (AddParameter): Name = "Reference"; Value = ""; VariantName = "[No Variations]"
Add component (AddParameter): Name = "Supplier"; Value = ""; VariantName = "[No Variations]"
Added Component: Designator=BH1(ONLAB_ELEMTARTO)
Added Component: Designator=BOOT1(FP_CONN3_TUSKE_254MM)
Add component (AddParameter): Name = "Name"; Value = ""; VariantName = "[No Variations]"
Add component (AddParameter): Name = "Reference"; Value = ""; VariantName = "[No Variations]"
Add component (AddParameter): Name = "Supplier"; Value = ""; VariantName = "[No Variations]"
Added Component: Designator=BTN1(FP_BTN_SMD)
Add component (AddParameter): Name = "Name"; Value = ""; VariantName = "[No Variations]"
Add component (AddParameter): Name = "Reference"; Value = ""; VariantName = "[No Variations]"
Add component (AddParameter): Name = "Supplier"; Value = ""; VariantName = "[No Variations]"
Added Component: Designator=C6(FP_0805_CAP_085)
Add component (AddParameter): Name = "Name"; Value = ""; VariantName = "[No Variations]"
Add component (AddParameter): Name = "Reference"; Value = ""; VariantName = "[No Variations]"
Add component (AddParameter): Name = "Supplier"; Value = ""; VariantName = "[No Variations]"
Add component (AddParameter): Name = "Tolerance"; Value = ""; VariantName = "[No Variations]"
Add component (AddParameter): Name = "Value"; Value = "100nF"; VariantName = "[No Variations]"
Add component (AddParameter): Name = "Voltage"; Value = ""; VariantName = "[No Variations]"
Added Component: Designator=C7(FP_0805_CAP_085)
Add component (AddParameter): Name = "Name"; Value = ""; VariantName = "[No Variations]"
Add component (AddParameter): Name = "Reference"; Value = ""; VariantName = "[No Variations]"
Add component (AddParameter): Name = "Supplier"; Value = ""; VariantName = "[No Variations]"
Add component (AddParameter): Name = "Tolerance"; Value = ""; VariantName = "[No Variations]"
Add component (AddParameter): Name = "Value"; Value = "100nF"; VariantName = "[No Variations]"
Add component (AddParameter): Name = "Voltage"; Value = ""; VariantName = "[No Variations]"
Added Component: Designator=C11(FP_0805_CAP_085)
Add component (AddParameter): Name = "Name"; Value = ""; VariantName = "[No Variations]"
Add component (AddParameter): Name = "Reference"; Value = ""; VariantName = "[No Variations]"
Add component (AddParameter): Name = "Supplier"; Value = ""; VariantName = "[No Variations]"
Add component (AddParameter): Name = "Tolerance"; Value = ""; VariantName = "[No Variations]"
Add component (AddParameter): Name = "Value"; Value = "100nF"; VariantName = "[No Variations]"
Add component (AddParameter): Name = "Voltage"; Value = ""; VariantName = "[No Variations]"
Added Component: Designator=C13(FP_0805_CAP_085)
Add component (AddParameter): Name = "Name"; Value = ""; VariantName = "[No Variations]"
Add component (AddParameter): Name = "Reference"; Value = ""; VariantName = "[No Variations]"
Add component (AddParameter): Name = "Supplier"; Value = ""; VariantName = "[No Variations]"
Add component (AddParameter): Name = "Tolerance"; Value = ""; VariantName = "[No Variations]"
Add component (AddParameter): Name = "Value"; Value = "2.2uF"; VariantName = "[No Variations]"
Add component (AddParameter): Name = "Voltage"; Value = ""; VariantName = "[No Variations]"
Added Component: Designator=C15(FP_0805_CAP_085)
Add component (AddParameter): Name = "Name"; Value = ""; VariantName = "[No Variations]"
Add component (AddParameter): Name = "Reference"; Value = ""; VariantName = "[No Variations]"
Add component (AddParameter): Name = "Supplier"; Value = ""; VariantName = "[No Variations]"
Add component (AddParameter): Name = "Tolerance"; Value = ""; VariantName = "[No Variations]"
Add component (AddParameter): Name = "Value"; Value = "2.2uF"; VariantName = "[No Variations]"
Add component (AddParameter): Name = "Voltage"; Value = ""; VariantName = "[No Variations]"
Added Component: Designator=C16(FP_0805_CAP_085)
Add component (AddParameter): Name = "Name"; Value = ""; VariantName = "[No Variations]"
Add component (AddParameter): Name = "Reference"; Value = ""; VariantName = "[No Variations]"
Add component (AddParameter): Name = "Supplier"; Value = ""; VariantName = "[No Variations]"
Add component (AddParameter): Name = "Tolerance"; Value = ""; VariantName = "[No Variations]"
Add component (AddParameter): Name = "Value"; Value = "100nF"; VariantName = "[No Variations]"
Add component (AddParameter): Name = "Voltage"; Value = ""; VariantName = "[No Variations]"
Added Component: Designator=C17(FP_0805_CAP_085)
Add component (AddParameter): Name = "Name"; Value = ""; VariantName = "[No Variations]"
Add component (AddParameter): Name = "Reference"; Value = ""; VariantName = "[No Variations]"
Add component (AddParameter): Name = "Supplier"; Value = ""; VariantName = "[No Variations]"
Add component (AddParameter): Name = "Tolerance"; Value = ""; VariantName = "[No Variations]"
Add component (AddParameter): Name = "Value"; Value = "100nF"; VariantName = "[No Variations]"
Add component (AddParameter): Name = "Voltage"; Value = ""; VariantName = "[No Variations]"
Added Component: Designator=C18(FP_0805_CAP_085)
Add component (AddParameter): Name = "Name"; Value = ""; VariantName = "[No Variations]"
Add component (AddParameter): Name = "Reference"; Value = ""; VariantName = "[No Variations]"
Add component (AddParameter): Name = "Supplier"; Value = ""; VariantName = "[No Variations]"
Add component (AddParameter): Name = "Tolerance"; Value = ""; VariantName = "[No Variations]"
Add component (AddParameter): Name = "Value"; Value = "100nF"; VariantName = "[No Variations]"
Add component (AddParameter): Name = "Voltage"; Value = ""; VariantName = "[No Variations]"
Added Component: Designator=C19(FP_0805_CAP_085)
Add component (AddParameter): Name = "Name"; Value = ""; VariantName = "[No Variations]"
Add component (AddParameter): Name = "Reference"; Value = ""; VariantName = "[No Variations]"
Add component (AddParameter): Name = "Supplier"; Value = ""; VariantName = "[No Variations]"
Add component (AddParameter): Name = "Tolerance"; Value = ""; VariantName = "[No Variations]"
Add component (AddParameter): Name = "Value"; Value = "4.7µF"; VariantName = "[No Variations]"
Add component (AddParameter): Name = "Voltage"; Value = ""; VariantName = "[No Variations]"
Added Component: Designator=C20(FP_0805_CAP_085)
Add component (AddParameter): Name = "Name"; Value = ""; VariantName = "[No Variations]"
Add component (AddParameter): Name = "Reference"; Value = ""; VariantName = "[No Variations]"
Add component (AddParameter): Name = "Supplier"; Value = ""; VariantName = "[No Variations]"
Add component (AddParameter): Name = "Tolerance"; Value = ""; VariantName = "[No Variations]"
Add component (AddParameter): Name = "Value"; Value = "1nF"; VariantName = "[No Variations]"
Add component (AddParameter): Name = "Voltage"; Value = ""; VariantName = "[No Variations]"
Added Component: Designator=C21(FP_0805_CAP_085)
Add component (AddParameter): Name = "Name"; Value = ""; VariantName = "[No Variations]"
Add component (AddParameter): Name = "Reference"; Value = ""; VariantName = "[No Variations]"
Add component (AddParameter): Name = "Supplier"; Value = ""; VariantName = "[No Variations]"
Add component (AddParameter): Name = "Tolerance"; Value = ""; VariantName = "[No Variations]"
Add component (AddParameter): Name = "Value"; Value = "100nF"; VariantName = "[No Variations]"
Add component (AddParameter): Name = "Voltage"; Value = ""; VariantName = "[No Variations]"
Added Component: Designator=C22(FP_0805_CAP_085)
Add component (AddParameter): Name = "Name"; Value = ""; VariantName = "[No Variations]"
Add component (AddParameter): Name = "Reference"; Value = ""; VariantName = "[No Variations]"
Add component (AddParameter): Name = "Supplier"; Value = ""; VariantName = "[No Variations]"
Add component (AddParameter): Name = "Tolerance"; Value = ""; VariantName = "[No Variations]"
Add component (AddParameter): Name = "Value"; Value = "1uF"; VariantName = "[No Variations]"
Add component (AddParameter): Name = "Voltage"; Value = ""; VariantName = "[No Variations]"
Added Component: Designator=C23(FP_0805_CAP_085)
Add component (AddParameter): Name = "Name"; Value = ""; VariantName = "[No Variations]"
Add component (AddParameter): Name = "Reference"; Value = ""; VariantName = "[No Variations]"
Add component (AddParameter): Name = "Supplier"; Value = ""; VariantName = "[No Variations]"
Add component (AddParameter): Name = "Tolerance"; Value = ""; VariantName = "[No Variations]"
Add component (AddParameter): Name = "Value"; Value = "1uF"; VariantName = "[No Variations]"
Add component (AddParameter): Name = "Voltage"; Value = ""; VariantName = "[No Variations]"
Added Component: Designator=D1(DIOMELF3515M)
Add component (AddParameter): Name = "Name"; Value = ""; VariantName = "[No Variations]"
Add component (AddParameter): Name = "Reference"; Value = ""; VariantName = "[No Variations]"
Add component (AddParameter): Name = "Supplier"; Value = ""; VariantName = "[No Variations]"
Added Component: Designator=D2(FP_SMA)
Add component (AddParameter): Name = "Name"; Value = ""; VariantName = "[No Variations]"
Add component (AddParameter): Name = "Reference"; Value = ""; VariantName = "[No Variations]"
Add component (AddParameter): Name = "Supplier"; Value = ""; VariantName = "[No Variations]"
Added Component: Designator=D3(DIOMELF3515M)
Add component (AddParameter): Name = "Name"; Value = ""; VariantName = "[No Variations]"
Add component (AddParameter): Name = "Reference"; Value = ""; VariantName = "[No Variations]"
Add component (AddParameter): Name = "Supplier"; Value = ""; VariantName = "[No Variations]"
Added Component: Designator=D4(DIOMELF3515M)
Add component (AddParameter): Name = "Name"; Value = ""; VariantName = "[No Variations]"
Add component (AddParameter): Name = "Reference"; Value = ""; VariantName = "[No Variations]"
Add component (AddParameter): Name = "Supplier"; Value = ""; VariantName = "[No Variations]"
Added Component: Designator=D5(DIOMELF3515M)
Add component (AddParameter): Name = "Name"; Value = ""; VariantName = "[No Variations]"
Add component (AddParameter): Name = "Reference"; Value = ""; VariantName = "[No Variations]"
Add component (AddParameter): Name = "Supplier"; Value = ""; VariantName = "[No Variations]"
Added Component: Designator=D6(DIOMELF3515M)
Add component (AddParameter): Name = "Name"; Value = ""; VariantName = "[No Variations]"
Add component (AddParameter): Name = "Reference"; Value = ""; VariantName = "[No Variations]"
Add component (AddParameter): Name = "Supplier"; Value = ""; VariantName = "[No Variations]"
Added Component: Designator=D7(FP_SMB)
Add component (AddParameter): Name = "Name"; Value = ""; VariantName = "[No Variations]"
Add component (AddParameter): Name = "Reference"; Value = ""; VariantName = "[No Variations]"
Add component (AddParameter): Name = "Supplier"; Value = ""; VariantName = "[No Variations]"
Added Component: Designator=D8(FP_SMA)
Add component (AddParameter): Name = "Name"; Value = ""; VariantName = "[No Variations]"
Add component (AddParameter): Name = "Reference"; Value = ""; VariantName = "[No Variations]"
Add component (AddParameter): Name = "Supplier"; Value = ""; VariantName = "[No Variations]"
Added Component: Designator=D9(LED_SMD_0805_BLUE)
Add component (AddParameter): Name = "I_max"; Value = ""; VariantName = "[No Variations]"
Add component (AddParameter): Name = "Name"; Value = ""; VariantName = "[No Variations]"
Add component (AddParameter): Name = "Reference"; Value = ""; VariantName = "[No Variations]"
Add component (AddParameter): Name = "Supplier"; Value = ""; VariantName = "[No Variations]"
Add component (AddParameter): Name = "U_fw"; Value = ""; VariantName = "[No Variations]"
Added Component: Designator=D10(LED_SMD_0805_GREEN)
Add component (AddParameter): Name = "I_max"; Value = ""; VariantName = "[No Variations]"
Add component (AddParameter): Name = "Name"; Value = ""; VariantName = "[No Variations]"
Add component (AddParameter): Name = "Reference"; Value = ""; VariantName = "[No Variations]"
Add component (AddParameter): Name = "Supplier"; Value = ""; VariantName = "[No Variations]"
Add component (AddParameter): Name = "U_fw"; Value = ""; VariantName = "[No Variations]"
Added Component: Designator=D11(LED_SMD_0805_RED)
Add component (AddParameter): Name = "I_max"; Value = ""; VariantName = "[No Variations]"
Add component (AddParameter): Name = "Name"; Value = ""; VariantName = "[No Variations]"
Add component (AddParameter): Name = "Reference"; Value = ""; VariantName = "[No Variations]"
Add component (AddParameter): Name = "Supplier"; Value = ""; VariantName = "[No Variations]"
Add component (AddParameter): Name = "U_fw"; Value = ""; VariantName = "[No Variations]"
Added Component: Designator=ESP1(ESP32_NODEMCU-32S)
Added Component: Designator=FUSE1(ECE BU110 PolyFuse)
Add component (AddParameter): Name = "Name"; Value = ""; VariantName = "[No Variations]"
Add component (AddParameter): Name = "Reference"; Value = ""; VariantName = "[No Variations]"
Add component (AddParameter): Name = "Supplier"; Value = ""; VariantName = "[No Variations]"
Added Component: Designator=GD1(DIP781W56P254L950H533Q8N)
Add component (AddParameter): Name = "Datasheet Link"; Value = "http://ww1.microchip.com/downloads/en/DeviceDoc/21424d.pdf"; VariantName = "[No Variations]"
Add component (AddParameter): Name = "Geometry.Height"; Value = "5.334mm"; VariantName = "[No Variations]"
Add component (AddParameter): Name = "Manufacturer_Name"; Value = "Microchip"; VariantName = "[No Variations]"
Add component (AddParameter): Name = "Manufacturer_Part_Number"; Value = "TC4431VPA"; VariantName = "[No Variations]"
Add component (AddParameter): Name = "Mouser Part Number"; Value = "579-TC4431VPA"; VariantName = "[No Variations]"
Add component (AddParameter): Name = "Mouser Price/Stock"; Value = "https://www.mouser.co.uk/ProductDetail/Microchip-Technology/TC4431VPA?qs=dJbzCyn%252BCFb0mSWY4MWPfw%3D%3D"; VariantName = "[No Variations]"
Added Component: Designator=IMU1(GY-91)
Added Component: Designator=LDO1(SOT230P700X180-4N)
Add component (AddParameter): Name = "Datasheet Link"; Value = "http://www.ti.com/lit/gpn/tlv1117lv"; VariantName = "[No Variations]"
Add component (AddParameter): Name = "Geometry.Height"; Value = "1.8mm"; VariantName = "[No Variations]"
Add component (AddParameter): Name = "Manufacturer_Name"; Value = "Texas Instruments"; VariantName = "[No Variations]"
Add component (AddParameter): Name = "Manufacturer_Part_Number"; Value = "TLV1117LV33DCYR"; VariantName = "[No Variations]"
Add component (AddParameter): Name = "Mouser Part Number"; Value = "595-TLV1117LV33DCYR"; VariantName = "[No Variations]"
Add component (AddParameter): Name = "Mouser Price/Stock"; Value = "https://www.mouser.co.uk/ProductDetail/Texas-Instruments/TLV1117LV33DCYR?qs=tEz3BkPb1rwzXMb8FiWhow%3D%3D"; VariantName = "[No Variations]"
Added Component: Designator=MAG1(GY-271)
Added Component: Designator=PDIS1(FP_CONN4_TUSKE_254MM)
Add component (AddParameter): Name = "Name"; Value = ""; VariantName = "[No Variations]"
Add component (AddParameter): Name = "Reference"; Value = ""; VariantName = "[No Variations]"
Add component (AddParameter): Name = "Supplier"; Value = ""; VariantName = "[No Variations]"
Added Component: Designator=PGPS1(FP_CONN5_TUSKE_254MM)
Add component (AddParameter): Name = "Name"; Value = ""; VariantName = "[No Variations]"
Add component (AddParameter): Name = "Reference"; Value = ""; VariantName = "[No Variations]"
Add component (AddParameter): Name = "Supplier"; Value = ""; VariantName = "[No Variations]"
Added Component: Designator=PM1(TO254P483X1028X2284-3P)
Add component (AddParameter): Name = "Datasheet Link"; Value = "https://m.littelfuse.com/~/media/electronics/datasheets/discrete_mosfets/littelfuse_discrete_mosfets_p-channel_ixt_120p065t_datasheet.pdf.pdf"; VariantName = "[No Variations]"
Add component (AddParameter): Name = "Geometry.Height"; Value = "4.83mm"; VariantName = "[No Variations]"
Add component (AddParameter): Name = "Manufacturer_Name"; Value = "LITTELFUSE"; VariantName = "[No Variations]"
Add component (AddParameter): Name = "Manufacturer_Part_Number"; Value = "IXTP120P065T"; VariantName = "[No Variations]"
Add component (AddParameter): Name = "Mouser Part Number"; Value = "747-IXTP120P065T"; VariantName = "[No Variations]"
Add component (AddParameter): Name = "Mouser Price/Stock"; Value = "https://www.mouser.co.uk/ProductDetail/IXYS/IXTP120P065T?qs=cvHLLyFtoE09fNdm%2Fv8mrw%3D%3D"; VariantName = "[No Variations]"
Added Component: Designator=PRST1(FP_CONN3_TUSKE_254MM)
Add component (AddParameter): Name = "Name"; Value = ""; VariantName = "[No Variations]"
Add component (AddParameter): Name = "Reference"; Value = ""; VariantName = "[No Variations]"
Add component (AddParameter): Name = "Supplier"; Value = ""; VariantName = "[No Variations]"
Added Component: Designator=R1(FP_0805_RES)
Add component (AddParameter): Name = "Name"; Value = ""; VariantName = "[No Variations]"
Add component (AddParameter): Name = "Power"; Value = ""; VariantName = "[No Variations]"
Add component (AddParameter): Name = "Reference"; Value = ""; VariantName = "[No Variations]"
Add component (AddParameter): Name = "Supplier"; Value = ""; VariantName = "[No Variations]"
Add component (AddParameter): Name = "Tolerance"; Value = ""; VariantName = "[No Variations]"
Add component (AddParameter): Name = "Value"; Value = "4K70"; VariantName = "[No Variations]"
Added Component: Designator=R2(FP_0805_RES)
Add component (AddParameter): Name = "Name"; Value = ""; VariantName = "[No Variations]"
Add component (AddParameter): Name = "Power"; Value = ""; VariantName = "[No Variations]"
Add component (AddParameter): Name = "Reference"; Value = ""; VariantName = "[No Variations]"
Add component (AddParameter): Name = "Supplier"; Value = ""; VariantName = "[No Variations]"
Add component (AddParameter): Name = "Tolerance"; Value = ""; VariantName = "[No Variations]"
Add component (AddParameter): Name = "Value"; Value = "10K"; VariantName = "[No Variations]"
Added Component: Designator=R3(FP_0805_RES)
Add component (AddParameter): Name = "Name"; Value = ""; VariantName = "[No Variations]"
Add component (AddParameter): Name = "Power"; Value = ""; VariantName = "[No Variations]"
Add component (AddParameter): Name = "Reference"; Value = ""; VariantName = "[No Variations]"
Add component (AddParameter): Name = "Supplier"; Value = ""; VariantName = "[No Variations]"
Add component (AddParameter): Name = "Tolerance"; Value = ""; VariantName = "[No Variations]"
Add component (AddParameter): Name = "Value"; Value = "5.1K"; VariantName = "[No Variations]"
Added Component: Designator=R4(FP_0805_RES)
Add component (AddParameter): Name = "Name"; Value = ""; VariantName = "[No Variations]"
Add component (AddParameter): Name = "Power"; Value = ""; VariantName = "[No Variations]"
Add component (AddParameter): Name = "Reference"; Value = ""; VariantName = "[No Variations]"
Add component (AddParameter): Name = "Supplier"; Value = ""; VariantName = "[No Variations]"
Add component (AddParameter): Name = "Tolerance"; Value = ""; VariantName = "[No Variations]"
Add component (AddParameter): Name = "Value"; Value = "5.1K"; VariantName = "[No Variations]"
Added Component: Designator=R5(FP_0603_RES)
Add component (AddParameter): Name = "Name"; Value = ""; VariantName = "[No Variations]"
Add component (AddParameter): Name = "Power"; Value = ""; VariantName = "[No Variations]"
Add component (AddParameter): Name = "Reference"; Value = ""; VariantName = "[No Variations]"
Add component (AddParameter): Name = "Supplier"; Value = ""; VariantName = "[No Variations]"
Add component (AddParameter): Name = "Tolerance"; Value = ""; VariantName = "[No Variations]"
Add component (AddParameter): Name = "Value"; Value = "1K"; VariantName = "[No Variations]"
Added Component: Designator=R7(FP_0805_RES)
Add component (AddParameter): Name = "Name"; Value = ""; VariantName = "[No Variations]"
Add component (AddParameter): Name = "Power"; Value = ""; VariantName = "[No Variations]"
Add component (AddParameter): Name = "Reference"; Value = ""; VariantName = "[No Variations]"
Add component (AddParameter): Name = "Supplier"; Value = ""; VariantName = "[No Variations]"
Add component (AddParameter): Name = "Tolerance"; Value = ""; VariantName = "[No Variations]"
Add component (AddParameter): Name = "Value"; Value = "130R"; VariantName = "[No Variations]"
Added Component: Designator=R9(FP_0603_RES)
Add component (AddParameter): Name = "Name"; Value = ""; VariantName = "[No Variations]"
Add component (AddParameter): Name = "Power"; Value = ""; VariantName = "[No Variations]"
Add component (AddParameter): Name = "Reference"; Value = ""; VariantName = "[No Variations]"
Add component (AddParameter): Name = "Supplier"; Value = ""; VariantName = "[No Variations]"
Add component (AddParameter): Name = "Tolerance"; Value = ""; VariantName = "[No Variations]"
Add component (AddParameter): Name = "Value"; Value = "1K"; VariantName = "[No Variations]"
Added Component: Designator=R10(FP_0603_RES)
Add component (AddParameter): Name = "Name"; Value = ""; VariantName = "[No Variations]"
Add component (AddParameter): Name = "Power"; Value = ""; VariantName = "[No Variations]"
Add component (AddParameter): Name = "Reference"; Value = ""; VariantName = "[No Variations]"
Add component (AddParameter): Name = "Supplier"; Value = ""; VariantName = "[No Variations]"
Add component (AddParameter): Name = "Tolerance"; Value = ""; VariantName = "[No Variations]"
Add component (AddParameter): Name = "Value"; Value = "330R"; VariantName = "[No Variations]"
Added Component: Designator=R11(FP_0603_RES)
Add component (AddParameter): Name = "Name"; Value = ""; VariantName = "[No Variations]"
Add component (AddParameter): Name = "Power"; Value = ""; VariantName = "[No Variations]"
Add component (AddParameter): Name = "Reference"; Value = ""; VariantName = "[No Variations]"
Add component (AddParameter): Name = "Supplier"; Value = ""; VariantName = "[No Variations]"
Add component (AddParameter): Name = "Tolerance"; Value = ""; VariantName = "[No Variations]"
Add component (AddParameter): Name = "Value"; Value = "150R"; VariantName = "[No Variations]"
Added Component: Designator=SENS1(FP_CONN3_TUSKE_254MM)
Add component (AddParameter): Name = "Name"; Value = ""; VariantName = "[No Variations]"
Add component (AddParameter): Name = "Reference"; Value = ""; VariantName = "[No Variations]"
Add component (AddParameter): Name = "Supplier"; Value = ""; VariantName = "[No Variations]"
Added Component: Designator=SERV1(FP_CONN3_TUSKE_254MM)
Add component (AddParameter): Name = "Name"; Value = ""; VariantName = "[No Variations]"
Add component (AddParameter): Name = "Reference"; Value = ""; VariantName = "[No Variations]"
Add component (AddParameter): Name = "Supplier"; Value = ""; VariantName = "[No Variations]"
Added Component: Designator=U1(LQFP100-14x14mm)
Add component (AddParameter): Name = "Mfr_Name"; Value = "STMicroelectronics"; VariantName = "[No Variations]"
Add component (AddParameter): Name = "RefDes"; Value = "RefDes"; VariantName = "[No Variations]"
Add component (AddParameter): Name = "Type"; Value = "Type"; VariantName = "[No Variations]"
Added Component: Designator=UART_PC1(FP_CONN2_TUSKE_254MM)
Add component (AddParameter): Name = "Name"; Value = ""; VariantName = "[No Variations]"
Add component (AddParameter): Name = "Reference"; Value = ""; VariantName = "[No Variations]"
Add component (AddParameter): Name = "Supplier"; Value = ""; VariantName = "[No Variations]"
Added Component: Designator=USB1(USB405603A)
Add component (AddParameter): Name = "Datasheet Link"; Value = "https://www.mouser.jp/datasheet/2/837/usb4056-2448808.pdf"; VariantName = "[No Variations]"
Add component (AddParameter): Name = "Geometry.Height"; Value = "3.56mm"; VariantName = "[No Variations]"
Add component (AddParameter): Name = "Manufacturer_Name"; Value = "GCT (GLOBAL CONNECTOR TECHNOLOGY)"; VariantName = "[No Variations]"
Add component (AddParameter): Name = "Manufacturer_Part_Number"; Value = "USB4056-03-A"; VariantName = "[No Variations]"
Add component (AddParameter): Name = "Mouser Part Number"; Value = "640-USB4056-03-A"; VariantName = "[No Variations]"
Add component (AddParameter): Name = "Mouser Price/Stock"; Value = "https://www.mouser.co.uk/ProductDetail/GCT/USB4056-03-A?qs=QNEnbhJQKvbZ7hZzgFEugA%3D%3D"; VariantName = "[No Variations]"
Added Component: Designator=VREG1(TMU31211)
Add component (AddParameter): Name = "Datasheet Link"; Value = "https://tracopower.com/tmu3-datasheet/"; VariantName = "[No Variations]"
Add component (AddParameter): Name = "Geometry.Height"; Value = "10.7mm"; VariantName = "[No Variations]"
Add component (AddParameter): Name = "Manufacturer_Name"; Value = "Traco Power"; VariantName = "[No Variations]"
Add component (AddParameter): Name = "Manufacturer_Part_Number"; Value = "TMU 3-1211"; VariantName = "[No Variations]"
Add component (AddParameter): Name = "Mouser Part Number"; Value = "495-TMU3-1211"; VariantName = "[No Variations]"
Add component (AddParameter): Name = "Mouser Price/Stock"; Value = "https://www.mouser.co.uk/ProductDetail/TRACO-Power/TMU-3-1211?qs=By6Nw2ByBD3GesUHA2ql3Q%3D%3D"; VariantName = "[No Variations]"
Added Pin To Net: NetName=BGND Pin=BATT1-2
Added Pin To Net: NetName=3.3V Pin=BH1-+
Added Pin To Net: NetName=GND Pin=BH1--
Added Pin To Net: NetName=3.3V Pin=BOOT1-1
Added Pin To Net: NetName=GND Pin=BOOT1-3
Added Pin To Net: NetName=GND Pin=BTN1-1
Added Pin To Net: NetName=5V Pin=C3-1
Added Pin To Net: NetName=GND Pin=C3-2
Added Pin To Net: NetName=GND Pin=C5-1
Added Pin To Net: NetName=5V Pin=C5-2
Added Pin To Net: NetName=GND Pin=C6-1
Added Pin To Net: NetName=3.3V Pin=C6-2
Added Pin To Net: NetName=GND Pin=C7-1
Added Pin To Net: NetName=5V Pin=C7-2
Added Pin To Net: NetName=3.3V Pin=C9-1
Added Pin To Net: NetName=GND Pin=C9-2
Added Pin To Net: NetName=GND Pin=C10-2
Added Pin To Net: NetName=GND Pin=C11-2
Added Pin To Net: NetName=GND Pin=C12-2
Added Pin To Net: NetName=GND Pin=C13-1
Added Pin To Net: NetName=GND Pin=C14-2
Added Pin To Net: NetName=GND Pin=C15-1
Added Pin To Net: NetName=GND Pin=C16-2
Added Pin To Net: NetName=GND Pin=C17-2
Added Pin To Net: NetName=GND Pin=C18-1
Added Pin To Net: NetName=5V Pin=C18-2
Added Pin To Net: NetName=GND Pin=C19-1
Added Pin To Net: NetName=11.1V Pin=C19-2
Added Pin To Net: NetName=GND Pin=C20-1
Added Pin To Net: NetName=BGND Pin=C21-1
Added Pin To Net: NetName=12V Pin=C21-2
Added Pin To Net: NetName=GND Pin=C22-1
Added Pin To Net: NetName=5V Pin=C22-2
Added Pin To Net: NetName=GND Pin=C23-1
Added Pin To Net: NetName=3.3V Pin=C23-2
Added Pin To Net: NetName=VBUS Pin=D1-1
Added Pin To Net: NetName=GND Pin=D1-2
Added Pin To Net: NetName=VBUS Pin=D2-A
Added Pin To Net: NetName=5V Pin=D2-K
Added Pin To Net: NetName=UART3_PC_TX Pin=D3-1
Added Pin To Net: NetName=GND Pin=D3-2
Added Pin To Net: NetName=UART3_PC_RX Pin=D4-1
Added Pin To Net: NetName=GND Pin=D4-2
Added Pin To Net: NetName=CC1 Pin=D5-1
Added Pin To Net: NetName=GND Pin=D5-2
Added Pin To Net: NetName=CC2 Pin=D6-1
Added Pin To Net: NetName=GND Pin=D6-2
Added Pin To Net: NetName=BGND Pin=D7-A
Added Pin To Net: NetName=12V Pin=D8-K
Added Pin To Net: NetName=BGND Pin=D9-K
Added Pin To Net: NetName=GND Pin=D10-K
Added Pin To Net: NetName=GND Pin=D11-K
Added Pin To Net: NetName=3.3V Pin=ESP1-1
Added Pin To Net: NetName=HSPICLK (SPI1_SCK) Pin=ESP1-12
Added Pin To Net: NetName=HSPIQ (SPI1_MISO) Pin=ESP1-13
Added Pin To Net: NetName=GND Pin=ESP1-14
Added Pin To Net: NetName=HSPID (SPI1_MOSI) Pin=ESP1-15
Added Pin To Net: NetName=5V Pin=ESP1-19
Added Pin To Net: NetName=GND Pin=ESP1-20
Added Pin To Net: NetName=GND Pin=ESP1-26
Added Pin To Net: NetName=HSPICS0 (SPI1_NSS) Pin=ESP1-35
Added Pin To Net: NetName=11.1V Pin=GD1-1
Added Pin To Net: NetName=GND Pin=GD1-3
Added Pin To Net: NetName=GND Pin=GD1-4
Added Pin To Net: NetName=GND Pin=GD1-5
Added Pin To Net: NetName=11.1V Pin=GD1-8
Added Pin To Net: NetName=5V Pin=IMU1-1
Added Pin To Net: NetName=3.3V Pin=IMU1-2
Added Pin To Net: NetName=GND Pin=IMU1-3
Added Pin To Net: NetName=GND Pin=LDO1-1
Added Pin To Net: NetName=3.3V Pin=LDO1-2
Added Pin To Net: NetName=5V Pin=LDO1-3
Added Pin To Net: NetName=3.3V Pin=LDO1-4
Added Pin To Net: NetName=5V Pin=MAG1-1
Added Pin To Net: NetName=GND Pin=MAG1-2
Added Pin To Net: NetName=5V Pin=PDIS1-1
Added Pin To Net: NetName=GND Pin=PDIS1-4
Added Pin To Net: NetName=GND Pin=PGPS1-4
Added Pin To Net: NetName=5V Pin=PGPS1-5
Added Pin To Net: NetName=NRST Pin=PRST1-3
Added Pin To Net: NetName=3.3V Pin=R2-2
Added Pin To Net: NetName=GND Pin=R3-1
Added Pin To Net: NetName=CC1 Pin=R3-2
Added Pin To Net: NetName=GND Pin=R4-1
Added Pin To Net: NetName=CC2 Pin=R4-2
Added Pin To Net: NetName=GND Pin=R8-1
Added Pin To Net: NetName=12V Pin=R9-2
Added Pin To Net: NetName=5V Pin=R10-2
Added Pin To Net: NetName=3.3V Pin=R11-2
Added Pin To Net: NetName=GND Pin=SENS1-1
Added Pin To Net: NetName=5V Pin=SENS1-2
Added Pin To Net: NetName=GND Pin=SERV1-1
Added Pin To Net: NetName=5V Pin=SERV1-2
Added Pin To Net: NetName=NetPE2_2 Pin=U1-1
Added Pin To Net: NetName=NetPE2_3 Pin=U1-2
Added Pin To Net: NetName=NetPE2_4 Pin=U1-3
Added Pin To Net: NetName=NetPE3_1 Pin=U1-4
Added Pin To Net: NetName=NetPE3_2 Pin=U1-5
Added Pin To Net: NetName=3.3V Pin=U1-6
Added Pin To Net: NetName=NetPC4_2 Pin=U1-7
Added Pin To Net: NetName=NetPC4_3 Pin=U1-8
Added Pin To Net: NetName=NetPC4_4 Pin=U1-9
Added Pin To Net: NetName=GND Pin=U1-10
Added Pin To Net: NetName=3.3V Pin=U1-11
Added Pin To Net: NetName=NetPH1_3 Pin=U1-12
Added Pin To Net: NetName=NetPH1_4 Pin=U1-13
Added Pin To Net: NetName=NetPC1_4 Pin=U1-15
Added Pin To Net: NetName=NetPC2_1 Pin=U1-16
Added Pin To Net: NetName=NetPC2_2 Pin=U1-17
Added Pin To Net: NetName=NetPC2_3 Pin=U1-18
Added Pin To Net: NetName=GND Pin=U1-19
Added Pin To Net: NetName=NetPA1_1 Pin=U1-25
Added Pin To Net: NetName=GND Pin=U1-26
Added Pin To Net: NetName=HSPICS0 (SPI1_NSS) Pin=U1-28
Added Pin To Net: NetName=HSPICLK (SPI1_SCK) Pin=U1-29
Added Pin To Net: NetName=HSPIQ (SPI1_MISO) Pin=U1-30
Added Pin To Net: NetName=HSPID (SPI1_MOSI) Pin=U1-31
Added Pin To Net: NetName=NetPC2_4 Pin=U1-32
Added Pin To Net: NetName=NetPC3_1 Pin=U1-33
Added Pin To Net: NetName=NetPB1_3 Pin=U1-34
Added Pin To Net: NetName=NetPB1_4 Pin=U1-35
Added Pin To Net: NetName=NetPB2_1 Pin=U1-36
Added Pin To Net: NetName=NetPE3_3 Pin=U1-37
Added Pin To Net: NetName=NetPE3_4 Pin=U1-38
Added Pin To Net: NetName=NetESC1_3 Pin=U1-39
Added Pin To Net: NetName=NetPH1_1 Pin=U1-40
Added Pin To Net: NetName=NetESC2_3 Pin=U1-41
Added Pin To Net: NetName=NetPH1_2 Pin=U1-42
Added Pin To Net: NetName=NetESC3_3 Pin=U1-43
Added Pin To Net: NetName=NetESC4_3 Pin=U1-44
Added Pin To Net: NetName=NetPC1_1 Pin=U1-46
Added Pin To Net: NetName=NetPC1_2 Pin=U1-47
Added Pin To Net: NetName=GND Pin=U1-49
Added Pin To Net: NetName=NetPC1_3 Pin=U1-51
Added Pin To Net: NetName=NetPD2_3 Pin=U1-57
Added Pin To Net: NetName=NetPD2_4 Pin=U1-58
Added Pin To Net: NetName=NetPE1_1 Pin=U1-59
Added Pin To Net: NetName=NetPE1_2 Pin=U1-60
Added Pin To Net: NetName=NetPE1_3 Pin=U1-61
Added Pin To Net: NetName=NetPC3_2 Pin=U1-64
Added Pin To Net: NetName=NetPC3_3 Pin=U1-65
Added Pin To Net: NetName=NetPC3_4 Pin=U1-66
Added Pin To Net: NetName=NetPA1_2 Pin=U1-67
Added Pin To Net: NetName=NetPA1_3 Pin=U1-68
Added Pin To Net: NetName=NetPA1_4 Pin=U1-70
Added Pin To Net: NetName=NetPB1_1 Pin=U1-71
Added Pin To Net: NetName=SWDIO Pin=U1-72
Added Pin To Net: NetName=GND Pin=U1-74
Added Pin To Net: NetName=SWCLK Pin=U1-76
Added Pin To Net: NetName=NetPB1_2 Pin=U1-77
Added Pin To Net: NetName=UART3_PC_TX Pin=U1-78
Added Pin To Net: NetName=UART3_PC_RX Pin=U1-79
Added Pin To Net: NetName=NetPC4_1 Pin=U1-80
Added Pin To Net: NetName=NetPD1_1 Pin=U1-81
Added Pin To Net: NetName=NetPD1_2 Pin=U1-82
Added Pin To Net: NetName=NetPD1_3 Pin=U1-83
Added Pin To Net: NetName=NetPD1_4 Pin=U1-84
Added Pin To Net: NetName=NetPD2_1 Pin=U1-85
Added Pin To Net: NetName=NetPD2_2 Pin=U1-88
Added Pin To Net: NetName=SWO Pin=U1-89
Added Pin To Net: NetName=NetPB2_2 Pin=U1-90
Added Pin To Net: NetName=NetPB2_3 Pin=U1-91
Added Pin To Net: NetName=NetR6_2 Pin=U1-94
Added Pin To Net: NetName=NetPB2_4 Pin=U1-96
Added Pin To Net: NetName=NetPE1_4 Pin=U1-97
Added Pin To Net: NetName=NetPE2_1 Pin=U1-98
Added Pin To Net: NetName=GND Pin=U1-99
Added Pin To Net: NetName=UART3_PC_TX Pin=UART_PC1-1
Added Pin To Net: NetName=UART3_PC_RX Pin=UART_PC1-2
Added Pin To Net: NetName=GND Pin=USB1-A1
Added Pin To Net: NetName=SWDIO Pin=USB1-A2
Added Pin To Net: NetName=SWCLK Pin=USB1-A3
Added Pin To Net: NetName=VBUS Pin=USB1-A4
Added Pin To Net: NetName=CC1 Pin=USB1-A5
Added Pin To Net: NetName=UART3_PC_TX Pin=USB1-A6
Added Pin To Net: NetName=UART3_PC_RX Pin=USB1-A7
Added Pin To Net: NetName=VBUS Pin=USB1-A9
Added Pin To Net: NetName=NRST Pin=USB1-A10
Added Pin To Net: NetName=SWO Pin=USB1-A11
Added Pin To Net: NetName=GND Pin=USB1-A12
Added Pin To Net: NetName=GND Pin=USB1-B1
Added Pin To Net: NetName=SWDIO Pin=USB1-B2
Added Pin To Net: NetName=SWCLK Pin=USB1-B3
Added Pin To Net: NetName=VBUS Pin=USB1-B4
Added Pin To Net: NetName=CC2 Pin=USB1-B5
Added Pin To Net: NetName=UART3_PC_TX Pin=USB1-B6
Added Pin To Net: NetName=UART3_PC_RX Pin=USB1-B7
Added Pin To Net: NetName=VBUS Pin=USB1-B9
Added Pin To Net: NetName=NRST Pin=USB1-B10
Added Pin To Net: NetName=SWO Pin=USB1-B11
Added Pin To Net: NetName=GND Pin=USB1-B12
Added Pin To Net: NetName=GND Pin=USB1-MH1
Added Pin To Net: NetName=GND Pin=USB1-MH2
Added Pin To Net: NetName=GND Pin=USB1-MH3
Added Pin To Net: NetName=GND Pin=USB1-MH4
Added Pin To Net: NetName=BGND Pin=VREG1-1
Added Pin To Net: NetName=12V Pin=VREG1-2
Added Pin To Net: NetName=GND Pin=VREG1-3
Added Pin To Net: NetName=5V Pin=VREG1-4
Added Pin To Net: NetName=NetBATT1_1 Pin=BATT1-1
Added Pin To Net: NetName=NetBATT1_1 Pin=D7-K
Added Pin To Net: NetName=NetBATT1_1 Pin=FUSE1-1
Added Net: Name=NetBATT1_1
Added Pin To Net: NetName=NetBOOT1_2 Pin=BOOT1-2
Added Pin To Net: NetName=NetBOOT1_2 Pin=R6-1
Added Net: Name=NetBOOT1_2
Added Pin To Net: NetName=NetBTN1_3 Pin=BTN1-3
Added Pin To Net: NetName=NetBTN1_3 Pin=R1-2
Added Pin To Net: NetName=NetBTN1_3 Pin=R2-1
Added Net: Name=NetBTN1_3
Added Pin To Net: NetName=NetC8_2 Pin=C8-2
Added Pin To Net: NetName=NetC8_2 Pin=PRST1-1
Added Pin To Net: NetName=NetC8_2 Pin=R1-1
Added Net: Name=NetC8_2
Added Pin To Net: NetName=NetC10_1 Pin=C10-1
Added Pin To Net: NetName=NetC10_1 Pin=U1-27
Added Net: Name=NetC10_1
Added Pin To Net: NetName=NetC11_1 Pin=C11-1
Added Pin To Net: NetName=NetC11_1 Pin=U1-50
Added Net: Name=NetC11_1
Added Pin To Net: NetName=NetC12_1 Pin=C12-1
Added Pin To Net: NetName=NetC12_1 Pin=U1-75
Added Net: Name=NetC12_1
Added Pin To Net: NetName=NetC13_2 Pin=C13-2
Added Pin To Net: NetName=NetC13_2 Pin=U1-48
Added Net: Name=NetC13_2
Added Pin To Net: NetName=NetC14_1 Pin=C14-1
Added Pin To Net: NetName=NetC14_1 Pin=U1-100
Added Net: Name=NetC14_1
Added Pin To Net: NetName=NetC15_2 Pin=C15-2
Added Pin To Net: NetName=NetC15_2 Pin=U1-73
Added Net: Name=NetC15_2
Added Pin To Net: NetName=NetC16_1 Pin=C16-1
Added Pin To Net: NetName=NetC16_1 Pin=U1-21
Added Net: Name=NetC16_1
Added Pin To Net: NetName=NetC17_1 Pin=C17-1
Added Pin To Net: NetName=NetC17_1 Pin=U1-20
Added Net: Name=NetC17_1
Added Pin To Net: NetName=NetC20_2 Pin=C20-2
Added Pin To Net: NetName=NetC20_2 Pin=GD1-6
Added Pin To Net: NetName=NetC20_2 Pin=GD1-7
Added Pin To Net: NetName=NetC20_2 Pin=R7-1
Added Net: Name=NetC20_2
Added Pin To Net: NetName=NetD8_A Pin=D8-A
Added Pin To Net: NetName=NetD8_A Pin=FUSE1-2
Added Net: Name=NetD8_A
Added Pin To Net: NetName=NetD9_A Pin=D9-A
Added Pin To Net: NetName=NetD9_A Pin=R9-1
Added Net: Name=NetD9_A
Added Pin To Net: NetName=NetD10_A Pin=D10-A
Added Pin To Net: NetName=NetD10_A Pin=R10-1
Added Net: Name=NetD10_A
Added Pin To Net: NetName=NetD11_A Pin=D11-A
Added Pin To Net: NetName=NetD11_A Pin=R11-1
Added Net: Name=NetD11_A
Added Pin To Net: NetName=NetESP1_2 Pin=ESP1-2
Added Pin To Net: NetName=NetESP1_2 Pin=PESP1-1
Added Net: Name=NetESP1_2
Added Pin To Net: NetName=NetESP1_3 Pin=ESP1-3
Added Pin To Net: NetName=NetESP1_3 Pin=PESP7-4
Added Net: Name=NetESP1_3
Added Pin To Net: NetName=NetESP1_4 Pin=ESP1-4
Added Pin To Net: NetName=NetESP1_4 Pin=PESP8-1
Added Net: Name=NetESP1_4
Added Pin To Net: NetName=NetESP1_5 Pin=ESP1-5
Added Pin To Net: NetName=NetESP1_5 Pin=PESP7-2
Added Net: Name=NetESP1_5
Added Pin To Net: NetName=NetESP1_6 Pin=ESP1-6
Added Pin To Net: NetName=NetESP1_6 Pin=PESP7-3
Added Net: Name=NetESP1_6
Added Pin To Net: NetName=NetESP1_7 Pin=ESP1-7
Added Pin To Net: NetName=NetESP1_7 Pin=PESP6-4
Added Net: Name=NetESP1_7
Added Pin To Net: NetName=NetESP1_8 Pin=ESP1-8
Added Pin To Net: NetName=NetESP1_8 Pin=PESP7-1
Added Net: Name=NetESP1_8
Added Pin To Net: NetName=NetESP1_9 Pin=ESP1-9
Added Pin To Net: NetName=NetESP1_9 Pin=PESP6-1
Added Net: Name=NetESP1_9
Added Pin To Net: NetName=NetESP1_10 Pin=ESP1-10
Added Pin To Net: NetName=NetESP1_10 Pin=PESP6-2
Added Net: Name=NetESP1_10
Added Pin To Net: NetName=NetESP1_11 Pin=ESP1-11
Added Pin To Net: NetName=NetESP1_11 Pin=PESP6-3
Added Net: Name=NetESP1_11
Added Pin To Net: NetName=NetESP1_16 Pin=ESP1-16
Added Pin To Net: NetName=NetESP1_16 Pin=PESP3-3
Added Net: Name=NetESP1_16
Added Pin To Net: NetName=NetESP1_17 Pin=ESP1-17
Added Pin To Net: NetName=NetESP1_17 Pin=PESP3-4
Added Net: Name=NetESP1_17
Added Pin To Net: NetName=NetESP1_18 Pin=ESP1-18
Added Pin To Net: NetName=NetESP1_18 Pin=PESP4-1
Added Net: Name=NetESP1_18
Added Pin To Net: NetName=NetESP1_21 Pin=ESP1-21
Added Pin To Net: NetName=NetESP1_21 Pin=PESP5-4
Added Net: Name=NetESP1_21
Added Pin To Net: NetName=NetESP1_22 Pin=ESP1-22
Added Pin To Net: NetName=NetESP1_22 Pin=PESP5-3
Added Net: Name=NetESP1_22
Added Pin To Net: NetName=NetESP1_23 Pin=ESP1-23
Added Pin To Net: NetName=NetESP1_23 Pin=PESP1-3
Added Net: Name=NetESP1_23
Added Pin To Net: NetName=NetESP1_24 Pin=ESP1-24
Added Pin To Net: NetName=NetESP1_24 Pin=PESP2-1
Added Net: Name=NetESP1_24
Added Pin To Net: NetName=NetESP1_25 Pin=ESP1-25
Added Pin To Net: NetName=NetESP1_25 Pin=PESP5-2
Added Net: Name=NetESP1_25
Added Pin To Net: NetName=NetESP1_27 Pin=ESP1-27
Added Pin To Net: NetName=NetESP1_27 Pin=PESP5-1
Added Net: Name=NetESP1_27
Added Pin To Net: NetName=NetESP1_28 Pin=ESP1-28
Added Pin To Net: NetName=NetESP1_28 Pin=PESP4-4
Added Net: Name=NetESP1_28
Added Pin To Net: NetName=NetESP1_29 Pin=ESP1-29
Added Pin To Net: NetName=NetESP1_29 Pin=PESP2-3
Added Net: Name=NetESP1_29
Added Pin To Net: NetName=NetESP1_30 Pin=ESP1-30
Added Pin To Net: NetName=NetESP1_30 Pin=PESP4-3
Added Net: Name=NetESP1_30
Added Pin To Net: NetName=NetESP1_31 Pin=ESP1-31
Added Pin To Net: NetName=NetESP1_31 Pin=PESP4-2
Added Net: Name=NetESP1_31
Added Pin To Net: NetName=NetESP1_32 Pin=ESP1-32
Added Pin To Net: NetName=NetESP1_32 Pin=PESP2-2
Added Net: Name=NetESP1_32
Added Pin To Net: NetName=NetESP1_33 Pin=ESP1-33
Added Pin To Net: NetName=NetESP1_33 Pin=PESP1-2
Added Net: Name=NetESP1_33
Added Pin To Net: NetName=NetESP1_34 Pin=ESP1-34
Added Pin To Net: NetName=NetESP1_34 Pin=PESP1-4
Added Net: Name=NetESP1_34
Added Pin To Net: NetName=NetESP1_36 Pin=ESP1-36
Added Pin To Net: NetName=NetESP1_36 Pin=PESP3-2
Added Net: Name=NetESP1_36
Added Pin To Net: NetName=NetESP1_37 Pin=ESP1-37
Added Pin To Net: NetName=NetESP1_37 Pin=PESP3-1
Added Net: Name=NetESP1_37
Added Pin To Net: NetName=NetESP1_38 Pin=ESP1-38
Added Pin To Net: NetName=NetESP1_38 Pin=PESP2-4
Added Net: Name=NetESP1_38
Added Pin To Net: NetName=NetGD1_2 Pin=GD1-2
Added Pin To Net: NetName=NetGD1_2 Pin=R5-2
Added Net: Name=NetGD1_2
Added Pin To Net: NetName=NetIMU1_4 Pin=IMU1-4
Added Pin To Net: NetName=NetIMU1_4 Pin=U1-52
Added Net: Name=NetIMU1_4
Added Pin To Net: NetName=NetIMU1_5 Pin=IMU1-5
Added Pin To Net: NetName=NetIMU1_5 Pin=U1-54
Added Net: Name=NetIMU1_5
Added Pin To Net: NetName=NetIMU1_6 Pin=IMU1-6
Added Pin To Net: NetName=NetIMU1_6 Pin=U1-53
Added Net: Name=NetIMU1_6
Added Pin To Net: NetName=NetIMU1_7 Pin=IMU1-7
Added Pin To Net: NetName=NetIMU1_7 Pin=U1-55
Added Net: Name=NetIMU1_7
Added Pin To Net: NetName=NetIMU1_8 Pin=IMU1-8
Added Pin To Net: NetName=NetIMU1_8 Pin=U1-56
Added Net: Name=NetIMU1_8
Added Pin To Net: NetName=NetMAG1_3 Pin=MAG1-3
Added Pin To Net: NetName=NetMAG1_3 Pin=U1-92
Added Net: Name=NetMAG1_3
Added Pin To Net: NetName=NetMAG1_4 Pin=MAG1-4
Added Pin To Net: NetName=NetMAG1_4 Pin=U1-93
Added Net: Name=NetMAG1_4
Added Pin To Net: NetName=NetMAG1_5 Pin=MAG1-5
Added Pin To Net: NetName=NetMAG1_5 Pin=U1-95
Added Net: Name=NetMAG1_5
Added Pin To Net: NetName=NetPDIS1_2 Pin=PDIS1-2
Added Pin To Net: NetName=NetPDIS1_2 Pin=U1-62
Added Net: Name=NetPDIS1_2
Added Pin To Net: NetName=NetPDIS1_3 Pin=PDIS1-3
Added Pin To Net: NetName=NetPDIS1_3 Pin=U1-63
Added Net: Name=NetPDIS1_3
Added Pin To Net: NetName=NetPGPS1_1 Pin=PGPS1-1
Added Pin To Net: NetName=NetPGPS1_1 Pin=U1-24
Added Net: Name=NetPGPS1_1
Added Pin To Net: NetName=NetPGPS1_2 Pin=PGPS1-2
Added Pin To Net: NetName=NetPGPS1_2 Pin=U1-23
Added Net: Name=NetPGPS1_2
Added Pin To Net: NetName=NetPGPS1_3 Pin=PGPS1-3
Added Pin To Net: NetName=NetPGPS1_3 Pin=U1-22
Added Net: Name=NetPGPS1_3
Added Pin To Net: NetName=NetPM1_1 Pin=PM1-1
Added Pin To Net: NetName=NetPM1_1 Pin=R7-2
Added Pin To Net: NetName=NetPM1_1 Pin=R8-2
Added Net: Name=NetPM1_1
Added Pin To Net: NetName=NetPRST1_2 Pin=PRST1-2
Added Pin To Net: NetName=NetPRST1_2 Pin=U1-14
Added Net: Name=NetPRST1_2
Added Pin To Net: NetName=NetR5_1 Pin=R5-1
Added Pin To Net: NetName=NetR5_1 Pin=U1-45
Added Net: Name=NetR5_1
Added Pin To Net: NetName=NetSENS1_3 Pin=SENS1-3
Added Pin To Net: NetName=NetSENS1_3 Pin=U1-86
Added Net: Name=NetSENS1_3
Added Pin To Net: NetName=NetSERV1_3 Pin=SERV1-3
Added Pin To Net: NetName=NetSERV1_3 Pin=U1-87
Added Net: Name=NetSERV1_3
Change Class Name : Old Net Name=U_Connectors New Net Name=Connectors
Change Class Name : Old Net Name=U_Sensors New Net Name=Sensors
Change Class Name : Old Net Name=U_STM_ESP New Net Name=STM_ESP
Added Class: Name=PowerSupply
Added Member To Class: ClassName=STM_ESP Member=Component BH1 Battery Holder
Added Member To Class: ClassName=Connectors Member=Component BOOT1 Connector
Added Member To Class: ClassName=STM_ESP Member=Component BTN1 Button
Added Member To Class: ClassName=STM_ESP Member=Component C6 100nF
Added Member To Class: ClassName=STM_ESP Member=Component C7 100nF
Added Member To Class: ClassName=STM_ESP Member=Component C11 100nF
Added Member To Class: ClassName=STM_ESP Member=Component C13 2.2uF
Added Member To Class: ClassName=STM_ESP Member=Component C14 100nF
Added Member To Class: ClassName=STM_ESP Member=Component C15 2.2uF
Added Member To Class: ClassName=STM_ESP Member=Component C16 100nF
Added Member To Class: ClassName=STM_ESP Member=Component C17 100nF
Added Member To Class: ClassName=Connectors Member=Component C18 100nF
Added Member To Class: ClassName=Connectors Member=Component C19 4.7µF
Added Member To Class: ClassName=Connectors Member=Component C20 1nF
Added Member To Class: ClassName=Connectors Member=Component D1 TVS
Added Member To Class: ClassName=Connectors Member=Component D2 SCHOTTKY
Added Member To Class: ClassName=Connectors Member=Component D3 TVS
Added Member To Class: ClassName=Connectors Member=Component D4 TVS
Added Member To Class: ClassName=Connectors Member=Component D5 TVS
Added Member To Class: ClassName=Connectors Member=Component D6 TVS
Added Member To Class: ClassName=STM_ESP Member=Component ESP1 NodeMCU ESP-32S
Added Member To Class: ClassName=Connectors Member=Component GD1 TC4431VPA
Added Member To Class: ClassName=Sensors Member=Component IMU1 IMU + Barométer
Added Member To Class: ClassName=Sensors Member=Component MAG1 Iránytû, magnetométer
Added Member To Class: ClassName=Sensors Member=Component PDIS1 Connector
Added Member To Class: ClassName=Sensors Member=Component PGPS1 Connector
Added Member To Class: ClassName=Connectors Member=Component PM1 IXTP120P065T
Added Member To Class: ClassName=STM_ESP Member=Component PRST1 Connector
Added Member To Class: ClassName=STM_ESP Member=Component R1 4K70
Added Member To Class: ClassName=STM_ESP Member=Component R2 10K
Added Member To Class: ClassName=Connectors Member=Component R3 5.1K
Added Member To Class: ClassName=Connectors Member=Component R4 5.1K
Added Member To Class: ClassName=Connectors Member=Component R5 1K
Added Member To Class: ClassName=Connectors Member=Component R7 130R
Added Member To Class: ClassName=Connectors Member=Component R8 10K
Added Member To Class: ClassName=Connectors Member=Component SENS1 Connector
Added Member To Class: ClassName=Connectors Member=Component SERV1 Connector
Added Member To Class: ClassName=STM_ESP Member=Component U1 STM32F722VET6
Added Member To Class: ClassName=Connectors Member=Component UART_PC1 Connector
Added Member To Class: ClassName=Connectors Member=Component USB1 USB4056-03-A
