Removed Pin From Net: NetName=GPIO_PA11 Pin=P4-1
Removed Pin From Net: NetName=GPIO_PA12 Pin=P4-2
Removed Pin From Net: NetName=GPIO_PB3 Pin=P5-1
Removed Pin From Net: NetName=GPIO_PB4 Pin=P5-2
Removed Pin From Net: NetName=GPIO_PC10 Pin=P6-1
Removed Pin From Net: NetName=GPIO_PC11 Pin=P6-2
Removed Pin From Net: NetName=GPIO_PA13 Pin=P7-1
Removed Pin From Net: NetName=GPIO_PA14 Pin=P7-2
Removed Pin From Net: NetName=GPIO_PB5 Pin=P8-1
Removed Pin From Net: NetName=GPIO_PC12 Pin=P9-1
Removed Pin From Net: NetName=GPIO_PC13 Pin=P9-2
Removed Pin From Net: NetName=GPIO_PD0 Pin=P10-1
Removed Pin From Net: NetName=GPIO_PD1 Pin=P10-2
Removed Pin From Net: NetName=GPIO_PE0 Pin=P11-1
Removed Pin From Net: NetName=GPIO_PE1 Pin=P11-2
Removed Pin From Net: NetName=GPIO_PF0 Pin=P12-1
Removed Pin From Net: NetName=GPIO_PF1 Pin=P12-2
Removed Pin From Net: NetName=GPIO_PG0 Pin=P13-1
Removed Pin From Net: NetName=GPIO_PG1 Pin=P13-2
Removed Pin From Net: NetName=GPIO_PA15 Pin=P14-1
Removed Pin From Net: NetName=GPIO_PB0 Pin=P14-2
Removed Pin From Net: NetName=GPIO_PC14 Pin=P16-1
Removed Pin From Net: NetName=GPIO_PC15 Pin=P16-2
Removed Pin From Net: NetName=GPIO_PD2 Pin=P17-1
Removed Pin From Net: NetName=GPIO_PD3 Pin=P17-2
Removed Pin From Net: NetName=GPIO_PE2 Pin=P18-1
Removed Pin From Net: NetName=GPIO_PE3 Pin=P18-2
Removed Pin From Net: NetName=GPIO_PF2 Pin=P19-1
Removed Pin From Net: NetName=GPIO_PF3 Pin=P19-2
Removed Pin From Net: NetName=GPIO_PG2 Pin=P20-1
Removed Pin From Net: NetName=GPIO_PG3 Pin=P20-2
Removed Pin From Net: NetName=GPIO_PD4 Pin=P21-1
Removed Pin From Net: NetName=GPIO_PD5 Pin=P21-2
Removed Pin From Net: NetName=GPIO_PE4 Pin=P22-1
Removed Pin From Net: NetName=GPIO_PE5 Pin=P22-2
Removed Pin From Net: NetName=GPIO_PF4 Pin=P23-1
Removed Pin From Net: NetName=GPIO_PF5 Pin=P23-2
Removed Pin From Net: NetName=GPIO_PG4 Pin=P24-1
Removed Pin From Net: NetName=GPIO_PG5 Pin=P24-2
Removed Pin From Net: NetName=GPIO_PD6 Pin=P25-1
Removed Pin From Net: NetName=GPIO_PD7 Pin=P25-2
Removed Pin From Net: NetName=GPIO_PE6 Pin=P26-1
Removed Pin From Net: NetName=GPIO_PE7 Pin=P26-2
Removed Pin From Net: NetName=GPIO_PF6 Pin=P27-1
Removed Pin From Net: NetName=GPIO_PF7 Pin=P27-2
Removed Pin From Net: NetName=GPIO_PG6 Pin=P28-1
Removed Pin From Net: NetName=GPIO_PG7 Pin=P28-2
Removed Pin From Net: NetName=NetESP32S1_2 Pin=P29-1
Removed Pin From Net: NetName=NetESP32S1_33 Pin=P29-2
Removed Pin From Net: NetName=NetESP32S1_27 Pin=P30-1
Removed Pin From Net: NetName=NetESP32S1_25 Pin=P30-2
Removed Pin From Net: NetName=GPIO_PD8 Pin=P31-1
Removed Pin From Net: NetName=GPIO_PD9 Pin=P31-2
Removed Pin From Net: NetName=GPIO_PE8 Pin=P32-1
Removed Pin From Net: NetName=GPIO_PE9 Pin=P32-2
Removed Pin From Net: NetName=GPIO_PF8 Pin=P33-1
Removed Pin From Net: NetName=GPIO_PF9 Pin=P33-2
Removed Pin From Net: NetName=GPIO_PG8 Pin=P34-1
Removed Pin From Net: NetName=GPIO_PG9 Pin=P34-2
Removed Pin From Net: NetName=NetESP32S1_23 Pin=P35-1
Removed Pin From Net: NetName=NetESP32S1_34 Pin=P35-2
Removed Pin From Net: NetName=NetESP32S1_22 Pin=P36-1
Removed Pin From Net: NetName=NetESP32S1_21 Pin=P36-2
Removed Pin From Net: NetName=GPIO_PD10 Pin=P37-1
Removed Pin From Net: NetName=GPIO_PD11 Pin=P37-2
Removed Pin From Net: NetName=GPIO_PE10 Pin=P38-1
Removed Pin From Net: NetName=GPIO_PE11 Pin=P38-2
Removed Pin From Net: NetName=GPIO_PF10 Pin=P39-1
Removed Pin From Net: NetName=GPIO_PF11 Pin=P39-2
Removed Pin From Net: NetName=GPIO_PG10 Pin=P40-1
Removed Pin From Net: NetName=GPIO_PG11 Pin=P40-2
Removed Pin From Net: NetName=NetESP32S1_24 Pin=P41-1
Removed Pin From Net: NetName=NetESP32S1_32 Pin=P41-2
Removed Pin From Net: NetName=NetESP32S1_9 Pin=P42-1
Removed Pin From Net: NetName=NetESP32S1_10 Pin=P42-2
Removed Pin From Net: NetName=GPIO_PD12 Pin=P43-1
Removed Pin From Net: NetName=GPIO_PD13 Pin=P43-2
Removed Pin From Net: NetName=GPIO_PE12 Pin=P44-1
Removed Pin From Net: NetName=GPIO_PE13 Pin=P44-2
Removed Pin From Net: NetName=GPIO_PF12 Pin=P45-1
Removed Pin From Net: NetName=GPIO_PF13 Pin=P45-2
Removed Pin From Net: NetName=GPIO_PG12 Pin=P46-1
Removed Pin From Net: NetName=GPIO_PG13 Pin=P46-2
Removed Pin From Net: NetName=NetESP32S1_29 Pin=P47-1
Removed Pin From Net: NetName=NetESP32S1_38 Pin=P47-2
Removed Pin From Net: NetName=NetESP32S1_11 Pin=P48-1
Removed Pin From Net: NetName=NetESP32S1_7 Pin=P48-2
Removed Pin From Net: NetName=GPIO_PD14 Pin=P49-1
Removed Pin From Net: NetName=GPIO_PD15 Pin=P49-2
Removed Pin From Net: NetName=GPIO_PE14 Pin=P50-1
Removed Pin From Net: NetName=GPIO_PE15 Pin=P50-2
Removed Pin From Net: NetName=GPIO_PF14 Pin=P51-1
Removed Pin From Net: NetName=GPIO_PF15 Pin=P51-2
Removed Pin From Net: NetName=GPIO_PG14 Pin=P52-1
Removed Pin From Net: NetName=GPIO_PG15 Pin=P52-2
Removed Pin From Net: NetName=NetESP32S1_37 Pin=P53-1
Removed Pin From Net: NetName=NetESP32S1_36 Pin=P53-2
Removed Pin From Net: NetName=NetESP32S1_8 Pin=P54-1
Removed Pin From Net: NetName=NetESP32S1_5 Pin=P54-2
Removed Pin From Net: NetName=NetESP32S1_16 Pin=P56-1
Removed Pin From Net: NetName=NetESP32S1_17 Pin=P56-2
Removed Pin From Net: NetName=NetESP32S1_6 Pin=P57-1
Removed Pin From Net: NetName=NetESP32S1_3 Pin=P57-2
Removed Pin From Net: NetName=NetESP32S1_18 Pin=P58-1
Removed Pin From Net: NetName=NetESP32S1_31 Pin=P58-2
Removed Pin From Net: NetName=NetESP32S1_4 Pin=P59-1
Removed Pin From Net: NetName=GND Pin=P59-2
Removed Pin From Net: NetName=NetESP32S1_30 Pin=P60-1
Removed Pin From Net: NetName=NetESP32S1_28 Pin=P60-2
Removed Member From Class: ClassName=U_Connectors Member=P31
Removed Member From Class: ClassName=U_Connectors Member=P32
Removed Member From Class: ClassName=U_Connectors Member=P33
Removed Member From Class: ClassName=U_Connectors Member=P34
Removed Member From Class: ClassName=U_Connectors Member=P35
Removed Member From Class: ClassName=U_Connectors Member=P36
Removed Member From Class: ClassName=U_Connectors Member=P37
Removed Member From Class: ClassName=U_Connectors Member=P38
Removed Member From Class: ClassName=U_Connectors Member=P39
Removed Member From Class: ClassName=U_Connectors Member=P40
Removed Member From Class: ClassName=U_Connectors Member=P41
Removed Member From Class: ClassName=U_Connectors Member=P42
Removed Member From Class: ClassName=U_Connectors Member=P43
Removed Member From Class: ClassName=U_Connectors Member=P44
Removed Member From Class: ClassName=U_Connectors Member=P45
Removed Member From Class: ClassName=U_Connectors Member=P46
Removed Member From Class: ClassName=U_Connectors Member=P47
Removed Member From Class: ClassName=U_Connectors Member=P48
Removed Member From Class: ClassName=U_Connectors Member=P49
Removed Member From Class: ClassName=U_Connectors Member=P50
Removed Member From Class: ClassName=U_Connectors Member=P51
Removed Member From Class: ClassName=U_Connectors Member=P52
Removed Member From Class: ClassName=U_Connectors Member=P53
Removed Member From Class: ClassName=U_Connectors Member=P54
Removed Member From Class: ClassName=U_Connectors Member=P56
Removed Member From Class: ClassName=U_Connectors Member=P57
Removed Member From Class: ClassName=U_Connectors Member=P58
Removed Member From Class: ClassName=U_Connectors Member=P59
Removed Member From Class: ClassName=U_Connectors Member=P60
Change Component Footprint: Designator=P30 Old Footprint=FP_CONN2_TAP_254MM New Footprint=FP_CONN2_TUSKE_254MM
Change Component Footprint: Designator=P55 Old Footprint=FP_CONN2_TAP_254MM New Footprint=FP_CONN2_TUSKE_254MM
Change Component Footprint: Designator=P1 Old Footprint=FP_CONN2_TAP_254MM New Footprint=FP_CONN4_TUSKE_254MM
Change Component Footprint: Designator=P2 Old Footprint=FP_CONN2_TAP_254MM New Footprint=FP_CONN4_TUSKE_254MM
Change Component Footprint: Designator=P3 Old Footprint=FP_CONN2_TAP_254MM New Footprint=FP_CONN4_TUSKE_254MM
Change Component Footprint: Designator=P4 Old Footprint=FP_CONN2_TAP_254MM New Footprint=FP_CONN4_TUSKE_254MM
Change Component Footprint: Designator=P5 Old Footprint=FP_CONN2_TAP_254MM New Footprint=FP_CONN4_TUSKE_254MM
Change Component Footprint: Designator=P6 Old Footprint=FP_CONN2_TAP_254MM New Footprint=FP_CONN4_TUSKE_254MM
Change Component Footprint: Designator=P7 Old Footprint=FP_CONN2_TAP_254MM New Footprint=FP_CONN4_TUSKE_254MM
Change Component Footprint: Designator=P8 Old Footprint=FP_CONN2_TAP_254MM New Footprint=FP_CONN4_TUSKE_254MM
Change Component Footprint: Designator=P9 Old Footprint=FP_CONN2_TAP_254MM New Footprint=FP_CONN4_TUSKE_254MM
Change Component Footprint: Designator=P10 Old Footprint=FP_CONN2_TAP_254MM New Footprint=FP_CONN4_TUSKE_254MM
Change Component Footprint: Designator=P11 Old Footprint=FP_CONN2_TAP_254MM New Footprint=FP_CONN4_TUSKE_254MM
Change Component Footprint: Designator=P12 Old Footprint=FP_CONN2_TAP_254MM New Footprint=FP_CONN4_TUSKE_254MM
Change Component Footprint: Designator=P13 Old Footprint=FP_CONN2_TAP_254MM New Footprint=FP_CONN4_TUSKE_254MM
Change Component Footprint: Designator=P14 Old Footprint=FP_CONN2_TAP_254MM New Footprint=FP_CONN4_TUSKE_254MM
Change Component Footprint: Designator=P15 Old Footprint=FP_CONN2_TAP_254MM New Footprint=FP_CONN4_TUSKE_254MM
Change Component Footprint: Designator=P16 Old Footprint=FP_CONN2_TAP_254MM New Footprint=FP_CONN4_TUSKE_254MM
Change Component Footprint: Designator=P17 Old Footprint=FP_CONN2_TAP_254MM New Footprint=FP_CONN4_TUSKE_254MM
Change Component Footprint: Designator=P18 Old Footprint=FP_CONN2_TAP_254MM New Footprint=FP_CONN4_TUSKE_254MM
Change Component Footprint: Designator=P19 Old Footprint=FP_CONN2_TAP_254MM New Footprint=FP_CONN4_TUSKE_254MM
Change Component Footprint: Designator=P20 Old Footprint=FP_CONN2_TAP_254MM New Footprint=FP_CONN4_TUSKE_254MM
Change Component Footprint: Designator=P21 Old Footprint=FP_CONN2_TAP_254MM New Footprint=FP_CONN4_TUSKE_254MM
Change Component Footprint: Designator=P22 Old Footprint=FP_CONN2_TAP_254MM New Footprint=FP_CONN4_TUSKE_254MM
Change Component Footprint: Designator=P23 Old Footprint=FP_CONN2_TAP_254MM New Footprint=FP_CONN4_TUSKE_254MM
Change Component Footprint: Designator=P24 Old Footprint=FP_CONN2_TAP_254MM New Footprint=FP_CONN4_TUSKE_254MM
Change Component Footprint: Designator=P25 Old Footprint=FP_CONN2_TAP_254MM New Footprint=FP_CONN4_TUSKE_254MM
Change Component Footprint: Designator=P26 Old Footprint=FP_CONN2_TAP_254MM New Footprint=FP_CONN4_TUSKE_254MM
Change Component Footprint: Designator=P27 Old Footprint=FP_CONN2_TAP_254MM New Footprint=FP_CONN4_TUSKE_254MM
Change Component Footprint: Designator=P28 Old Footprint=FP_CONN2_TAP_254MM New Footprint=FP_CONN4_TUSKE_254MM
Change Component Footprint: Designator=P29 Old Footprint=FP_CONN2_TAP_254MM New Footprint=FP_CONN4_TUSKE_254MM
Added Pin To Net: NetName=GPIO_PA11 Pin=P1-3
Added Pin To Net: NetName=GPIO_PA12 Pin=P1-4
Added Pin To Net: NetName=GPIO_PB3 Pin=P2-3
Added Pin To Net: NetName=GPIO_PB4 Pin=P2-4
Added Pin To Net: NetName=GPIO_PC10 Pin=P3-3
Added Pin To Net: NetName=GPIO_PC11 Pin=P3-4
Added Pin To Net: NetName=GPIO_PA13 Pin=P4-1
Added Pin To Net: NetName=GPIO_PA14 Pin=P4-2
Added Pin To Net: NetName=GPIO_PA15 Pin=P4-3
Added Pin To Net: NetName=GPIO_PB0 Pin=P4-4
Added Pin To Net: NetName=GPIO_PB5 Pin=P5-1
Added Pin To Net: NetName=GPIO_PC12 Pin=P6-1
Added Pin To Net: NetName=GPIO_PC13 Pin=P6-2
Added Pin To Net: NetName=GPIO_PC14 Pin=P6-3
Added Pin To Net: NetName=GPIO_PC15 Pin=P6-4
Added Pin To Net: NetName=GPIO_PD0 Pin=P7-1
Added Pin To Net: NetName=GPIO_PD1 Pin=P7-2
Added Pin To Net: NetName=GPIO_PD2 Pin=P7-3
Added Pin To Net: NetName=GPIO_PD3 Pin=P7-4
Added Pin To Net: NetName=GPIO_PE0 Pin=P8-1
Added Pin To Net: NetName=GPIO_PE1 Pin=P8-2
Added Pin To Net: NetName=GPIO_PE2 Pin=P8-3
Added Pin To Net: NetName=GPIO_PE3 Pin=P8-4
Added Pin To Net: NetName=GPIO_PF0 Pin=P9-1
Added Pin To Net: NetName=GPIO_PF1 Pin=P9-2
Added Pin To Net: NetName=GPIO_PF2 Pin=P9-3
Added Pin To Net: NetName=GPIO_PF3 Pin=P9-4
Added Pin To Net: NetName=GPIO_PG0 Pin=P10-1
Added Pin To Net: NetName=GPIO_PG1 Pin=P10-2
Added Pin To Net: NetName=GPIO_PG2 Pin=P10-3
Added Pin To Net: NetName=GPIO_PG3 Pin=P10-4
Added Pin To Net: NetName=GPIO_PD4 Pin=P11-1
Added Pin To Net: NetName=GPIO_PD5 Pin=P11-2
Added Pin To Net: NetName=GPIO_PD6 Pin=P11-3
Added Pin To Net: NetName=GPIO_PD7 Pin=P11-4
Added Pin To Net: NetName=GPIO_PE5 Pin=P12-1
Added Pin To Net: NetName=GPIO_PE6 Pin=P12-2
Added Pin To Net: NetName=GPIO_PE7 Pin=P12-3
Added Pin To Net: NetName=GPIO_PF5 Pin=P13-1
Added Pin To Net: NetName=GPIO_PF6 Pin=P13-2
Added Pin To Net: NetName=GPIO_PF7 Pin=P13-3
Added Pin To Net: NetName=GPIO_PG5 Pin=P14-1
Added Pin To Net: NetName=GPIO_PG6 Pin=P14-2
Added Pin To Net: NetName=GPIO_PG7 Pin=P14-3
Added Pin To Net: NetName=GPIO_PD8 Pin=P15-1
Added Pin To Net: NetName=GPIO_PD9 Pin=P15-2
Added Pin To Net: NetName=GPIO_PD10 Pin=P15-3
Added Pin To Net: NetName=GPIO_PD11 Pin=P15-4
Added Pin To Net: NetName=GPIO_PE8 Pin=P16-1
Added Pin To Net: NetName=GPIO_PE9 Pin=P16-2
Added Pin To Net: NetName=GPIO_PE10 Pin=P16-3
Added Pin To Net: NetName=GPIO_PE11 Pin=P16-4
Added Pin To Net: NetName=GPIO_PF8 Pin=P17-1
Added Pin To Net: NetName=GPIO_PF9 Pin=P17-2
Added Pin To Net: NetName=GPIO_PF10 Pin=P17-3
Added Pin To Net: NetName=GPIO_PF11 Pin=P17-4
Added Pin To Net: NetName=GPIO_PG8 Pin=P18-1
Added Pin To Net: NetName=GPIO_PG9 Pin=P18-2
Added Pin To Net: NetName=GPIO_PG10 Pin=P18-3
Added Pin To Net: NetName=GPIO_PG11 Pin=P18-4
Added Pin To Net: NetName=NetESP32S1_2 Pin=P19-1
Added Pin To Net: NetName=NetESP32S1_33 Pin=P19-2
Added Pin To Net: NetName=NetESP32S1_23 Pin=P19-3
Added Pin To Net: NetName=NetESP32S1_34 Pin=P19-4
Added Pin To Net: NetName=NetESP32S1_27 Pin=P20-1
Added Pin To Net: NetName=NetESP32S1_25 Pin=P20-2
Added Pin To Net: NetName=NetESP32S1_22 Pin=P20-3
Added Pin To Net: NetName=NetESP32S1_21 Pin=P20-4
Added Pin To Net: NetName=GPIO_PD12 Pin=P21-1
Added Pin To Net: NetName=GPIO_PD13 Pin=P21-2
Added Pin To Net: NetName=GPIO_PD14 Pin=P21-3
Added Pin To Net: NetName=GPIO_PD15 Pin=P21-4
Added Pin To Net: NetName=GPIO_PE12 Pin=P22-1
Added Pin To Net: NetName=GPIO_PE13 Pin=P22-2
Added Pin To Net: NetName=GPIO_PE14 Pin=P22-3
Added Pin To Net: NetName=GPIO_PE15 Pin=P22-4
Added Pin To Net: NetName=GPIO_PF12 Pin=P23-1
Added Pin To Net: NetName=GPIO_PF13 Pin=P23-2
Added Pin To Net: NetName=GPIO_PF14 Pin=P23-3
Added Pin To Net: NetName=GPIO_PF15 Pin=P23-4
Added Pin To Net: NetName=GPIO_PG12 Pin=P24-1
Added Pin To Net: NetName=GPIO_PG13 Pin=P24-2
Added Pin To Net: NetName=GPIO_PG14 Pin=P24-3
Added Pin To Net: NetName=GPIO_PG15 Pin=P24-4
Added Pin To Net: NetName=NetESP32S1_24 Pin=P25-1
Added Pin To Net: NetName=NetESP32S1_32 Pin=P25-2
Added Pin To Net: NetName=NetESP32S1_29 Pin=P25-3
Added Pin To Net: NetName=NetESP32S1_38 Pin=P25-4
Added Pin To Net: NetName=NetESP32S1_9 Pin=P26-1
Added Pin To Net: NetName=NetESP32S1_10 Pin=P26-2
Added Pin To Net: NetName=NetESP32S1_11 Pin=P26-3
Added Pin To Net: NetName=NetESP32S1_7 Pin=P26-4
Added Pin To Net: NetName=NetESP32S1_37 Pin=P27-1
Added Pin To Net: NetName=NetESP32S1_36 Pin=P27-2
Added Pin To Net: NetName=NetESP32S1_16 Pin=P27-3
Added Pin To Net: NetName=NetESP32S1_17 Pin=P27-4
Added Pin To Net: NetName=NetESP32S1_8 Pin=P28-1
Added Pin To Net: NetName=NetESP32S1_5 Pin=P28-2
Added Pin To Net: NetName=NetESP32S1_6 Pin=P28-3
Added Pin To Net: NetName=NetESP32S1_3 Pin=P28-4
Added Pin To Net: NetName=NetESP32S1_18 Pin=P29-1
Added Pin To Net: NetName=NetESP32S1_31 Pin=P29-2
Added Pin To Net: NetName=NetESP32S1_30 Pin=P29-3
Added Pin To Net: NetName=NetESP32S1_28 Pin=P29-4
Added Pin To Net: NetName=NetESP32S1_4 Pin=P30-1
Added Pin To Net: NetName=GND Pin=P30-2
Added Pin To Net: NetName=NetP5_2 Pin=P5-2
Added Pin To Net: NetName=NetP5_2 Pin=U1-140
Added Net: Name=NetP5_2
Added Pin To Net: NetName=NetP5_3 Pin=P5-3
Added Pin To Net: NetName=NetP5_3 Pin=U1-69
Added Net: Name=NetP5_3
Added Pin To Net: NetName=NetP5_4 Pin=P5-4
Added Pin To Net: NetName=NetP5_4 Pin=U1-28
Added Net: Name=NetP5_4
Added Room: Name=U_Connectors
Added Room: Name=U_PowerSupply
Added Room: Name=U_Sensors
Added Room: Name=U_STM_ESP
