Removed Member From Class: ClassName=U_Sensors Member=P27
Removed Member From Class: ClassName=U_Sensors Member=P28
Change Component Designator: OldDesignator=P1 NewDesignator=PGPS
Change Component Designator: OldDesignator=P2 NewDesignator=PDIS
Change Component Designator: OldDesignator=P3 NewDesignator=P1
Change Component Designator: OldDesignator=P4 NewDesignator=P2
Change Component Designator: OldDesignator=P5 NewDesignator=P3
Change Component Designator: OldDesignator=P6 NewDesignator=P4
Change Component Designator: OldDesignator=P7 NewDesignator=P5
Change Component Designator: OldDesignator=P8 NewDesignator=P6
Change Component Designator: OldDesignator=P9 NewDesignator=P7
Change Component Designator: OldDesignator=P10 NewDesignator=P8
Change Component Designator: OldDesignator=P11 NewDesignator=P9
Change Component Designator: OldDesignator=P12 NewDesignator=P10
Change Component Designator: OldDesignator=P13 NewDesignator=P11
Change Component Designator: OldDesignator=P14 NewDesignator=P12
Change Component Designator: OldDesignator=P15 NewDesignator=P13
Change Component Designator: OldDesignator=P16 NewDesignator=P14
Change Component Designator: OldDesignator=P17 NewDesignator=P15
Change Component Designator: OldDesignator=P18 NewDesignator=P16
Change Component Designator: OldDesignator=P19 NewDesignator=P17
Change Component Designator: OldDesignator=P20 NewDesignator=P18
Change Component Designator: OldDesignator=P21 NewDesignator=P19
Change Component Designator: OldDesignator=P22 NewDesignator=P20
Change Component Designator: OldDesignator=P23 NewDesignator=P21
Change Component Designator: OldDesignator=P24 NewDesignator=P22
Change Component Designator: OldDesignator=P25 NewDesignator=P23
Change Component Designator: OldDesignator=P26 NewDesignator=P24
Change Component Designator: OldDesignator=P27 NewDesignator=P25
Change Component Designator: OldDesignator=P28 NewDesignator=P26
Change Component Designator: OldDesignator=P29 NewDesignator=P27
Change Component Designator: OldDesignator=P30 NewDesignator=P28
Change Component Designator: OldDesignator=P31 NewDesignator=P29
Change Component Designator: OldDesignator=P32 NewDesignator=P30
Change Component Designator: OldDesignator=P33 NewDesignator=P31
Change Component Designator: OldDesignator=SENS1 NewDesignator=SENS
Change Component Designator: OldDesignator=SERV1 NewDesignator=SERV
Add Pin To Net: Unknown Pin: Pin PGPS-5
Change Net Name : Old Net Name=NetP1_1 New Net Name=NetPGPS_1
Change Net Name : Old Net Name=NetP1_2 New Net Name=NetPGPS_2
Change Net Name : Old Net Name=NetP1_3 New Net Name=NetPGPS_3
Change Net Name : Old Net Name=NetP2_2 New Net Name=NetPDIS_2
Change Net Name : Old Net Name=NetP2_3 New Net Name=NetPDIS_3
Change Net Name : Old Net Name=NetP3_1 New Net Name=NetP1_1
Change Net Name : Old Net Name=NetP3_2 New Net Name=NetP1_2
Change Net Name : Old Net Name=NetP5_1 New Net Name=NetP3_1
Change Net Name : Old Net Name=NetP7_2 New Net Name=NetP5_2
Change Net Name : Old Net Name=NetP7_3 New Net Name=NetP5_3
Change Net Name : Old Net Name=NetP7_4 New Net Name=NetP5_4
Change Net Name : Old Net Name=NetP31_1 New Net Name=NetP29_1
Change Net Name : Old Net Name=NetP31_2 New Net Name=NetP29_2
Change Net Name : Old Net Name=NetSENS1_3 New Net Name=NetSENS_3
Change Net Name : Old Net Name=NetSERV1_3 New Net Name=NetSERV_3
Added Member To Class: ClassName=U_Connectors Member=Component P1 Connector
Added Member To Class: ClassName=U_Connectors Member=Component P2 Connector
Added Member To Class: ClassName=U_Connectors Member=Component P3 Connector
Added Member To Class: ClassName=U_Connectors Member=Component P4 Connector
Added Member To Class: ClassName=U_Connectors Member=Component P5 Connector
Added Member To Class: ClassName=U_Connectors Member=Component P6 Connector
Added Member To Class: ClassName=U_Connectors Member=Component P7 Connector
Added Member To Class: ClassName=U_Connectors Member=Component P8 Connector
Added Member To Class: ClassName=U_Connectors Member=Component P9 Connector
Added Member To Class: ClassName=U_Connectors Member=Component P10 Connector
Added Member To Class: ClassName=U_Connectors Member=Component P11 Connector
Added Member To Class: ClassName=U_Connectors Member=Component P12 Connector
Added Member To Class: ClassName=U_Connectors Member=Component P13 Connector
Added Member To Class: ClassName=U_Connectors Member=Component P14 Connector
Added Member To Class: ClassName=U_Connectors Member=Component P15 Connector
Added Member To Class: ClassName=U_Connectors Member=Component P16 Connector
Added Member To Class: ClassName=U_Connectors Member=Component P17 Connector
Added Member To Class: ClassName=U_Connectors Member=Component P18 Connector
Added Member To Class: ClassName=U_Connectors Member=Component P19 Connector
Added Member To Class: ClassName=U_Connectors Member=Component P20 Connector
Added Member To Class: ClassName=U_Connectors Member=Component P21 Connector
Added Member To Class: ClassName=U_Connectors Member=Component P22 Connector
Added Member To Class: ClassName=U_Connectors Member=Component P23 Connector
Added Member To Class: ClassName=U_Connectors Member=Component P24 Connector
Added Member To Class: ClassName=U_Connectors Member=Component P27 Connector
Added Member To Class: ClassName=U_Connectors Member=Component P28 Connector
Added Member To Class: ClassName=U_Sensors Member=Component PDIS Connector
Added Member To Class: ClassName=U_Sensors Member=Component PGPS Connector
Added Room: Name=U_Connectors
Added Room: Name=U_PowerSupply
Added Room: Name=U_Sensors
Added Room: Name=U_STM_ESP
