Added Component: Designator=BATT1(CONN2_SORK_3.5mm)
Add component (AddParameter): Name = "Name"; Value = ""; VariantName = "[No Variations]"
Add component (AddParameter): Name = "Reference"; Value = ""; VariantName = "[No Variations]"
Add component (AddParameter): Name = "Supplier"; Value = ""; VariantName = "[No Variations]"
Added Component: Designator=BH1(ONLAB_ELEMTARTO)
Added Component: Designator=BOOT0(FP_CONN3_TUSKE_254MM)
Add component (AddParameter): Name = "Name"; Value = ""; VariantName = "[No Variations]"
Add component (AddParameter): Name = "Reference"; Value = ""; VariantName = "[No Variations]"
Add component (AddParameter): Name = "Supplier"; Value = ""; VariantName = "[No Variations]"
Added Component: Designator=BTN1(FP_BTN_SMD)
Add component (AddParameter): Name = "Name"; Value = ""; VariantName = "[No Variations]"
Add component (AddParameter): Name = "Reference"; Value = ""; VariantName = "[No Variations]"
Add component (AddParameter): Name = "Supplier"; Value = ""; VariantName = "[No Variations]"
Added Component: Designator=C1(FP_0805_CAP_085)
Add component (AddParameter): Name = "Name"; Value = ""; VariantName = "[No Variations]"
Add component (AddParameter): Name = "Reference"; Value = ""; VariantName = "[No Variations]"
Add component (AddParameter): Name = "Supplier"; Value = ""; VariantName = "[No Variations]"
Add component (AddParameter): Name = "Tolerance"; Value = ""; VariantName = "[No Variations]"
Add component (AddParameter): Name = "Value"; Value = "100nF"; VariantName = "[No Variations]"
Add component (AddParameter): Name = "Voltage"; Value = ""; VariantName = "[No Variations]"
Added Component: Designator=C2(FP_0805_CAP_085)
Add component (AddParameter): Name = "Name"; Value = ""; VariantName = "[No Variations]"
Add component (AddParameter): Name = "Reference"; Value = ""; VariantName = "[No Variations]"
Add component (AddParameter): Name = "Supplier"; Value = ""; VariantName = "[No Variations]"
Add component (AddParameter): Name = "Tolerance"; Value = ""; VariantName = "[No Variations]"
Add component (AddParameter): Name = "Value"; Value = "100nF"; VariantName = "[No Variations]"
Add component (AddParameter): Name = "Voltage"; Value = ""; VariantName = "[No Variations]"
Added Component: Designator=C3(FP_0805_CAP_085)
Add component (AddParameter): Name = "Name"; Value = ""; VariantName = "[No Variations]"
Add component (AddParameter): Name = "Reference"; Value = ""; VariantName = "[No Variations]"
Add component (AddParameter): Name = "Supplier"; Value = ""; VariantName = "[No Variations]"
Add component (AddParameter): Name = "Tolerance"; Value = ""; VariantName = "[No Variations]"
Add component (AddParameter): Name = "Value"; Value = "100nF"; VariantName = "[No Variations]"
Add component (AddParameter): Name = "Voltage"; Value = ""; VariantName = "[No Variations]"
Added Component: Designator=C4(FP_0805_CAP_085)
Add component (AddParameter): Name = "Name"; Value = ""; VariantName = "[No Variations]"
Add component (AddParameter): Name = "Reference"; Value = ""; VariantName = "[No Variations]"
Add component (AddParameter): Name = "Supplier"; Value = ""; VariantName = "[No Variations]"
Add component (AddParameter): Name = "Tolerance"; Value = ""; VariantName = "[No Variations]"
Add component (AddParameter): Name = "Value"; Value = "100nF"; VariantName = "[No Variations]"
Add component (AddParameter): Name = "Voltage"; Value = ""; VariantName = "[No Variations]"
Added Component: Designator=C5(FP_0805_CAP_085)
Add component (AddParameter): Name = "Name"; Value = ""; VariantName = "[No Variations]"
Add component (AddParameter): Name = "Reference"; Value = ""; VariantName = "[No Variations]"
Add component (AddParameter): Name = "Supplier"; Value = ""; VariantName = "[No Variations]"
Add component (AddParameter): Name = "Tolerance"; Value = ""; VariantName = "[No Variations]"
Add component (AddParameter): Name = "Value"; Value = "100nF"; VariantName = "[No Variations]"
Add component (AddParameter): Name = "Voltage"; Value = ""; VariantName = "[No Variations]"
Added Component: Designator=C6(FP_0805_CAP_085)
Add component (AddParameter): Name = "Name"; Value = ""; VariantName = "[No Variations]"
Add component (AddParameter): Name = "Reference"; Value = ""; VariantName = "[No Variations]"
Add component (AddParameter): Name = "Supplier"; Value = ""; VariantName = "[No Variations]"
Add component (AddParameter): Name = "Tolerance"; Value = ""; VariantName = "[No Variations]"
Add component (AddParameter): Name = "Value"; Value = "100nF"; VariantName = "[No Variations]"
Add component (AddParameter): Name = "Voltage"; Value = ""; VariantName = "[No Variations]"
Added Component: Designator=C7(FP_0805_CAP_085)
Add component (AddParameter): Name = "Name"; Value = ""; VariantName = "[No Variations]"
Add component (AddParameter): Name = "Reference"; Value = ""; VariantName = "[No Variations]"
Add component (AddParameter): Name = "Supplier"; Value = ""; VariantName = "[No Variations]"
Add component (AddParameter): Name = "Tolerance"; Value = ""; VariantName = "[No Variations]"
Add component (AddParameter): Name = "Value"; Value = "100nF"; VariantName = "[No Variations]"
Add component (AddParameter): Name = "Voltage"; Value = ""; VariantName = "[No Variations]"
Added Component: Designator=C8(FP_0805_CAP_085)
Add component (AddParameter): Name = "Name"; Value = ""; VariantName = "[No Variations]"
Add component (AddParameter): Name = "Reference"; Value = ""; VariantName = "[No Variations]"
Add component (AddParameter): Name = "Supplier"; Value = ""; VariantName = "[No Variations]"
Add component (AddParameter): Name = "Tolerance"; Value = ""; VariantName = "[No Variations]"
Add component (AddParameter): Name = "Value"; Value = "2.2uF"; VariantName = "[No Variations]"
Add component (AddParameter): Name = "Voltage"; Value = ""; VariantName = "[No Variations]"
Added Component: Designator=C9(FP_0805_CAP_085)
Add component (AddParameter): Name = "Name"; Value = ""; VariantName = "[No Variations]"
Add component (AddParameter): Name = "Reference"; Value = ""; VariantName = "[No Variations]"
Add component (AddParameter): Name = "Supplier"; Value = ""; VariantName = "[No Variations]"
Add component (AddParameter): Name = "Tolerance"; Value = ""; VariantName = "[No Variations]"
Add component (AddParameter): Name = "Value"; Value = "100nF"; VariantName = "[No Variations]"
Add component (AddParameter): Name = "Voltage"; Value = ""; VariantName = "[No Variations]"
Added Component: Designator=C10(FP_0805_CAP_085)
Add component (AddParameter): Name = "Name"; Value = ""; VariantName = "[No Variations]"
Add component (AddParameter): Name = "Reference"; Value = ""; VariantName = "[No Variations]"
Add component (AddParameter): Name = "Supplier"; Value = ""; VariantName = "[No Variations]"
Add component (AddParameter): Name = "Tolerance"; Value = ""; VariantName = "[No Variations]"
Add component (AddParameter): Name = "Value"; Value = "100nF"; VariantName = "[No Variations]"
Add component (AddParameter): Name = "Voltage"; Value = ""; VariantName = "[No Variations]"
Added Component: Designator=C11(FP_0805_CAP_085)
Add component (AddParameter): Name = "Name"; Value = ""; VariantName = "[No Variations]"
Add component (AddParameter): Name = "Reference"; Value = ""; VariantName = "[No Variations]"
Add component (AddParameter): Name = "Supplier"; Value = ""; VariantName = "[No Variations]"
Add component (AddParameter): Name = "Tolerance"; Value = ""; VariantName = "[No Variations]"
Add component (AddParameter): Name = "Value"; Value = "100nF"; VariantName = "[No Variations]"
Add component (AddParameter): Name = "Voltage"; Value = ""; VariantName = "[No Variations]"
Added Component: Designator=C12(FP_0805_CAP_085)
Add component (AddParameter): Name = "Name"; Value = ""; VariantName = "[No Variations]"
Add component (AddParameter): Name = "Reference"; Value = ""; VariantName = "[No Variations]"
Add component (AddParameter): Name = "Supplier"; Value = ""; VariantName = "[No Variations]"
Add component (AddParameter): Name = "Tolerance"; Value = ""; VariantName = "[No Variations]"
Add component (AddParameter): Name = "Value"; Value = "100nF"; VariantName = "[No Variations]"
Add component (AddParameter): Name = "Voltage"; Value = ""; VariantName = "[No Variations]"
Added Component: Designator=C13(FP_0805_CAP_085)
Add component (AddParameter): Name = "Name"; Value = ""; VariantName = "[No Variations]"
Add component (AddParameter): Name = "Reference"; Value = ""; VariantName = "[No Variations]"
Add component (AddParameter): Name = "Supplier"; Value = ""; VariantName = "[No Variations]"
Add component (AddParameter): Name = "Tolerance"; Value = ""; VariantName = "[No Variations]"
Add component (AddParameter): Name = "Value"; Value = "2.2uF"; VariantName = "[No Variations]"
Add component (AddParameter): Name = "Voltage"; Value = ""; VariantName = "[No Variations]"
Added Component: Designator=C14(FP_0805_CAP_085)
Add component (AddParameter): Name = "Name"; Value = ""; VariantName = "[No Variations]"
Add component (AddParameter): Name = "Reference"; Value = ""; VariantName = "[No Variations]"
Add component (AddParameter): Name = "Supplier"; Value = ""; VariantName = "[No Variations]"
Add component (AddParameter): Name = "Tolerance"; Value = ""; VariantName = "[No Variations]"
Add component (AddParameter): Name = "Value"; Value = "100nF"; VariantName = "[No Variations]"
Add component (AddParameter): Name = "Voltage"; Value = ""; VariantName = "[No Variations]"
Added Component: Designator=C15(FP_0805_CAP_085)
Add component (AddParameter): Name = "Name"; Value = ""; VariantName = "[No Variations]"
Add component (AddParameter): Name = "Reference"; Value = ""; VariantName = "[No Variations]"
Add component (AddParameter): Name = "Supplier"; Value = ""; VariantName = "[No Variations]"
Add component (AddParameter): Name = "Tolerance"; Value = ""; VariantName = "[No Variations]"
Add component (AddParameter): Name = "Value"; Value = "2.2uF"; VariantName = "[No Variations]"
Add component (AddParameter): Name = "Voltage"; Value = ""; VariantName = "[No Variations]"
Added Component: Designator=C16(FP_0805_CAP_085)
Add component (AddParameter): Name = "Name"; Value = ""; VariantName = "[No Variations]"
Add component (AddParameter): Name = "Reference"; Value = ""; VariantName = "[No Variations]"
Add component (AddParameter): Name = "Supplier"; Value = ""; VariantName = "[No Variations]"
Add component (AddParameter): Name = "Tolerance"; Value = ""; VariantName = "[No Variations]"
Add component (AddParameter): Name = "Value"; Value = "100nF"; VariantName = "[No Variations]"
Add component (AddParameter): Name = "Voltage"; Value = ""; VariantName = "[No Variations]"
Added Component: Designator=C17(FP_0805_CAP_085)
Add component (AddParameter): Name = "Name"; Value = ""; VariantName = "[No Variations]"
Add component (AddParameter): Name = "Reference"; Value = ""; VariantName = "[No Variations]"
Add component (AddParameter): Name = "Supplier"; Value = ""; VariantName = "[No Variations]"
Add component (AddParameter): Name = "Tolerance"; Value = ""; VariantName = "[No Variations]"
Add component (AddParameter): Name = "Value"; Value = "100nF"; VariantName = "[No Variations]"
Add component (AddParameter): Name = "Voltage"; Value = ""; VariantName = "[No Variations]"
Added Component: Designator=C18(FP_0805_CAP_085)
Add component (AddParameter): Name = "Name"; Value = ""; VariantName = "[No Variations]"
Add component (AddParameter): Name = "Reference"; Value = ""; VariantName = "[No Variations]"
Add component (AddParameter): Name = "Supplier"; Value = ""; VariantName = "[No Variations]"
Add component (AddParameter): Name = "Tolerance"; Value = ""; VariantName = "[No Variations]"
Add component (AddParameter): Name = "Value"; Value = "100nF"; VariantName = "[No Variations]"
Add component (AddParameter): Name = "Voltage"; Value = ""; VariantName = "[No Variations]"
Added Component: Designator=C19(FP_0805_CAP_085)
Add component (AddParameter): Name = "Name"; Value = ""; VariantName = "[No Variations]"
Add component (AddParameter): Name = "Reference"; Value = ""; VariantName = "[No Variations]"
Add component (AddParameter): Name = "Supplier"; Value = ""; VariantName = "[No Variations]"
Add component (AddParameter): Name = "Tolerance"; Value = ""; VariantName = "[No Variations]"
Add component (AddParameter): Name = "Value"; Value = "4.7µF"; VariantName = "[No Variations]"
Add component (AddParameter): Name = "Voltage"; Value = ""; VariantName = "[No Variations]"
Added Component: Designator=C20(FP_0805_CAP_085)
Add component (AddParameter): Name = "Name"; Value = ""; VariantName = "[No Variations]"
Add component (AddParameter): Name = "Reference"; Value = ""; VariantName = "[No Variations]"
Add component (AddParameter): Name = "Supplier"; Value = ""; VariantName = "[No Variations]"
Add component (AddParameter): Name = "Tolerance"; Value = ""; VariantName = "[No Variations]"
Add component (AddParameter): Name = "Value"; Value = "1nF"; VariantName = "[No Variations]"
Add component (AddParameter): Name = "Voltage"; Value = ""; VariantName = "[No Variations]"
Added Component: Designator=C21(FP_0805_CAP_085)
Add component (AddParameter): Name = "Name"; Value = ""; VariantName = "[No Variations]"
Add component (AddParameter): Name = "Reference"; Value = ""; VariantName = "[No Variations]"
Add component (AddParameter): Name = "Supplier"; Value = ""; VariantName = "[No Variations]"
Add component (AddParameter): Name = "Tolerance"; Value = ""; VariantName = "[No Variations]"
Add component (AddParameter): Name = "Value"; Value = "100nF"; VariantName = "[No Variations]"
Add component (AddParameter): Name = "Voltage"; Value = ""; VariantName = "[No Variations]"
Added Component: Designator=C22(FP_0805_CAP_085)
Add component (AddParameter): Name = "Name"; Value = ""; VariantName = "[No Variations]"
Add component (AddParameter): Name = "Reference"; Value = ""; VariantName = "[No Variations]"
Add component (AddParameter): Name = "Supplier"; Value = ""; VariantName = "[No Variations]"
Add component (AddParameter): Name = "Tolerance"; Value = ""; VariantName = "[No Variations]"
Add component (AddParameter): Name = "Value"; Value = "1uF"; VariantName = "[No Variations]"
Add component (AddParameter): Name = "Voltage"; Value = ""; VariantName = "[No Variations]"
Added Component: Designator=C23(FP_0805_CAP_085)
Add component (AddParameter): Name = "Name"; Value = ""; VariantName = "[No Variations]"
Add component (AddParameter): Name = "Reference"; Value = ""; VariantName = "[No Variations]"
Add component (AddParameter): Name = "Supplier"; Value = ""; VariantName = "[No Variations]"
Add component (AddParameter): Name = "Tolerance"; Value = ""; VariantName = "[No Variations]"
Add component (AddParameter): Name = "Value"; Value = "1uF"; VariantName = "[No Variations]"
Add component (AddParameter): Name = "Voltage"; Value = ""; VariantName = "[No Variations]"
Added Component: Designator=D1(DIOMELF3515M)
Add component (AddParameter): Name = "Name"; Value = ""; VariantName = "[No Variations]"
Add component (AddParameter): Name = "Reference"; Value = ""; VariantName = "[No Variations]"
Add component (AddParameter): Name = "Supplier"; Value = ""; VariantName = "[No Variations]"
Added Component: Designator=D2(FP_SMA)
Add component (AddParameter): Name = "Name"; Value = ""; VariantName = "[No Variations]"
Add component (AddParameter): Name = "Reference"; Value = ""; VariantName = "[No Variations]"
Add component (AddParameter): Name = "Supplier"; Value = ""; VariantName = "[No Variations]"
Added Component: Designator=D3(DIOMELF3515M)
Add component (AddParameter): Name = "Name"; Value = ""; VariantName = "[No Variations]"
Add component (AddParameter): Name = "Reference"; Value = ""; VariantName = "[No Variations]"
Add component (AddParameter): Name = "Supplier"; Value = ""; VariantName = "[No Variations]"
Added Component: Designator=D4(DIOMELF3515M)
Add component (AddParameter): Name = "Name"; Value = ""; VariantName = "[No Variations]"
Add component (AddParameter): Name = "Reference"; Value = ""; VariantName = "[No Variations]"
Add component (AddParameter): Name = "Supplier"; Value = ""; VariantName = "[No Variations]"
Added Component: Designator=D5(DIOMELF3515M)
Add component (AddParameter): Name = "Name"; Value = ""; VariantName = "[No Variations]"
Add component (AddParameter): Name = "Reference"; Value = ""; VariantName = "[No Variations]"
Add component (AddParameter): Name = "Supplier"; Value = ""; VariantName = "[No Variations]"
Added Component: Designator=D6(DIOMELF3515M)
Add component (AddParameter): Name = "Name"; Value = ""; VariantName = "[No Variations]"
Add component (AddParameter): Name = "Reference"; Value = ""; VariantName = "[No Variations]"
Add component (AddParameter): Name = "Supplier"; Value = ""; VariantName = "[No Variations]"
Added Component: Designator=D7(FP_SMB)
Add component (AddParameter): Name = "Name"; Value = ""; VariantName = "[No Variations]"
Add component (AddParameter): Name = "Reference"; Value = ""; VariantName = "[No Variations]"
Add component (AddParameter): Name = "Supplier"; Value = ""; VariantName = "[No Variations]"
Added Component: Designator=D8(FP_SMA)
Add component (AddParameter): Name = "Name"; Value = ""; VariantName = "[No Variations]"
Add component (AddParameter): Name = "Reference"; Value = ""; VariantName = "[No Variations]"
Add component (AddParameter): Name = "Supplier"; Value = ""; VariantName = "[No Variations]"
Added Component: Designator=D9(LED_SMD_0805_BLUE)
Add component (AddParameter): Name = "I_max"; Value = ""; VariantName = "[No Variations]"
Add component (AddParameter): Name = "Name"; Value = ""; VariantName = "[No Variations]"
Add component (AddParameter): Name = "Reference"; Value = ""; VariantName = "[No Variations]"
Add component (AddParameter): Name = "Supplier"; Value = ""; VariantName = "[No Variations]"
Add component (AddParameter): Name = "U_fw"; Value = ""; VariantName = "[No Variations]"
Added Component: Designator=D10(LED_SMD_0805_GREEN)
Add component (AddParameter): Name = "I_max"; Value = ""; VariantName = "[No Variations]"
Add component (AddParameter): Name = "Name"; Value = ""; VariantName = "[No Variations]"
Add component (AddParameter): Name = "Reference"; Value = ""; VariantName = "[No Variations]"
Add component (AddParameter): Name = "Supplier"; Value = ""; VariantName = "[No Variations]"
Add component (AddParameter): Name = "U_fw"; Value = ""; VariantName = "[No Variations]"
Added Component: Designator=D11(LED_SMD_0805_RED)
Add component (AddParameter): Name = "I_max"; Value = ""; VariantName = "[No Variations]"
Add component (AddParameter): Name = "Name"; Value = ""; VariantName = "[No Variations]"
Add component (AddParameter): Name = "Reference"; Value = ""; VariantName = "[No Variations]"
Add component (AddParameter): Name = "Supplier"; Value = ""; VariantName = "[No Variations]"
Add component (AddParameter): Name = "U_fw"; Value = ""; VariantName = "[No Variations]"
Added Component: Designator=ESP32(ESP32_NODEMCU-32S)
Added Component: Designator=FUSE1(ECE BU110 PolyFuse)
Add component (AddParameter): Name = "Name"; Value = ""; VariantName = "[No Variations]"
Add component (AddParameter): Name = "Reference"; Value = ""; VariantName = "[No Variations]"
Add component (AddParameter): Name = "Supplier"; Value = ""; VariantName = "[No Variations]"
Added Component: Designator=GD(DIP781W56P254L950H533Q8N)
Add component (AddParameter): Name = "Datasheet Link"; Value = "http://ww1.microchip.com/downloads/en/DeviceDoc/21424d.pdf"; VariantName = "[No Variations]"
Add component (AddParameter): Name = "Geometry.Height"; Value = "5.334mm"; VariantName = "[No Variations]"
Add component (AddParameter): Name = "Manufacturer_Name"; Value = "Microchip"; VariantName = "[No Variations]"
Add component (AddParameter): Name = "Manufacturer_Part_Number"; Value = "TC4431VPA"; VariantName = "[No Variations]"
Add component (AddParameter): Name = "Mouser Part Number"; Value = "579-TC4431VPA"; VariantName = "[No Variations]"
Add component (AddParameter): Name = "Mouser Price/Stock"; Value = "https://www.mouser.co.uk/ProductDetail/Microchip-Technology/TC4431VPA?qs=dJbzCyn%252BCFb0mSWY4MWPfw%3D%3D"; VariantName = "[No Variations]"
Added Component: Designator=IMU(GY-91)
Added Component: Designator=LDO1(SOT230P700X180-4N)
Add component (AddParameter): Name = "Datasheet Link"; Value = "http://www.ti.com/lit/gpn/tlv1117lv"; VariantName = "[No Variations]"
Add component (AddParameter): Name = "Geometry.Height"; Value = "1.8mm"; VariantName = "[No Variations]"
Add component (AddParameter): Name = "Manufacturer_Name"; Value = "Texas Instruments"; VariantName = "[No Variations]"
Add component (AddParameter): Name = "Manufacturer_Part_Number"; Value = "TLV1117LV33DCYR"; VariantName = "[No Variations]"
Add component (AddParameter): Name = "Mouser Part Number"; Value = "595-TLV1117LV33DCYR"; VariantName = "[No Variations]"
Add component (AddParameter): Name = "Mouser Price/Stock"; Value = "https://www.mouser.co.uk/ProductDetail/Texas-Instruments/TLV1117LV33DCYR?qs=tEz3BkPb1rwzXMb8FiWhow%3D%3D"; VariantName = "[No Variations]"
Added Component: Designator=MAG(GY-271)
Added Component: Designator=PA1(FP_CONN4_TUSKE_254MM)
Add component (AddParameter): Name = "Name"; Value = ""; VariantName = "[No Variations]"
Add component (AddParameter): Name = "Reference"; Value = ""; VariantName = "[No Variations]"
Add component (AddParameter): Name = "Supplier"; Value = ""; VariantName = "[No Variations]"
Added Component: Designator=PB1(FP_CONN4_TUSKE_254MM)
Add component (AddParameter): Name = "Name"; Value = ""; VariantName = "[No Variations]"
Add component (AddParameter): Name = "Reference"; Value = ""; VariantName = "[No Variations]"
Add component (AddParameter): Name = "Supplier"; Value = ""; VariantName = "[No Variations]"
Added Component: Designator=PB2(FP_CONN4_TUSKE_254MM)
Add component (AddParameter): Name = "Name"; Value = ""; VariantName = "[No Variations]"
Add component (AddParameter): Name = "Reference"; Value = ""; VariantName = "[No Variations]"
Add component (AddParameter): Name = "Supplier"; Value = ""; VariantName = "[No Variations]"
Added Component: Designator=PB3(FP_CONN4_TUSKE_254MM)
Add component (AddParameter): Name = "Name"; Value = ""; VariantName = "[No Variations]"
Add component (AddParameter): Name = "Reference"; Value = ""; VariantName = "[No Variations]"
Add component (AddParameter): Name = "Supplier"; Value = ""; VariantName = "[No Variations]"
Added Component: Designator=PC1(FP_CONN4_TUSKE_254MM)
Add component (AddParameter): Name = "Name"; Value = ""; VariantName = "[No Variations]"
Add component (AddParameter): Name = "Reference"; Value = ""; VariantName = "[No Variations]"
Add component (AddParameter): Name = "Supplier"; Value = ""; VariantName = "[No Variations]"
Added Component: Designator=PC2(FP_CONN4_TUSKE_254MM)
Add component (AddParameter): Name = "Name"; Value = ""; VariantName = "[No Variations]"
Add component (AddParameter): Name = "Reference"; Value = ""; VariantName = "[No Variations]"
Add component (AddParameter): Name = "Supplier"; Value = ""; VariantName = "[No Variations]"
Added Component: Designator=PC3(FP_CONN4_TUSKE_254MM)
Add component (AddParameter): Name = "Name"; Value = ""; VariantName = "[No Variations]"
Add component (AddParameter): Name = "Reference"; Value = ""; VariantName = "[No Variations]"
Add component (AddParameter): Name = "Supplier"; Value = ""; VariantName = "[No Variations]"
Added Component: Designator=PD1(FP_CONN4_TUSKE_254MM)
Add component (AddParameter): Name = "Name"; Value = ""; VariantName = "[No Variations]"
Add component (AddParameter): Name = "Reference"; Value = ""; VariantName = "[No Variations]"
Add component (AddParameter): Name = "Supplier"; Value = ""; VariantName = "[No Variations]"
Added Component: Designator=PD2(FP_CONN4_TUSKE_254MM)
Add component (AddParameter): Name = "Name"; Value = ""; VariantName = "[No Variations]"
Add component (AddParameter): Name = "Reference"; Value = ""; VariantName = "[No Variations]"
Add component (AddParameter): Name = "Supplier"; Value = ""; VariantName = "[No Variations]"
Added Component: Designator=PD3(FP_CONN4_TUSKE_254MM)
Add component (AddParameter): Name = "Name"; Value = ""; VariantName = "[No Variations]"
Add component (AddParameter): Name = "Reference"; Value = ""; VariantName = "[No Variations]"
Add component (AddParameter): Name = "Supplier"; Value = ""; VariantName = "[No Variations]"
Added Component: Designator=PDIS(FP_CONN4_TUSKE_254MM)
Add component (AddParameter): Name = "Name"; Value = ""; VariantName = "[No Variations]"
Add component (AddParameter): Name = "Reference"; Value = ""; VariantName = "[No Variations]"
Add component (AddParameter): Name = "Supplier"; Value = ""; VariantName = "[No Variations]"
Added Component: Designator=PE1(FP_CONN4_TUSKE_254MM)
Add component (AddParameter): Name = "Name"; Value = ""; VariantName = "[No Variations]"
Add component (AddParameter): Name = "Reference"; Value = ""; VariantName = "[No Variations]"
Add component (AddParameter): Name = "Supplier"; Value = ""; VariantName = "[No Variations]"
Added Component: Designator=PE2(FP_CONN2_TUSKE_254MM)
Add component (AddParameter): Name = "Name"; Value = ""; VariantName = "[No Variations]"
Add component (AddParameter): Name = "Reference"; Value = ""; VariantName = "[No Variations]"
Add component (AddParameter): Name = "Supplier"; Value = ""; VariantName = "[No Variations]"
Added Component: Designator=PE3(FP_CONN4_TUSKE_254MM)
Add component (AddParameter): Name = "Name"; Value = ""; VariantName = "[No Variations]"
Add component (AddParameter): Name = "Reference"; Value = ""; VariantName = "[No Variations]"
Add component (AddParameter): Name = "Supplier"; Value = ""; VariantName = "[No Variations]"
Added Component: Designator=PESP1(FP_CONN4_TUSKE_254MM)
Add component (AddParameter): Name = "Name"; Value = ""; VariantName = "[No Variations]"
Add component (AddParameter): Name = "Reference"; Value = ""; VariantName = "[No Variations]"
Add component (AddParameter): Name = "Supplier"; Value = ""; VariantName = "[No Variations]"
Added Component: Designator=PESP2(FP_CONN4_TUSKE_254MM)
Add component (AddParameter): Name = "Name"; Value = ""; VariantName = "[No Variations]"
Add component (AddParameter): Name = "Reference"; Value = ""; VariantName = "[No Variations]"
Add component (AddParameter): Name = "Supplier"; Value = ""; VariantName = "[No Variations]"
Added Component: Designator=PESP3(FP_CONN4_TUSKE_254MM)
Add component (AddParameter): Name = "Name"; Value = ""; VariantName = "[No Variations]"
Add component (AddParameter): Name = "Reference"; Value = ""; VariantName = "[No Variations]"
Add component (AddParameter): Name = "Supplier"; Value = ""; VariantName = "[No Variations]"
Added Component: Designator=PESP4(FP_CONN4_TUSKE_254MM)
Add component (AddParameter): Name = "Name"; Value = ""; VariantName = "[No Variations]"
Add component (AddParameter): Name = "Reference"; Value = ""; VariantName = "[No Variations]"
Add component (AddParameter): Name = "Supplier"; Value = ""; VariantName = "[No Variations]"
Added Component: Designator=PESP5(FP_CONN4_TUSKE_254MM)
Add component (AddParameter): Name = "Name"; Value = ""; VariantName = "[No Variations]"
Add component (AddParameter): Name = "Reference"; Value = ""; VariantName = "[No Variations]"
Add component (AddParameter): Name = "Supplier"; Value = ""; VariantName = "[No Variations]"
Added Component: Designator=PESP6(FP_CONN4_TUSKE_254MM)
Add component (AddParameter): Name = "Name"; Value = ""; VariantName = "[No Variations]"
Add component (AddParameter): Name = "Reference"; Value = ""; VariantName = "[No Variations]"
Add component (AddParameter): Name = "Supplier"; Value = ""; VariantName = "[No Variations]"
Added Component: Designator=PESP7(FP_CONN4_TUSKE_254MM)
Add component (AddParameter): Name = "Name"; Value = ""; VariantName = "[No Variations]"
Add component (AddParameter): Name = "Reference"; Value = ""; VariantName = "[No Variations]"
Add component (AddParameter): Name = "Supplier"; Value = ""; VariantName = "[No Variations]"
Added Component: Designator=PESP8(FP_CONN2_TUSKE_254MM)
Add component (AddParameter): Name = "Name"; Value = ""; VariantName = "[No Variations]"
Add component (AddParameter): Name = "Reference"; Value = ""; VariantName = "[No Variations]"
Add component (AddParameter): Name = "Supplier"; Value = ""; VariantName = "[No Variations]"
Added Component: Designator=PGPS(FP_CONN5_TUSKE_254MM)
Add component (AddParameter): Name = "Name"; Value = ""; VariantName = "[No Variations]"
Add component (AddParameter): Name = "Reference"; Value = ""; VariantName = "[No Variations]"
Add component (AddParameter): Name = "Supplier"; Value = ""; VariantName = "[No Variations]"
Added Component: Designator=PH1(FP_CONN4_TUSKE_254MM)
Add component (AddParameter): Name = "Name"; Value = ""; VariantName = "[No Variations]"
Add component (AddParameter): Name = "Reference"; Value = ""; VariantName = "[No Variations]"
Add component (AddParameter): Name = "Supplier"; Value = ""; VariantName = "[No Variations]"
Added Component: Designator=PM1(TO254P483X1028X2284-3P)
Add component (AddParameter): Name = "Datasheet Link"; Value = "https://m.littelfuse.com/~/media/electronics/datasheets/discrete_mosfets/littelfuse_discrete_mosfets_p-channel_ixt_120p065t_datasheet.pdf.pdf"; VariantName = "[No Variations]"
Add component (AddParameter): Name = "Geometry.Height"; Value = "4.83mm"; VariantName = "[No Variations]"
Add component (AddParameter): Name = "Manufacturer_Name"; Value = "LITTELFUSE"; VariantName = "[No Variations]"
Add component (AddParameter): Name = "Manufacturer_Part_Number"; Value = "IXTP120P065T"; VariantName = "[No Variations]"
Add component (AddParameter): Name = "Mouser Part Number"; Value = "747-IXTP120P065T"; VariantName = "[No Variations]"
Add component (AddParameter): Name = "Mouser Price/Stock"; Value = "https://www.mouser.co.uk/ProductDetail/IXYS/IXTP120P065T?qs=cvHLLyFtoE09fNdm%2Fv8mrw%3D%3D"; VariantName = "[No Variations]"
Added Component: Designator=PRST1(FP_CONN3_TUSKE_254MM)
Add component (AddParameter): Name = "Name"; Value = ""; VariantName = "[No Variations]"
Add component (AddParameter): Name = "Reference"; Value = ""; VariantName = "[No Variations]"
Add component (AddParameter): Name = "Supplier"; Value = ""; VariantName = "[No Variations]"
Added Component: Designator=R1(FP_0805_RES)
Add component (AddParameter): Name = "Name"; Value = ""; VariantName = "[No Variations]"
Add component (AddParameter): Name = "Power"; Value = ""; VariantName = "[No Variations]"
Add component (AddParameter): Name = "Reference"; Value = ""; VariantName = "[No Variations]"
Add component (AddParameter): Name = "Supplier"; Value = ""; VariantName = "[No Variations]"
Add component (AddParameter): Name = "Tolerance"; Value = ""; VariantName = "[No Variations]"
Add component (AddParameter): Name = "Value"; Value = "4K70"; VariantName = "[No Variations]"
Added Component: Designator=R2(FP_0805_RES)
Add component (AddParameter): Name = "Name"; Value = ""; VariantName = "[No Variations]"
Add component (AddParameter): Name = "Power"; Value = ""; VariantName = "[No Variations]"
Add component (AddParameter): Name = "Reference"; Value = ""; VariantName = "[No Variations]"
Add component (AddParameter): Name = "Supplier"; Value = ""; VariantName = "[No Variations]"
Add component (AddParameter): Name = "Tolerance"; Value = ""; VariantName = "[No Variations]"
Add component (AddParameter): Name = "Value"; Value = "10K"; VariantName = "[No Variations]"
Added Component: Designator=R3(FP_0805_RES)
Add component (AddParameter): Name = "Name"; Value = ""; VariantName = "[No Variations]"
Add component (AddParameter): Name = "Power"; Value = ""; VariantName = "[No Variations]"
Add component (AddParameter): Name = "Reference"; Value = ""; VariantName = "[No Variations]"
Add component (AddParameter): Name = "Supplier"; Value = ""; VariantName = "[No Variations]"
Add component (AddParameter): Name = "Tolerance"; Value = ""; VariantName = "[No Variations]"
Add component (AddParameter): Name = "Value"; Value = "5.1K"; VariantName = "[No Variations]"
Added Component: Designator=R4(FP_0805_RES)
Add component (AddParameter): Name = "Name"; Value = ""; VariantName = "[No Variations]"
Add component (AddParameter): Name = "Power"; Value = ""; VariantName = "[No Variations]"
Add component (AddParameter): Name = "Reference"; Value = ""; VariantName = "[No Variations]"
Add component (AddParameter): Name = "Supplier"; Value = ""; VariantName = "[No Variations]"
Add component (AddParameter): Name = "Tolerance"; Value = ""; VariantName = "[No Variations]"
Add component (AddParameter): Name = "Value"; Value = "5.1K"; VariantName = "[No Variations]"
Added Component: Designator=R5(FP_0603_RES)
Add component (AddParameter): Name = "Name"; Value = ""; VariantName = "[No Variations]"
Add component (AddParameter): Name = "Power"; Value = ""; VariantName = "[No Variations]"
Add component (AddParameter): Name = "Reference"; Value = ""; VariantName = "[No Variations]"
Add component (AddParameter): Name = "Supplier"; Value = ""; VariantName = "[No Variations]"
Add component (AddParameter): Name = "Tolerance"; Value = ""; VariantName = "[No Variations]"
Add component (AddParameter): Name = "Value"; Value = "1K"; VariantName = "[No Variations]"
Added Component: Designator=R6(FP_0603_RES)
Add component (AddParameter): Name = "Name"; Value = ""; VariantName = "[No Variations]"
Add component (AddParameter): Name = "Power"; Value = ""; VariantName = "[No Variations]"
Add component (AddParameter): Name = "Reference"; Value = ""; VariantName = "[No Variations]"
Add component (AddParameter): Name = "Supplier"; Value = ""; VariantName = "[No Variations]"
Add component (AddParameter): Name = "Tolerance"; Value = ""; VariantName = "[No Variations]"
Add component (AddParameter): Name = "Value"; Value = "10K"; VariantName = "[No Variations]"
Added Component: Designator=R7(FP_0805_RES)
Add component (AddParameter): Name = "Name"; Value = ""; VariantName = "[No Variations]"
Add component (AddParameter): Name = "Power"; Value = ""; VariantName = "[No Variations]"
Add component (AddParameter): Name = "Reference"; Value = ""; VariantName = "[No Variations]"
Add component (AddParameter): Name = "Supplier"; Value = ""; VariantName = "[No Variations]"
Add component (AddParameter): Name = "Tolerance"; Value = ""; VariantName = "[No Variations]"
Add component (AddParameter): Name = "Value"; Value = "130R"; VariantName = "[No Variations]"
Added Component: Designator=R8(FP_0805_RES)
Add component (AddParameter): Name = "Name"; Value = ""; VariantName = "[No Variations]"
Add component (AddParameter): Name = "Power"; Value = ""; VariantName = "[No Variations]"
Add component (AddParameter): Name = "Reference"; Value = ""; VariantName = "[No Variations]"
Add component (AddParameter): Name = "Supplier"; Value = ""; VariantName = "[No Variations]"
Add component (AddParameter): Name = "Tolerance"; Value = ""; VariantName = "[No Variations]"
Add component (AddParameter): Name = "Value"; Value = "10K"; VariantName = "[No Variations]"
Added Component: Designator=R9(FP_0603_RES)
Add component (AddParameter): Name = "Name"; Value = ""; VariantName = "[No Variations]"
Add component (AddParameter): Name = "Power"; Value = ""; VariantName = "[No Variations]"
Add component (AddParameter): Name = "Reference"; Value = ""; VariantName = "[No Variations]"
Add component (AddParameter): Name = "Supplier"; Value = ""; VariantName = "[No Variations]"
Add component (AddParameter): Name = "Tolerance"; Value = ""; VariantName = "[No Variations]"
Add component (AddParameter): Name = "Value"; Value = "1K"; VariantName = "[No Variations]"
Added Component: Designator=R10(FP_0603_RES)
Add component (AddParameter): Name = "Name"; Value = ""; VariantName = "[No Variations]"
Add component (AddParameter): Name = "Power"; Value = ""; VariantName = "[No Variations]"
Add component (AddParameter): Name = "Reference"; Value = ""; VariantName = "[No Variations]"
Add component (AddParameter): Name = "Supplier"; Value = ""; VariantName = "[No Variations]"
Add component (AddParameter): Name = "Tolerance"; Value = ""; VariantName = "[No Variations]"
Add component (AddParameter): Name = "Value"; Value = "330R"; VariantName = "[No Variations]"
Added Component: Designator=R11(FP_0603_RES)
Add component (AddParameter): Name = "Name"; Value = ""; VariantName = "[No Variations]"
Add component (AddParameter): Name = "Power"; Value = ""; VariantName = "[No Variations]"
Add component (AddParameter): Name = "Reference"; Value = ""; VariantName = "[No Variations]"
Add component (AddParameter): Name = "Supplier"; Value = ""; VariantName = "[No Variations]"
Add component (AddParameter): Name = "Tolerance"; Value = ""; VariantName = "[No Variations]"
Add component (AddParameter): Name = "Value"; Value = "150R"; VariantName = "[No Variations]"
Added Component: Designator=SENS(FP_CONN3_TUSKE_254MM)
Add component (AddParameter): Name = "Name"; Value = ""; VariantName = "[No Variations]"
Add component (AddParameter): Name = "Reference"; Value = ""; VariantName = "[No Variations]"
Add component (AddParameter): Name = "Supplier"; Value = ""; VariantName = "[No Variations]"
Added Component: Designator=SERV(FP_CONN3_TUSKE_254MM)
Add component (AddParameter): Name = "Name"; Value = ""; VariantName = "[No Variations]"
Add component (AddParameter): Name = "Reference"; Value = ""; VariantName = "[No Variations]"
Add component (AddParameter): Name = "Supplier"; Value = ""; VariantName = "[No Variations]"
Added Component: Designator=U1(LQFP100-14x14mm)
Add component (AddParameter): Name = "Mfr_Name"; Value = "STMicroelectronics"; VariantName = "[No Variations]"
Add component (AddParameter): Name = "RefDes"; Value = "RefDes"; VariantName = "[No Variations]"
Add component (AddParameter): Name = "Type"; Value = "Type"; VariantName = "[No Variations]"
Added Component: Designator=UART_PC(FP_CONN2_TUSKE_254MM)
Add component (AddParameter): Name = "Name"; Value = ""; VariantName = "[No Variations]"
Add component (AddParameter): Name = "Reference"; Value = ""; VariantName = "[No Variations]"
Add component (AddParameter): Name = "Supplier"; Value = ""; VariantName = "[No Variations]"
Added Component: Designator=USB(USB405603A)
Add component (AddParameter): Name = "Datasheet Link"; Value = "https://www.mouser.jp/datasheet/2/837/usb4056-2448808.pdf"; VariantName = "[No Variations]"
Add component (AddParameter): Name = "Geometry.Height"; Value = "3.56mm"; VariantName = "[No Variations]"
Add component (AddParameter): Name = "Manufacturer_Name"; Value = "GCT (GLOBAL CONNECTOR TECHNOLOGY)"; VariantName = "[No Variations]"
Add component (AddParameter): Name = "Manufacturer_Part_Number"; Value = "USB4056-03-A"; VariantName = "[No Variations]"
Add component (AddParameter): Name = "Mouser Part Number"; Value = "640-USB4056-03-A"; VariantName = "[No Variations]"
Add component (AddParameter): Name = "Mouser Price/Stock"; Value = "https://www.mouser.co.uk/ProductDetail/GCT/USB4056-03-A?qs=QNEnbhJQKvbZ7hZzgFEugA%3D%3D"; VariantName = "[No Variations]"
Added Component: Designator=VREG1(TMU31211)
Add component (AddParameter): Name = "Datasheet Link"; Value = "https://tracopower.com/tmu3-datasheet/"; VariantName = "[No Variations]"
Add component (AddParameter): Name = "Geometry.Height"; Value = "10.7mm"; VariantName = "[No Variations]"
Add component (AddParameter): Name = "Manufacturer_Name"; Value = "Traco Power"; VariantName = "[No Variations]"
Add component (AddParameter): Name = "Manufacturer_Part_Number"; Value = "TMU 3-1211"; VariantName = "[No Variations]"
Add component (AddParameter): Name = "Mouser Part Number"; Value = "495-TMU3-1211"; VariantName = "[No Variations]"
Add component (AddParameter): Name = "Mouser Price/Stock"; Value = "https://www.mouser.co.uk/ProductDetail/TRACO-Power/TMU-3-1211?qs=By6Nw2ByBD3GesUHA2ql3Q%3D%3D"; VariantName = "[No Variations]"
Added Pin To Net: NetName=NetBATT1_1 Pin=BATT1-1
Added Pin To Net: NetName=BGND Pin=BATT1-2
Added Pin To Net: NetName=3.3V Pin=BH1-+
Added Pin To Net: NetName=GND Pin=BH1--
Added Pin To Net: NetName=3.3V Pin=BOOT0-1
Added Pin To Net: NetName=NetBOOT0_2 Pin=BOOT0-2
Added Pin To Net: NetName=GND Pin=BOOT0-3
Added Pin To Net: NetName=GND Pin=BTN1-1
Added Pin To Net: NetName=NetBTN1_3 Pin=BTN1-3
Added Pin To Net: NetName=GND Pin=C1-1
Added Pin To Net: NetName=5V Pin=C1-2
Added Pin To Net: NetName=GND Pin=C2-1
Added Pin To Net: NetName=3.3V Pin=C2-2
Added Pin To Net: NetName=5V Pin=C3-1
Added Pin To Net: NetName=GND Pin=C3-2
Added Pin To Net: NetName=GND Pin=C4-1
Added Pin To Net: NetName=5V Pin=C4-2
Added Pin To Net: NetName=GND Pin=C5-1
Added Pin To Net: NetName=5V Pin=C5-2
Added Pin To Net: NetName=GND Pin=C6-1
Added Pin To Net: NetName=3.3V Pin=C6-2
Added Pin To Net: NetName=GND Pin=C7-1
Added Pin To Net: NetName=5V Pin=C7-2
Added Pin To Net: NetName=GND Pin=C8-1
Added Pin To Net: NetName=NetC8_2 Pin=C8-2
Added Pin To Net: NetName=3.3V Pin=C9-1
Added Pin To Net: NetName=GND Pin=C9-2
Added Pin To Net: NetName=NetC10_1 Pin=C10-1
Added Pin To Net: NetName=GND Pin=C10-2
Added Pin To Net: NetName=NetC11_1 Pin=C11-1
Added Pin To Net: NetName=GND Pin=C11-2
Added Pin To Net: NetName=NetC12_1 Pin=C12-1
Added Pin To Net: NetName=GND Pin=C12-2
Added Pin To Net: NetName=GND Pin=C13-1
Added Pin To Net: NetName=NetC13_2 Pin=C13-2
Added Pin To Net: NetName=NetC14_1 Pin=C14-1
Added Pin To Net: NetName=GND Pin=C14-2
Added Pin To Net: NetName=GND Pin=C15-1
Added Pin To Net: NetName=NetC15_2 Pin=C15-2
Added Pin To Net: NetName=NetC16_1 Pin=C16-1
Added Pin To Net: NetName=GND Pin=C16-2
Added Pin To Net: NetName=NetC17_1 Pin=C17-1
Added Pin To Net: NetName=GND Pin=C17-2
Added Pin To Net: NetName=GND Pin=C18-1
Added Pin To Net: NetName=5V Pin=C18-2
Added Pin To Net: NetName=GND Pin=C19-1
Added Pin To Net: NetName=11.1V Pin=C19-2
Added Pin To Net: NetName=GND Pin=C20-1
Added Pin To Net: NetName=NetC20_2 Pin=C20-2
Added Pin To Net: NetName=BGND Pin=C21-1
Added Pin To Net: NetName=12V Pin=C21-2
Added Pin To Net: NetName=GND Pin=C22-1
Added Pin To Net: NetName=5V Pin=C22-2
Added Pin To Net: NetName=GND Pin=C23-1
Added Pin To Net: NetName=3.3V Pin=C23-2
Added Pin To Net: NetName=VBUS Pin=D1-1
Added Pin To Net: NetName=GND Pin=D1-2
Added Pin To Net: NetName=VBUS Pin=D2-A
Added Pin To Net: NetName=5V Pin=D2-K
Added Pin To Net: NetName=UART3_PC_TX Pin=D3-1
Added Pin To Net: NetName=GND Pin=D3-2
Added Pin To Net: NetName=UART3_PC_RX Pin=D4-1
Added Pin To Net: NetName=GND Pin=D4-2
Added Pin To Net: NetName=CC1 Pin=D5-1
Added Pin To Net: NetName=GND Pin=D5-2
Added Pin To Net: NetName=CC2 Pin=D6-1
Added Pin To Net: NetName=GND Pin=D6-2
Added Pin To Net: NetName=BGND Pin=D7-A
Added Pin To Net: NetName=NetBATT1_1 Pin=D7-K
Added Pin To Net: NetName=NetD8_A Pin=D8-A
Added Pin To Net: NetName=12V Pin=D8-K
Added Pin To Net: NetName=NetD9_A Pin=D9-A
Added Pin To Net: NetName=BGND Pin=D9-K
Added Pin To Net: NetName=NetD10_A Pin=D10-A
Added Pin To Net: NetName=GND Pin=D10-K
Added Pin To Net: NetName=NetD11_A Pin=D11-A
Added Pin To Net: NetName=GND Pin=D11-K
Added Pin To Net: NetName=3.3V Pin=ESP32-1
Added Pin To Net: NetName=NetESP32_2 Pin=ESP32-2
Added Pin To Net: NetName=NetESP32_3 Pin=ESP32-3
Added Pin To Net: NetName=NetESP32_4 Pin=ESP32-4
Added Pin To Net: NetName=NetESP32_5 Pin=ESP32-5
Added Pin To Net: NetName=NetESP32_6 Pin=ESP32-6
Added Pin To Net: NetName=NetESP32_7 Pin=ESP32-7
Added Pin To Net: NetName=NetESP32_8 Pin=ESP32-8
Added Pin To Net: NetName=NetESP32_9 Pin=ESP32-9
Added Pin To Net: NetName=NetESP32_10 Pin=ESP32-10
Added Pin To Net: NetName=NetESP32_11 Pin=ESP32-11
Added Pin To Net: NetName=HSPICLK (SPI1_SCK) Pin=ESP32-12
Added Pin To Net: NetName=HSPIQ (SPI1_MISO) Pin=ESP32-13
Added Pin To Net: NetName=GND Pin=ESP32-14
Added Pin To Net: NetName=HSPID (SPI1_MOSI) Pin=ESP32-15
Added Pin To Net: NetName=NetESP32_16 Pin=ESP32-16
Added Pin To Net: NetName=NetESP32_17 Pin=ESP32-17
Added Pin To Net: NetName=NetESP32_18 Pin=ESP32-18
Added Pin To Net: NetName=5V Pin=ESP32-19
Added Pin To Net: NetName=GND Pin=ESP32-20
Added Pin To Net: NetName=NetESP32_21 Pin=ESP32-21
Added Pin To Net: NetName=NetESP32_22 Pin=ESP32-22
Added Pin To Net: NetName=NetESP32_23 Pin=ESP32-23
Added Pin To Net: NetName=NetESP32_24 Pin=ESP32-24
Added Pin To Net: NetName=NetESP32_25 Pin=ESP32-25
Added Pin To Net: NetName=GND Pin=ESP32-26
Added Pin To Net: NetName=NetESP32_27 Pin=ESP32-27
Added Pin To Net: NetName=NetESP32_28 Pin=ESP32-28
Added Pin To Net: NetName=NetESP32_29 Pin=ESP32-29
Added Pin To Net: NetName=NetESP32_30 Pin=ESP32-30
Added Pin To Net: NetName=NetESP32_31 Pin=ESP32-31
Added Pin To Net: NetName=NetESP32_32 Pin=ESP32-32
Added Pin To Net: NetName=NetESP32_33 Pin=ESP32-33
Added Pin To Net: NetName=NetESP32_34 Pin=ESP32-34
Added Pin To Net: NetName=HSPICS0 (SPI1_NSS) Pin=ESP32-35
Added Pin To Net: NetName=NetESP32_36 Pin=ESP32-36
Added Pin To Net: NetName=NetESP32_37 Pin=ESP32-37
Added Pin To Net: NetName=NetESP32_38 Pin=ESP32-38
Added Pin To Net: NetName=NetBATT1_1 Pin=FUSE1-1
Added Pin To Net: NetName=NetD8_A Pin=FUSE1-2
Added Pin To Net: NetName=11.1V Pin=GD-1
Added Pin To Net: NetName=NetGD_2 Pin=GD-2
Added Pin To Net: NetName=GND Pin=GD-3
Added Pin To Net: NetName=GND Pin=GD-4
Added Pin To Net: NetName=GND Pin=GD-5
Added Pin To Net: NetName=NetC20_2 Pin=GD-6
Added Pin To Net: NetName=NetC20_2 Pin=GD-7
Added Pin To Net: NetName=11.1V Pin=GD-8
Added Pin To Net: NetName=5V Pin=IMU-1
Added Pin To Net: NetName=3.3V Pin=IMU-2
Added Pin To Net: NetName=GND Pin=IMU-3
Added Pin To Net: NetName=NetIMU_4 Pin=IMU-4
Added Pin To Net: NetName=NetIMU_5 Pin=IMU-5
Added Pin To Net: NetName=NetIMU_6 Pin=IMU-6
Added Pin To Net: NetName=NetIMU_7 Pin=IMU-7
Added Pin To Net: NetName=NetIMU_8 Pin=IMU-8
Added Pin To Net: NetName=GND Pin=LDO1-1
Added Pin To Net: NetName=3.3V Pin=LDO1-2
Added Pin To Net: NetName=5V Pin=LDO1-3
Added Pin To Net: NetName=3.3V Pin=LDO1-4
Added Pin To Net: NetName=5V Pin=MAG-1
Added Pin To Net: NetName=GND Pin=MAG-2
Added Pin To Net: NetName=NetMAG_3 Pin=MAG-3
Added Pin To Net: NetName=NetMAG_4 Pin=MAG-4
Added Pin To Net: NetName=NetMAG_5 Pin=MAG-5
Added Pin To Net: NetName=NetPA1_1 Pin=PA1-1
Added Pin To Net: NetName=NetPA1_2 Pin=PA1-2
Added Pin To Net: NetName=NetPA1_3 Pin=PA1-3
Added Pin To Net: NetName=NetPA1_4 Pin=PA1-4
Added Pin To Net: NetName=NetPB1_1 Pin=PB1-1
Added Pin To Net: NetName=NetPB1_2 Pin=PB1-2
Added Pin To Net: NetName=NetPB1_4 Pin=PB1-4
Added Pin To Net: NetName=NetPB2_1 Pin=PB2-1
Added Pin To Net: NetName=NetPB2_2 Pin=PB2-2
Added Pin To Net: NetName=NetPB2_3 Pin=PB2-3
Added Pin To Net: NetName=NetPB2_4 Pin=PB2-4
Added Pin To Net: NetName=NetPB3_1 Pin=PB3-1
Added Pin To Net: NetName=NetPB3_2 Pin=PB3-2
Added Pin To Net: NetName=NetPB3_3 Pin=PB3-3
Added Pin To Net: NetName=NetPB3_4 Pin=PB3-4
Added Pin To Net: NetName=NetPC1_1 Pin=PC1-1
Added Pin To Net: NetName=NetPC1_2 Pin=PC1-2
Added Pin To Net: NetName=NetPC1_3 Pin=PC1-3
Added Pin To Net: NetName=NetPC1_4 Pin=PC1-4
Added Pin To Net: NetName=NetPC2_1 Pin=PC2-1
Added Pin To Net: NetName=NetPC2_2 Pin=PC2-2
Added Pin To Net: NetName=NetPC2_3 Pin=PC2-3
Added Pin To Net: NetName=NetPC2_4 Pin=PC2-4
Added Pin To Net: NetName=NetPC3_1 Pin=PC3-1
Added Pin To Net: NetName=NetPC3_2 Pin=PC3-2
Added Pin To Net: NetName=NetPC3_3 Pin=PC3-3
Added Pin To Net: NetName=NetPC3_4 Pin=PC3-4
Added Pin To Net: NetName=NetPD1_1 Pin=PD1-1
Added Pin To Net: NetName=NetPD1_2 Pin=PD1-2
Added Pin To Net: NetName=NetPD1_3 Pin=PD1-3
Added Pin To Net: NetName=NetPD1_4 Pin=PD1-4
Added Pin To Net: NetName=NetPD2_1 Pin=PD2-1
Added Pin To Net: NetName=NetPD2_2 Pin=PD2-2
Added Pin To Net: NetName=NetPD2_3 Pin=PD2-3
Added Pin To Net: NetName=NetPD2_4 Pin=PD2-4
Added Pin To Net: NetName=NetPD3_1 Pin=PD3-1
Added Pin To Net: NetName=NetPD3_2 Pin=PD3-2
Added Pin To Net: NetName=NetPD3_3 Pin=PD3-3
Added Pin To Net: NetName=NetPD3_4 Pin=PD3-4
Added Pin To Net: NetName=5V Pin=PDIS-1
Added Pin To Net: NetName=NetPDIS_2 Pin=PDIS-2
Added Pin To Net: NetName=NetPDIS_3 Pin=PDIS-3
Added Pin To Net: NetName=GND Pin=PDIS-4
Added Pin To Net: NetName=NetPE1_1 Pin=PE1-1
Added Pin To Net: NetName=NetPE1_2 Pin=PE1-2
Added Pin To Net: NetName=NetPE1_3 Pin=PE1-3
Added Pin To Net: NetName=NetPE1_4 Pin=PE1-4
Added Pin To Net: NetName=NetPE2_1 Pin=PE2-1
Added Pin To Net: NetName=GND Pin=PE2-2
Added Pin To Net: NetName=NetPE3_1 Pin=PE3-1
Added Pin To Net: NetName=NetPE3_2 Pin=PE3-2
Added Pin To Net: NetName=NetPE3_3 Pin=PE3-3
Added Pin To Net: NetName=NetPE3_4 Pin=PE3-4
Added Pin To Net: NetName=NetESP32_2 Pin=PESP1-1
Added Pin To Net: NetName=NetESP32_33 Pin=PESP1-2
Added Pin To Net: NetName=NetESP32_23 Pin=PESP1-3
Added Pin To Net: NetName=NetESP32_34 Pin=PESP1-4
Added Pin To Net: NetName=NetESP32_24 Pin=PESP2-1
Added Pin To Net: NetName=NetESP32_32 Pin=PESP2-2
Added Pin To Net: NetName=NetESP32_29 Pin=PESP2-3
Added Pin To Net: NetName=NetESP32_38 Pin=PESP2-4
Added Pin To Net: NetName=NetESP32_37 Pin=PESP3-1
Added Pin To Net: NetName=NetESP32_36 Pin=PESP3-2
Added Pin To Net: NetName=NetESP32_16 Pin=PESP3-3
Added Pin To Net: NetName=NetESP32_17 Pin=PESP3-4
Added Pin To Net: NetName=NetESP32_18 Pin=PESP4-1
Added Pin To Net: NetName=NetESP32_31 Pin=PESP4-2
Added Pin To Net: NetName=NetESP32_30 Pin=PESP4-3
Added Pin To Net: NetName=NetESP32_28 Pin=PESP4-4
Added Pin To Net: NetName=NetESP32_27 Pin=PESP5-1
Added Pin To Net: NetName=NetESP32_25 Pin=PESP5-2
Added Pin To Net: NetName=NetESP32_22 Pin=PESP5-3
Added Pin To Net: NetName=NetESP32_21 Pin=PESP5-4
Added Pin To Net: NetName=NetESP32_9 Pin=PESP6-1
Added Pin To Net: NetName=NetESP32_10 Pin=PESP6-2
Added Pin To Net: NetName=NetESP32_11 Pin=PESP6-3
Added Pin To Net: NetName=NetESP32_7 Pin=PESP6-4
Added Pin To Net: NetName=NetESP32_8 Pin=PESP7-1
Added Pin To Net: NetName=NetESP32_5 Pin=PESP7-2
Added Pin To Net: NetName=NetESP32_6 Pin=PESP7-3
Added Pin To Net: NetName=NetESP32_3 Pin=PESP7-4
Added Pin To Net: NetName=NetESP32_4 Pin=PESP8-1
Added Pin To Net: NetName=GND Pin=PESP8-2
Added Pin To Net: NetName=NetPGPS_1 Pin=PGPS-1
Added Pin To Net: NetName=NetPGPS_2 Pin=PGPS-2
Added Pin To Net: NetName=NetPGPS_3 Pin=PGPS-3
Added Pin To Net: NetName=GND Pin=PGPS-4
Added Pin To Net: NetName=5V Pin=PGPS-5
Added Pin To Net: NetName=NetPH1_1 Pin=PH1-1
Added Pin To Net: NetName=NetPH1_2 Pin=PH1-2
Added Pin To Net: NetName=NetPH1_3 Pin=PH1-3
Added Pin To Net: NetName=NetPH1_4 Pin=PH1-4
Added Pin To Net: NetName=NetPM1_1 Pin=PM1-1
Added Pin To Net: NetName=NetC8_2 Pin=PRST1-1
Added Pin To Net: NetName=NetPRST1_2 Pin=PRST1-2
Added Pin To Net: NetName=NRST Pin=PRST1-3
Added Pin To Net: NetName=NetC8_2 Pin=R1-1
Added Pin To Net: NetName=NetBTN1_3 Pin=R1-2
Added Pin To Net: NetName=NetBTN1_3 Pin=R2-1
Added Pin To Net: NetName=3.3V Pin=R2-2
Added Pin To Net: NetName=GND Pin=R3-1
Added Pin To Net: NetName=CC1 Pin=R3-2
Added Pin To Net: NetName=GND Pin=R4-1
Added Pin To Net: NetName=CC2 Pin=R4-2
Added Pin To Net: NetName=NetR5_1 Pin=R5-1
Added Pin To Net: NetName=NetGD_2 Pin=R5-2
Added Pin To Net: NetName=NetBOOT0_2 Pin=R6-1
Added Pin To Net: NetName=NetR6_2 Pin=R6-2
Added Pin To Net: NetName=NetC20_2 Pin=R7-1
Added Pin To Net: NetName=NetPM1_1 Pin=R7-2
Added Pin To Net: NetName=GND Pin=R8-1
Added Pin To Net: NetName=NetPM1_1 Pin=R8-2
Added Pin To Net: NetName=NetD9_A Pin=R9-1
Added Pin To Net: NetName=12V Pin=R9-2
Added Pin To Net: NetName=NetD10_A Pin=R10-1
Added Pin To Net: NetName=5V Pin=R10-2
Added Pin To Net: NetName=NetD11_A Pin=R11-1
Added Pin To Net: NetName=3.3V Pin=R11-2
Added Pin To Net: NetName=GND Pin=SENS-1
Added Pin To Net: NetName=5V Pin=SENS-2
Added Pin To Net: NetName=NetSENS_3 Pin=SENS-3
Added Pin To Net: NetName=GND Pin=SERV-1
Added Pin To Net: NetName=5V Pin=SERV-2
Added Pin To Net: NetName=NetSERV_3 Pin=SERV-3
Added Pin To Net: NetName=NetPE1_3 Pin=U1-1
Added Pin To Net: NetName=NetPE1_4 Pin=U1-2
Added Pin To Net: NetName=NetPE2_1 Pin=U1-3
Added Pin To Net: NetName=NetPE3_1 Pin=U1-4
Added Pin To Net: NetName=NetPE3_2 Pin=U1-5
Added Pin To Net: NetName=3.3V Pin=U1-6
Added Pin To Net: NetName=NetPC3_3 Pin=U1-7
Added Pin To Net: NetName=NetPC3_4 Pin=U1-8
Added Pin To Net: NetName=NetPD1_1 Pin=U1-9
Added Pin To Net: NetName=GND Pin=U1-10
Added Pin To Net: NetName=3.3V Pin=U1-11
Added Pin To Net: NetName=NetPH1_3 Pin=U1-12
Added Pin To Net: NetName=NetPH1_4 Pin=U1-13
Added Pin To Net: NetName=NetPRST1_2 Pin=U1-14
Added Pin To Net: NetName=NetPC1_1 Pin=U1-15
Added Pin To Net: NetName=NetPC1_2 Pin=U1-16
Added Pin To Net: NetName=NetPC1_3 Pin=U1-17
Added Pin To Net: NetName=NetPC1_4 Pin=U1-18
Added Pin To Net: NetName=GND Pin=U1-19
Added Pin To Net: NetName=NetC17_1 Pin=U1-20
Added Pin To Net: NetName=NetC16_1 Pin=U1-21
Added Pin To Net: NetName=NetPGPS_3 Pin=U1-22
Added Pin To Net: NetName=NetPGPS_2 Pin=U1-23
Added Pin To Net: NetName=NetPGPS_1 Pin=U1-24
Added Pin To Net: NetName=NetPA1_1 Pin=U1-25
Added Pin To Net: NetName=GND Pin=U1-26
Added Pin To Net: NetName=NetC10_1 Pin=U1-27
Added Pin To Net: NetName=HSPICS0 (SPI1_NSS) Pin=U1-28
Added Pin To Net: NetName=HSPICLK (SPI1_SCK) Pin=U1-29
Added Pin To Net: NetName=HSPIQ (SPI1_MISO) Pin=U1-30
Added Pin To Net: NetName=HSPID (SPI1_MOSI) Pin=U1-31
Added Pin To Net: NetName=NetPC2_1 Pin=U1-32
Added Pin To Net: NetName=NetPC2_2 Pin=U1-33
Added Pin To Net: NetName=NetPB1_4 Pin=U1-34
Added Pin To Net: NetName=NetPB2_1 Pin=U1-35
Added Pin To Net: NetName=NetPB2_2 Pin=U1-36
Added Pin To Net: NetName=NetPE3_3 Pin=U1-37
Added Pin To Net: NetName=NetPE3_4 Pin=U1-38
Added Pin To Net: NetName=NetESC1_3 Pin=U1-39
Added Pin To Net: NetName=NetPH1_1 Pin=U1-40
Added Pin To Net: NetName=NetESC2_3 Pin=U1-41
Added Pin To Net: NetName=NetPH1_2 Pin=U1-42
Added Pin To Net: NetName=NetESC3_3 Pin=U1-43
Added Pin To Net: NetName=NetESC4_3 Pin=U1-44
Added Pin To Net: NetName=NetR5_1 Pin=U1-45
Added Pin To Net: NetName=NetPB3_2 Pin=U1-46
Added Pin To Net: NetName=NetPB3_3 Pin=U1-47
Added Pin To Net: NetName=NetC13_2 Pin=U1-48
Added Pin To Net: NetName=GND Pin=U1-49
Added Pin To Net: NetName=NetC11_1 Pin=U1-50
Added Pin To Net: NetName=NetPB3_4 Pin=U1-51
Added Pin To Net: NetName=NetIMU_4 Pin=U1-52
Added Pin To Net: NetName=NetIMU_6 Pin=U1-53
Added Pin To Net: NetName=NetIMU_5 Pin=U1-54
Added Pin To Net: NetName=NetIMU_7 Pin=U1-55
Added Pin To Net: NetName=NetIMU_8 Pin=U1-56
Added Pin To Net: NetName=NetPD2_4 Pin=U1-57
Added Pin To Net: NetName=NetPD3_1 Pin=U1-58
Added Pin To Net: NetName=NetPD3_2 Pin=U1-59
Added Pin To Net: NetName=NetPD3_3 Pin=U1-60
Added Pin To Net: NetName=NetPD3_4 Pin=U1-61
Added Pin To Net: NetName=NetPDIS_2 Pin=U1-62
Added Pin To Net: NetName=NetPDIS_3 Pin=U1-63
Added Pin To Net: NetName=NetPC2_3 Pin=U1-64
Added Pin To Net: NetName=NetPC2_4 Pin=U1-65
Added Pin To Net: NetName=NetPC3_1 Pin=U1-66
Added Pin To Net: NetName=NetPA1_2 Pin=U1-67
Added Pin To Net: NetName=NetPA1_3 Pin=U1-68
Added Pin To Net: NetName=NetPA1_4 Pin=U1-70
Added Pin To Net: NetName=NetPB1_1 Pin=U1-71
Added Pin To Net: NetName=SWDIO Pin=U1-72
Added Pin To Net: NetName=NetC15_2 Pin=U1-73
Added Pin To Net: NetName=GND Pin=U1-74
Added Pin To Net: NetName=NetC12_1 Pin=U1-75
Added Pin To Net: NetName=SWCLK Pin=U1-76
Added Pin To Net: NetName=NetPB1_2 Pin=U1-77
Added Pin To Net: NetName=UART3_PC_TX Pin=U1-78
Added Pin To Net: NetName=UART3_PC_RX Pin=U1-79
Added Pin To Net: NetName=NetPC3_2 Pin=U1-80
Added Pin To Net: NetName=NetPD1_2 Pin=U1-81
Added Pin To Net: NetName=NetPD1_3 Pin=U1-82
Added Pin To Net: NetName=NetPD1_4 Pin=U1-83
Added Pin To Net: NetName=NetPD2_1 Pin=U1-84
Added Pin To Net: NetName=NetPD2_2 Pin=U1-85
Added Pin To Net: NetName=NetSENS_3 Pin=U1-86
Added Pin To Net: NetName=NetSERV_3 Pin=U1-87
Added Pin To Net: NetName=NetPD2_3 Pin=U1-88
Added Pin To Net: NetName=SWO Pin=U1-89
Added Pin To Net: NetName=NetPB2_3 Pin=U1-90
Added Pin To Net: NetName=NetPB2_4 Pin=U1-91
Added Pin To Net: NetName=NetMAG_3 Pin=U1-92
Added Pin To Net: NetName=NetMAG_4 Pin=U1-93
Added Pin To Net: NetName=NetR6_2 Pin=U1-94
Added Pin To Net: NetName=NetMAG_5 Pin=U1-95
Added Pin To Net: NetName=NetPB3_1 Pin=U1-96
Added Pin To Net: NetName=NetPE1_1 Pin=U1-97
Added Pin To Net: NetName=NetPE1_2 Pin=U1-98
Added Pin To Net: NetName=GND Pin=U1-99
Added Pin To Net: NetName=NetC14_1 Pin=U1-100
Added Pin To Net: NetName=UART3_PC_TX Pin=UART_PC-1
Added Pin To Net: NetName=UART3_PC_RX Pin=UART_PC-2
Added Pin To Net: NetName=GND Pin=USB-A1
Added Pin To Net: NetName=SWDIO Pin=USB-A2
Added Pin To Net: NetName=SWCLK Pin=USB-A3
Added Pin To Net: NetName=VBUS Pin=USB-A4
Added Pin To Net: NetName=CC1 Pin=USB-A5
Added Pin To Net: NetName=UART3_PC_TX Pin=USB-A6
Added Pin To Net: NetName=UART3_PC_RX Pin=USB-A7
Added Pin To Net: NetName=VBUS Pin=USB-A9
Added Pin To Net: NetName=NRST Pin=USB-A10
Added Pin To Net: NetName=SWO Pin=USB-A11
Added Pin To Net: NetName=GND Pin=USB-A12
Added Pin To Net: NetName=GND Pin=USB-B1
Added Pin To Net: NetName=SWDIO Pin=USB-B2
Added Pin To Net: NetName=SWCLK Pin=USB-B3
Added Pin To Net: NetName=VBUS Pin=USB-B4
Added Pin To Net: NetName=CC2 Pin=USB-B5
Added Pin To Net: NetName=UART3_PC_TX Pin=USB-B6
Added Pin To Net: NetName=UART3_PC_RX Pin=USB-B7
Added Pin To Net: NetName=VBUS Pin=USB-B9
Added Pin To Net: NetName=NRST Pin=USB-B10
Added Pin To Net: NetName=SWO Pin=USB-B11
Added Pin To Net: NetName=GND Pin=USB-B12
Added Pin To Net: NetName=GND Pin=USB-MH1
Added Pin To Net: NetName=GND Pin=USB-MH2
Added Pin To Net: NetName=GND Pin=USB-MH3
Added Pin To Net: NetName=GND Pin=USB-MH4
Added Pin To Net: NetName=BGND Pin=VREG1-1
Added Pin To Net: NetName=12V Pin=VREG1-2
Added Pin To Net: NetName=GND Pin=VREG1-3
Added Pin To Net: NetName=5V Pin=VREG1-4
Added Member To Class: ClassName=PowerSupply Member=Component BATT1 Connector
Added Member To Class: ClassName=STM_ESP Member=Component BH1 Battery Holder
Added Member To Class: ClassName=Connectors Member=Component BOOT0 Connector
Added Member To Class: ClassName=STM_ESP Member=Component BTN1 Button
Added Member To Class: ClassName=Sensors Member=Component C1 100nF
Added Member To Class: ClassName=Sensors Member=Component C2 100nF
Added Member To Class: ClassName=Sensors Member=Component C3 100nF
Added Member To Class: ClassName=Sensors Member=Component C4 100nF
Added Member To Class: ClassName=Sensors Member=Component C5 100nF
Added Member To Class: ClassName=STM_ESP Member=Component C6 100nF
Added Member To Class: ClassName=STM_ESP Member=Component C7 100nF
Added Member To Class: ClassName=STM_ESP Member=Component C8 2.2uF
Added Member To Class: ClassName=STM_ESP Member=Component C9 100nF
Added Member To Class: ClassName=STM_ESP Member=Component C10 100nF
Added Member To Class: ClassName=STM_ESP Member=Component C11 100nF
Added Member To Class: ClassName=STM_ESP Member=Component C12 100nF
Added Member To Class: ClassName=STM_ESP Member=Component C13 2.2uF
Added Member To Class: ClassName=STM_ESP Member=Component C14 100nF
Added Member To Class: ClassName=STM_ESP Member=Component C15 2.2uF
Added Member To Class: ClassName=STM_ESP Member=Component C16 100nF
Added Member To Class: ClassName=STM_ESP Member=Component C17 100nF
Added Member To Class: ClassName=Connectors Member=Component C18 100nF
Added Member To Class: ClassName=Connectors Member=Component C19 4.7µF
Added Member To Class: ClassName=Connectors Member=Component C20 1nF
Added Member To Class: ClassName=PowerSupply Member=Component C21 100nF
Added Member To Class: ClassName=PowerSupply Member=Component C22 1uF
Added Member To Class: ClassName=PowerSupply Member=Component C23 1uF
Added Member To Class: ClassName=Connectors Member=Component D1 TVS
Added Member To Class: ClassName=Connectors Member=Component D2 SCHOTTKY
Added Member To Class: ClassName=Connectors Member=Component D3 TVS
Added Member To Class: ClassName=Connectors Member=Component D4 TVS
Added Member To Class: ClassName=Connectors Member=Component D5 TVS
Added Member To Class: ClassName=Connectors Member=Component D6 TVS
Added Member To Class: ClassName=PowerSupply Member=Component D7 TVS
Added Member To Class: ClassName=PowerSupply Member=Component D8 SCHOTTKY
Added Member To Class: ClassName=PowerSupply Member=Component D9 BLUE LED
Added Member To Class: ClassName=PowerSupply Member=Component D10 GREEN LED
Added Member To Class: ClassName=PowerSupply Member=Component D11 RED LED
Added Member To Class: ClassName=STM_ESP Member=Component ESP32 NodeMCU ESP-32S
Added Member To Class: ClassName=PowerSupply Member=Component FUSE1 Fuse
Added Member To Class: ClassName=Connectors Member=Component GD TC4431VPA
Added Member To Class: ClassName=Sensors Member=Component IMU IMU + Barométer
Added Member To Class: ClassName=PowerSupply Member=Component LDO1 TLV1117LV33DCYR
Added Member To Class: ClassName=Sensors Member=Component MAG Iránytû, magnetométer
Added Member To Class: ClassName=Connectors Member=Component PA1 Connector
Added Member To Class: ClassName=Connectors Member=Component PB1 Connector
Added Member To Class: ClassName=Connectors Member=Component PB2 Connector
Added Member To Class: ClassName=Connectors Member=Component PB3 Connector
Added Member To Class: ClassName=Connectors Member=Component PC1 Connector
Added Member To Class: ClassName=Connectors Member=Component PC2 Connector
Added Member To Class: ClassName=Connectors Member=Component PC3 Connector
Added Member To Class: ClassName=Connectors Member=Component PD1 Connector
Added Member To Class: ClassName=Connectors Member=Component PD2 Connector
Added Member To Class: ClassName=Connectors Member=Component PD3 Connector
Added Member To Class: ClassName=Sensors Member=Component PDIS Connector
Added Member To Class: ClassName=Connectors Member=Component PE1 Connector
Added Member To Class: ClassName=Connectors Member=Component PE2 Connector
Added Member To Class: ClassName=Connectors Member=Component PE3 Connector
Added Member To Class: ClassName=Connectors Member=Component PESP1 Connector
Added Member To Class: ClassName=Connectors Member=Component PESP2 Connector
Added Member To Class: ClassName=Connectors Member=Component PESP3 Connector
Added Member To Class: ClassName=Connectors Member=Component PESP4 Connector
Added Member To Class: ClassName=Connectors Member=Component PESP5 Connector
Added Member To Class: ClassName=Connectors Member=Component PESP6 Connector
Added Member To Class: ClassName=Connectors Member=Component PESP7 Connector
Added Member To Class: ClassName=Connectors Member=Component PESP8 Connector
Added Member To Class: ClassName=Sensors Member=Component PGPS Connector
Added Member To Class: ClassName=Connectors Member=Component PH1 Connector
Added Member To Class: ClassName=Connectors Member=Component PM1 IXTP120P065T
Added Member To Class: ClassName=STM_ESP Member=Component PRST1 Connector
Added Member To Class: ClassName=STM_ESP Member=Component R1 4K70
Added Member To Class: ClassName=STM_ESP Member=Component R2 10K
Added Member To Class: ClassName=Connectors Member=Component R3 5.1K
Added Member To Class: ClassName=Connectors Member=Component R4 5.1K
Added Member To Class: ClassName=Connectors Member=Component R5 1K
Added Member To Class: ClassName=Connectors Member=Component R6 10K
Added Member To Class: ClassName=Connectors Member=Component R7 130R
Added Member To Class: ClassName=Connectors Member=Component R8 10K
Added Member To Class: ClassName=PowerSupply Member=Component R9 1K
Added Member To Class: ClassName=PowerSupply Member=Component R10 330R
Added Member To Class: ClassName=PowerSupply Member=Component R11 150R
Added Member To Class: ClassName=Connectors Member=Component SENS Connector
Added Member To Class: ClassName=Connectors Member=Component SERV Connector
Added Member To Class: ClassName=STM_ESP Member=Component U1 STM32F722VET6
Added Member To Class: ClassName=Connectors Member=Component UART_PC Connector
Added Member To Class: ClassName=Connectors Member=Component USB USB4056-03-A
Added Member To Class: ClassName=PowerSupply Member=Component VREG1 TMU_3-1211
