Change Component Designator: Old Designator=C1 New Designator=C?
Change Component Designator: Old Designator=C2 New Designator=C?
Change Component Designator: Old Designator=C3 New Designator=C?
Change Component Designator: Old Designator=C4 New Designator=C?
Change Component Designator: Old Designator=C5 New Designator=C?
Change Component Designator: Old Designator=C6 New Designator=C?
Change Component Designator: Old Designator=C7 New Designator=C?
Change Component Designator: Old Designator=C8 New Designator=C?
Change Component Designator: Old Designator=C9 New Designator=C?
Change Component Designator: Old Designator=ESC1 New Designator=ESC?
Change Component Designator: Old Designator=ESC2 New Designator=ESC?
Change Component Designator: Old Designator=ESC3 New Designator=ESC?
Change Component Designator: Old Designator=ESC4 New Designator=ESC?
Change Component Designator: Old Designator=IMU1 New Designator=IMU?
Change Component Designator: Old Designator=MAG1 New Designator=MAG?
Change Component Designator: Old Designator=P1 New Designator=P?
Change Component Designator: Old Designator=P2 New Designator=P?
Change Component Designator: Old Designator=Q1 New Designator=Q?
Change Component Designator: Old Designator=R1 New Designator=R?
Change Component Designator: Old Designator=R2 New Designator=R?
Change Component Designator: Old Designator=SENS1 New Designator=SENS?
Change Component Designator: Old Designator=SERV1 New Designator=SERV?
