Change Component Designator: Old Designator=C5 New Designator=C?
Change Component Designator: Old Designator=C6 New Designator=C?
Change Component Designator: Old Designator=C7 New Designator=C?
Change Component Designator: Old Designator=C8 New Designator=C?
Change Component Designator: Old Designator=C9 New Designator=C?
Change Component Designator: Old Designator=C10 New Designator=C?
Change Component Designator: Old Designator=C11 New Designator=C?
Change Component Designator: Old Designator=C12 New Designator=C?
Change Component Designator: Old Designator=C13 New Designator=C?
Change Component Designator: Old Designator=DIS1 New Designator=DIS?
Change Component Designator: Old Designator=ESC1 New Designator=ESC?
Change Component Designator: Old Designator=ESC2 New Designator=ESC?
Change Component Designator: Old Designator=ESC3 New Designator=ESC?
Change Component Designator: Old Designator=ESC4 New Designator=ESC?
Change Component Designator: Old Designator=GPS1 New Designator=GPS?
Change Component Designator: Old Designator=IMU1 New Designator=IMU?
Change Component Designator: Old Designator=MAG1 New Designator=MAG?
Change Component Designator: Old Designator=Q1 New Designator=Q?
Change Component Designator: Old Designator=R4 New Designator=R?
Change Component Designator: Old Designator=R5 New Designator=R?
Change Component Designator: Old Designator=SENS New Designator=SENS?
Change Component Designator: Old Designator=SERV New Designator=SERV?
