Change Component Designator: Old Designator=C? New Designator=C6
Change Component Designator: Old Designator=C? New Designator=C7
Change Component Designator: Old Designator=C? New Designator=C8
Change Component Designator: Old Designator=C? New Designator=C9
Change Component Designator: Old Designator=C? New Designator=C10
Change Component Designator: Old Designator=C? New Designator=C11
Change Component Designator: Old Designator=C? New Designator=C12
Change Component Designator: Old Designator=C? New Designator=C13
Change Component Designator: Old Designator=C? New Designator=C14
Change Component Designator: Old Designator=DIS? New Designator=DIS1
Change Component Designator: Old Designator=ESC? New Designator=ESC1
Change Component Designator: Old Designator=ESC? New Designator=ESC2
Change Component Designator: Old Designator=ESC? New Designator=ESC3
Change Component Designator: Old Designator=ESC? New Designator=ESC4
Change Component Designator: Old Designator=GPS? New Designator=GPS1
Change Component Designator: Old Designator=IMU? New Designator=IMU1
Change Component Designator: Old Designator=MAG? New Designator=MAG1
Change Component Designator: Old Designator=Q? New Designator=Q1
Change Component Designator: Old Designator=R? New Designator=R4
Change Component Designator: Old Designator=R? New Designator=R5
Change Component Designator: Old Designator=SENS? New Designator=SENS1
Change Component Designator: Old Designator=SERV? New Designator=SERV1
