Change Component Designator: Old Designator=B1 New Designator=B?
Change Component Designator: Old Designator=Battery New Designator=Battery?
Change Component Designator: Old Designator=BH1 New Designator=BH?
Change Component Designator: Old Designator=C1 New Designator=C?
Change Component Designator: Old Designator=C2 New Designator=C?
Change Component Designator: Old Designator=C3 New Designator=C?
Change Component Designator: Old Designator=C4 New Designator=C?
Change Component Designator: Old Designator=C14 New Designator=C?
Change Component Designator: Old Designator=D2 New Designator=D?
Change Component Designator: Old Designator=ESP1 New Designator=ESP?
Change Component Designator: Old Designator=F1 New Designator=F?
Change Component Designator: Old Designator=LDO1 New Designator=LDO?
Change Component Designator: Old Designator=LDO2 New Designator=LDO?
Change Component Designator: Old Designator=R1 New Designator=R?
Change Component Designator: Old Designator=R2 New Designator=R?
Change Component Designator: Old Designator=R3 New Designator=R?
Change Component Designator: Old Designator=TVS1 New Designator=TVS?
Change Component Designator: Old Designator=U1 New Designator=U?
Change Component Designator: Old Designator=U1 New Designator=U?
Change Component Designator: Old Designator=U1 New Designator=U?
